<?xml version="1.0" encoding="UTF-8"?>
<coverage generated="1690996747923" clover="3.2.0">
  <project timestamp="1690996747923" name="All files">
    <metrics statements="1805" coveredstatements="757" conditionals="988" coveredconditionals="181" methods="565" coveredmethods="106" elements="3358" coveredelements="1044" complexity="0" loc="1805" ncloc="1805" packages="21" files="205" classes="205"/>
    <package name="gatsby-theme-newrelic">
      <metrics statements="0" coveredstatements="0" conditionals="0" coveredconditionals="0" methods="0" coveredmethods="0"/>
      <file name="index.js" path="/Users/clang/Sites/gatsby-theme-newrelic/packages/gatsby-theme-newrelic/index.js">
        <metrics statements="0" coveredstatements="0" conditionals="0" coveredconditionals="0" methods="0" coveredmethods="0"/>
      </file>
    </package>
    <package name="gatsby-theme-newrelic.src.components">
      <metrics statements="738" coveredstatements="335" conditionals="446" coveredconditionals="81" methods="217" coveredmethods="40"/>
      <file name="AnimatedCard.js" path="/Users/clang/Sites/gatsby-theme-newrelic/packages/gatsby-theme-newrelic/src/components/AnimatedCard.js">
        <metrics statements="16" coveredstatements="11" conditionals="2" coveredconditionals="0" methods="4" coveredmethods="0"/>
        <line num="6" count="1" type="stmt"/>
        <line num="7" count="0" type="stmt"/>
        <line num="36" count="1" type="stmt"/>
        <line num="37" count="0" type="stmt"/>
        <line num="53" count="1" type="stmt"/>
        <line num="54" count="0" type="stmt"/>
        <line num="71" count="1" type="stmt"/>
        <line num="72" count="0" type="stmt"/>
        <line num="73" count="0" type="stmt"/>
        <line num="113" count="1" type="stmt"/>
        <line num="114" count="1" type="stmt"/>
        <line num="115" count="1" type="stmt"/>
        <line num="117" count="1" type="stmt"/>
        <line num="122" count="1" type="stmt"/>
        <line num="126" count="1" type="stmt"/>
        <line num="130" count="1" type="stmt"/>
      </file>
      <file name="AnnouncementBanner.js" path="/Users/clang/Sites/gatsby-theme-newrelic/packages/gatsby-theme-newrelic/src/components/AnnouncementBanner.js">
        <metrics statements="21" coveredstatements="5" conditionals="12" coveredconditionals="0" methods="6" coveredmethods="0"/>
        <line num="12" count="1" type="stmt"/>
        <line num="16" count="1" type="stmt"/>
        <line num="17" count="0" type="stmt"/>
        <line num="19" count="0" type="stmt"/>
        <line num="21" count="0" type="cond" truecount="0" falsecount="2"/>
        <line num="26" count="1" type="stmt"/>
        <line num="29" count="0" type="cond" truecount="0" falsecount="2"/>
        <line num="31" count="0" type="stmt"/>
        <line num="40" count="1" type="stmt"/>
        <line num="44" count="1" type="stmt"/>
        <line num="45" count="0" type="stmt"/>
        <line num="63" count="0" type="stmt"/>
        <line num="64" count="0" type="cond" truecount="0" falsecount="2"/>
        <line num="67" count="0" type="stmt"/>
        <line num="69" count="0" type="stmt"/>
        <line num="73" count="0" type="stmt"/>
        <line num="75" count="0" type="cond" truecount="0" falsecount="2"/>
        <line num="76" count="0" type="stmt"/>
        <line num="79" count="0" type="cond" truecount="0" falsecount="4"/>
        <line num="84" count="0" type="stmt"/>
        <line num="85" count="0" type="stmt"/>
      </file>
      <file name="Banner.js" path="/Users/clang/Sites/gatsby-theme-newrelic/packages/gatsby-theme-newrelic/src/components/Banner.js">
        <metrics statements="4" coveredstatements="2" conditionals="2" coveredconditionals="0" methods="1" coveredmethods="0"/>
        <line num="8" count="1" type="stmt"/>
        <line num="9" count="0" type="stmt"/>
        <line num="11" count="0" type="cond" truecount="0" falsecount="2"/>
        <line num="74" count="1" type="stmt"/>
      </file>
      <file name="Button.js" path="/Users/clang/Sites/gatsby-theme-newrelic/packages/gatsby-theme-newrelic/src/components/Button.js">
        <metrics statements="10" coveredstatements="10" conditionals="2" coveredconditionals="1" methods="3" coveredmethods="3"/>
        <line num="5" count="1" type="stmt"/>
        <line num="13" count="1" type="stmt"/>
        <line num="18" count="1" type="stmt"/>
        <line num="72" count="1" type="stmt"/>
        <line num="90" count="14" type="stmt"/>
        <line num="91" count="14" type="stmt"/>
        <line num="92" count="14" type="cond" truecount="1" falsecount="1"/>
        <line num="95" count="1" type="stmt"/>
        <line num="96" count="1" type="stmt"/>
        <line num="98" count="1" type="stmt"/>
      </file>
      <file name="Callout.js" path="/Users/clang/Sites/gatsby-theme-newrelic/packages/gatsby-theme-newrelic/src/components/Callout.js">
        <metrics statements="7" coveredstatements="5" conditionals="4" coveredconditionals="0" methods="1" coveredmethods="0"/>
        <line num="6" count="1" type="stmt"/>
        <line num="13" count="1" type="stmt"/>
        <line num="46" count="1" type="stmt"/>
        <line num="47" count="0" type="stmt"/>
        <line num="49" count="0" type="stmt"/>
        <line num="83" count="1" type="stmt"/>
        <line num="85" count="1" type="stmt"/>
      </file>
      <file name="CodeBlock.js" path="/Users/clang/Sites/gatsby-theme-newrelic/packages/gatsby-theme-newrelic/src/components/CodeBlock.js">
        <metrics statements="33" coveredstatements="25" conditionals="39" coveredconditionals="21" methods="8" coveredmethods="5"/>
        <line num="18" count="1" type="stmt"/>
        <line num="28" count="1" type="stmt"/>
        <line num="32" count="1" type="stmt"/>
        <line num="33" count="14" type="stmt"/>
        <line num="39" count="1" type="stmt"/>
        <line num="40" count="7" type="cond" truecount="1" falsecount="2"/>
        <line num="42" count="0" type="stmt"/>
        <line num="44" count="7" type="stmt"/>
        <line num="46" count="0" type="stmt"/>
        <line num="50" count="1" type="stmt"/>
        <line num="67" count="14" type="stmt"/>
        <line num="69" count="14" type="cond" truecount="1" falsecount="1"/>
        <line num="70" count="0" type="stmt"/>
        <line num="73" count="14" type="stmt"/>
        <line num="74" count="14" type="stmt"/>
        <line num="75" count="14" type="stmt"/>
        <line num="76" count="14" type="stmt"/>
        <line num="77" count="14" type="stmt"/>
        <line num="85" count="14" type="stmt"/>
        <line num="86" count="14" type="stmt"/>
        <line num="91" count="14" type="stmt"/>
        <line num="92" count="0" type="cond" truecount="0" falsecount="2"/>
        <line num="100" count="14" type="stmt"/>
        <line num="102" count="0" type="stmt"/>
        <line num="103" count="0" type="stmt"/>
        <line num="104" count="0" type="stmt"/>
        <line num="113" count="14" type="stmt"/>
        <line num="114" count="7" type="stmt"/>
        <line num="117" count="14" type="stmt"/>
        <line num="238" count="0" type="stmt"/>
        <line num="321" count="1" type="stmt"/>
        <line num="341" count="1" type="stmt"/>
        <line num="348" count="14" type="stmt"/>
      </file>
      <file name="CodeEditor.js" path="/Users/clang/Sites/gatsby-theme-newrelic/packages/gatsby-theme-newrelic/src/components/CodeEditor.js">
        <metrics statements="7" coveredstatements="2" conditionals="2" coveredconditionals="0" methods="3" coveredmethods="0"/>
        <line num="7" count="1" type="stmt"/>
        <line num="8" count="0" type="stmt"/>
        <line num="10" count="0" type="stmt"/>
        <line num="13" count="0" type="stmt"/>
        <line num="17" count="0" type="stmt"/>
        <line num="23" count="0" type="stmt"/>
        <line num="49" count="1" type="stmt"/>
      </file>
      <file name="CodeHighlight.js" path="/Users/clang/Sites/gatsby-theme-newrelic/packages/gatsby-theme-newrelic/src/components/CodeHighlight.js">
        <metrics statements="19" coveredstatements="13" conditionals="10" coveredconditionals="5" methods="9" coveredmethods="5"/>
        <line num="9" count="1" type="stmt"/>
        <line num="17" count="4" type="stmt"/>
        <line num="19" count="4" type="stmt"/>
        <line num="22" count="4" type="stmt"/>
        <line num="24" count="4" type="stmt"/>
        <line num="81" count="30" type="stmt"/>
        <line num="106" count="146" type="stmt"/>
        <line num="119" count="1" type="stmt"/>
        <line num="185" count="1" type="stmt"/>
        <line num="186" count="4" type="cond" truecount="1" falsecount="1"/>
        <line num="187" count="4" type="stmt"/>
        <line num="190" count="0" type="stmt"/>
        <line num="191" count="0" type="stmt"/>
        <line num="193" count="0" type="stmt"/>
        <line num="194" count="0" type="stmt"/>
        <line num="195" count="0" type="stmt"/>
        <line num="197" count="0" type="stmt"/>
        <line num="200" count="1" type="stmt"/>
        <line num="209" count="1" type="stmt"/>
      </file>
      <file name="Collapser.js" path="/Users/clang/Sites/gatsby-theme-newrelic/packages/gatsby-theme-newrelic/src/components/Collapser.js">
        <metrics statements="26" coveredstatements="22" conditionals="22" coveredconditionals="18" methods="10" coveredmethods="7"/>
        <line num="12" count="2" type="cond" truecount="1" falsecount="1"/>
        <line num="14" count="2" type="stmt"/>
        <line num="15" count="12" type="stmt"/>
        <line num="16" count="12" type="stmt"/>
        <line num="17" count="12" type="stmt"/>
        <line num="18" count="12" type="stmt"/>
        <line num="19" count="5" type="cond" truecount="4" falsecount="0"/>
        <line num="24" count="12" type="stmt"/>
        <line num="25" count="12" type="cond" truecount="2" falsecount="0"/>
        <line num="26" count="12" type="stmt"/>
        <line num="28" count="12" type="stmt"/>
        <line num="30" count="12" type="stmt"/>
        <line num="31" count="5" type="cond" truecount="2" falsecount="2"/>
        <line num="32" count="0" type="stmt"/>
        <line num="36" count="12" type="stmt"/>
        <line num="38" count="5" type="stmt"/>
        <line num="43" count="0" type="stmt"/>
        <line num="45" count="0" type="stmt"/>
        <line num="50" count="12" type="stmt"/>
        <line num="51" count="10" type="cond" truecount="2" falsecount="0"/>
        <line num="52" count="5" type="stmt"/>
        <line num="55" count="10" type="stmt"/>
        <line num="58" count="12" type="stmt"/>
        <line num="73" count="0" type="stmt"/>
        <line num="173" count="2" type="stmt"/>
        <line num="180" count="2" type="stmt"/>
      </file>
      <file name="CollapserGroup.js" path="/Users/clang/Sites/gatsby-theme-newrelic/packages/gatsby-theme-newrelic/src/components/CollapserGroup.js">
        <metrics statements="3" coveredstatements="2" conditionals="0" coveredconditionals="0" methods="1" coveredmethods="0"/>
        <line num="5" count="1" type="stmt"/>
        <line num="6" count="0" type="stmt"/>
        <line num="20" count="1" type="stmt"/>
      </file>
      <file name="ComplexFeedback.js" path="/Users/clang/Sites/gatsby-theme-newrelic/packages/gatsby-theme-newrelic/src/components/ComplexFeedback.js">
        <metrics statements="41" coveredstatements="2" conditionals="15" coveredconditionals="0" methods="12" coveredmethods="0"/>
        <line num="15" count="1" type="stmt"/>
        <line num="16" count="0" type="stmt"/>
        <line num="17" count="0" type="stmt"/>
        <line num="18" count="0" type="stmt"/>
        <line num="19" count="0" type="stmt"/>
        <line num="20" count="0" type="stmt"/>
        <line num="21" count="0" type="stmt"/>
        <line num="22" count="0" type="stmt"/>
        <line num="23" count="0" type="stmt"/>
        <line num="24" count="0" type="stmt"/>
        <line num="26" count="0" type="stmt"/>
        <line num="27" count="0" type="stmt"/>
        <line num="28" count="0" type="stmt"/>
        <line num="29" count="0" type="stmt"/>
        <line num="31" count="0" type="stmt"/>
        <line num="36" count="0" type="stmt"/>
        <line num="38" count="0" type="stmt"/>
        <line num="39" count="0" type="stmt"/>
        <line num="47" count="0" type="stmt"/>
        <line num="48" count="0" type="stmt"/>
        <line num="49" count="0" type="stmt"/>
        <line num="50" count="0" type="stmt"/>
        <line num="57" count="0" type="stmt"/>
        <line num="58" count="0" type="stmt"/>
        <line num="59" count="0" type="stmt"/>
        <line num="60" count="0" type="stmt"/>
        <line num="61" count="0" type="stmt"/>
        <line num="68" count="0" type="stmt"/>
        <line num="77" count="0" type="cond" truecount="0" falsecount="2"/>
        <line num="78" count="0" type="stmt"/>
        <line num="92" count="0" type="stmt"/>
        <line num="93" count="0" type="stmt"/>
        <line num="94" count="0" type="stmt"/>
        <line num="95" count="0" type="stmt"/>
        <line num="98" count="0" type="stmt"/>
        <line num="174" count="0" type="stmt"/>
        <line num="201" count="0" type="stmt"/>
        <line num="233" count="0" type="stmt"/>
        <line num="257" count="0" type="stmt"/>
        <line num="258" count="0" type="stmt"/>
        <line num="311" count="1" type="stmt"/>
      </file>
      <file name="Context.js" path="/Users/clang/Sites/gatsby-theme-newrelic/packages/gatsby-theme-newrelic/src/components/Context.js">
        <metrics statements="0" coveredstatements="0" conditionals="0" coveredconditionals="0" methods="0" coveredmethods="0"/>
      </file>
      <file name="ContributingGuidelines.js" path="/Users/clang/Sites/gatsby-theme-newrelic/packages/gatsby-theme-newrelic/src/components/ContributingGuidelines.js">
        <metrics statements="4" coveredstatements="2" conditionals="3" coveredconditionals="0" methods="1" coveredmethods="0"/>
        <line num="9" count="1" type="stmt"/>
        <line num="10" count="0" type="stmt"/>
        <line num="12" count="0" type="stmt"/>
        <line num="39" count="1" type="stmt"/>
      </file>
      <file name="CreateIssueButton.js" path="/Users/clang/Sites/gatsby-theme-newrelic/packages/gatsby-theme-newrelic/src/components/CreateIssueButton.js">
        <metrics statements="6" coveredstatements="3" conditionals="3" coveredconditionals="0" methods="1" coveredmethods="0"/>
        <line num="9" count="1" type="stmt"/>
        <line num="21" count="1" type="stmt"/>
        <line num="28" count="0" type="stmt"/>
        <line num="29" count="0" type="stmt"/>
        <line num="35" count="0" type="stmt"/>
        <line num="54" count="1" type="stmt"/>
      </file>
      <file name="CustomTextInput.js" path="/Users/clang/Sites/gatsby-theme-newrelic/packages/gatsby-theme-newrelic/src/components/CustomTextInput.js">
        <metrics statements="6" coveredstatements="2" conditionals="14" coveredconditionals="0" methods="2" coveredmethods="0"/>
        <line num="10" count="1" type="stmt"/>
        <line num="25" count="0" type="stmt"/>
        <line num="27" count="0" type="cond" truecount="0" falsecount="4"/>
        <line num="28" count="0" type="stmt"/>
        <line num="40" count="0" type="stmt"/>
        <line num="169" count="1" type="stmt"/>
      </file>
      <file name="DarkModeToggle.js" path="/Users/clang/Sites/gatsby-theme-newrelic/packages/gatsby-theme-newrelic/src/components/DarkModeToggle.js">
        <metrics statements="14" coveredstatements="2" conditionals="10" coveredconditionals="0" methods="3" coveredmethods="0"/>
        <line num="10" count="1" type="stmt"/>
        <line num="11" count="0" type="stmt"/>
        <line num="14" count="0" type="cond" truecount="0" falsecount="2"/>
        <line num="17" count="0" type="stmt"/>
        <line num="19" count="0" type="stmt"/>
        <line num="21" count="0" type="stmt"/>
        <line num="30" count="0" type="stmt"/>
        <line num="35" count="0" type="stmt"/>
        <line num="37" count="0" type="stmt"/>
        <line num="41" count="0" type="cond" truecount="0" falsecount="2"/>
        <line num="42" count="0" type="stmt"/>
        <line num="48" count="0" type="cond" truecount="0" falsecount="2"/>
        <line num="49" count="0" type="stmt"/>
        <line num="95" count="1" type="stmt"/>
      </file>
      <file name="EditPageButton.js" path="/Users/clang/Sites/gatsby-theme-newrelic/packages/gatsby-theme-newrelic/src/components/EditPageButton.js">
        <metrics statements="6" coveredstatements="2" conditionals="2" coveredconditionals="0" methods="1" coveredmethods="0"/>
        <line num="11" count="1" type="stmt"/>
        <line num="17" count="0" type="stmt"/>
        <line num="18" count="0" type="stmt"/>
        <line num="28" count="0" type="stmt"/>
        <line num="39" count="0" type="stmt"/>
        <line num="61" count="1" type="stmt"/>
      </file>
      <file name="ExternalLink.js" path="/Users/clang/Sites/gatsby-theme-newrelic/packages/gatsby-theme-newrelic/src/components/ExternalLink.js">
        <metrics statements="3" coveredstatements="2" conditionals="0" coveredconditionals="0" methods="1" coveredmethods="0"/>
        <line num="5" count="1" type="stmt"/>
        <line num="6" count="0" type="stmt"/>
        <line num="9" count="1" type="stmt"/>
      </file>
      <file name="FeatherSVG.js" path="/Users/clang/Sites/gatsby-theme-newrelic/packages/gatsby-theme-newrelic/src/components/FeatherSVG.js">
        <metrics statements="3" coveredstatements="3" conditionals="0" coveredconditionals="0" methods="1" coveredmethods="1"/>
        <line num="6" count="4" type="stmt"/>
        <line num="7" count="56" type="stmt"/>
        <line num="22" count="4" type="stmt"/>
      </file>
      <file name="GitHubIssueButton.js" path="/Users/clang/Sites/gatsby-theme-newrelic/packages/gatsby-theme-newrelic/src/components/GitHubIssueButton.js">
        <metrics statements="22" coveredstatements="5" conditionals="11" coveredconditionals="0" methods="4" coveredmethods="0"/>
        <line num="9" count="1" type="stmt"/>
        <line num="10" count="0" type="stmt"/>
        <line num="12" count="0" type="stmt"/>
        <line num="27" count="1" type="stmt"/>
        <line num="28" count="0" type="cond" truecount="0" falsecount="2"/>
        <line num="30" count="1" type="cond" truecount="0" falsecount="1"/>
        <line num="31" count="0" type="stmt"/>
        <line num="32" count="0" type="stmt"/>
        <line num="34" count="0" type="cond" truecount="0" falsecount="2"/>
        <line num="35" count="0" type="stmt"/>
        <line num="38" count="0" type="cond" truecount="0" falsecount="2"/>
        <line num="39" count="0" type="stmt"/>
        <line num="42" count="0" type="cond" truecount="0" falsecount="2"/>
        <line num="43" count="0" type="stmt"/>
        <line num="46" count="0" type="stmt"/>
        <line num="48" count="0" type="stmt"/>
        <line num="51" count="1" type="stmt"/>
        <line num="52" count="0" type="stmt"/>
        <line num="58" count="0" type="stmt"/>
        <line num="69" count="0" type="stmt"/>
        <line num="71" count="0" type="stmt"/>
        <line num="86" count="1" type="stmt"/>
      </file>
      <file name="GlobalFooter.js" path="/Users/clang/Sites/gatsby-theme-newrelic/packages/gatsby-theme-newrelic/src/components/GlobalFooter.js">
        <metrics statements="13" coveredstatements="4" conditionals="6" coveredconditionals="0" methods="3" coveredmethods="0"/>
        <line num="15" count="1" type="stmt"/>
        <line num="16" count="1" type="stmt"/>
        <line num="18" count="1" type="stmt"/>
        <line num="19" count="0" type="stmt"/>
        <line num="20" count="0" type="stmt"/>
        <line num="28" count="0" type="stmt"/>
        <line num="29" count="0" type="cond" truecount="0" falsecount="2"/>
        <line num="30" count="0" type="stmt"/>
        <line num="32" count="0" type="stmt"/>
        <line num="35" count="0" type="stmt"/>
        <line num="36" count="0" type="stmt"/>
        <line num="39" count="0" type="stmt"/>
        <line num="159" count="1" type="stmt"/>
      </file>
      <file name="GlobalHeader.js" path="/Users/clang/Sites/gatsby-theme-newrelic/packages/gatsby-theme-newrelic/src/components/GlobalHeader.js">
        <metrics statements="31" coveredstatements="9" conditionals="16" coveredconditionals="0" methods="9" coveredmethods="0"/>
        <line num="23" count="1" type="stmt"/>
        <line num="30" count="1" type="stmt"/>
        <line num="32" count="1" type="stmt"/>
        <line num="49" count="1" type="cond" truecount="0" falsecount="1"/>
        <line num="50" count="0" type="stmt"/>
        <line num="51" count="0" type="stmt"/>
        <line num="52" count="0" type="cond" truecount="0" falsecount="2"/>
        <line num="54" count="0" type="stmt"/>
        <line num="68" count="0" type="stmt"/>
        <line num="70" count="0" type="stmt"/>
        <line num="75" count="0" type="stmt"/>
        <line num="78" count="0" type="stmt"/>
        <line num="83" count="1" type="stmt"/>
        <line num="84" count="1" type="stmt"/>
        <line num="85" count="1" type="stmt"/>
        <line num="87" count="1" type="cond" truecount="0" falsecount="1"/>
        <line num="88" count="0" type="stmt"/>
        <line num="89" count="0" type="stmt"/>
        <line num="90" count="0" type="stmt"/>
        <line num="91" count="0" type="stmt"/>
        <line num="98" count="0" type="stmt"/>
        <line num="115" count="0" type="stmt"/>
        <line num="117" count="0" type="stmt"/>
        <line num="118" count="0" type="stmt"/>
        <line num="121" count="0" type="stmt"/>
        <line num="129" count="0" type="stmt"/>
        <line num="133" count="0" type="stmt"/>
        <line num="335" count="0" type="stmt"/>
        <line num="395" count="0" type="stmt"/>
        <line num="397" count="0" type="stmt"/>
        <line num="486" count="1" type="stmt"/>
      </file>
      <file name="GlobalNavLink.js" path="/Users/clang/Sites/gatsby-theme-newrelic/packages/gatsby-theme-newrelic/src/components/GlobalNavLink.js">
        <metrics statements="7" coveredstatements="2" conditionals="8" coveredconditionals="0" methods="1" coveredmethods="0"/>
        <line num="7" count="1" type="stmt"/>
        <line num="18" count="0" type="stmt"/>
        <line num="31" count="0" type="cond" truecount="0" falsecount="4"/>
        <line num="34" count="0" type="cond" truecount="0" falsecount="2"/>
        <line num="35" count="0" type="cond" truecount="0" falsecount="2"/>
        <line num="37" count="0" type="stmt"/>
        <line num="68" count="1" type="stmt"/>
      </file>
      <file name="HamburgerMenu.js" path="/Users/clang/Sites/gatsby-theme-newrelic/packages/gatsby-theme-newrelic/src/components/HamburgerMenu.js">
        <metrics statements="6" coveredstatements="4" conditionals="0" coveredconditionals="0" methods="2" coveredmethods="0"/>
        <line num="5" count="1" type="stmt"/>
        <line num="14" count="1" type="stmt"/>
        <line num="15" count="0" type="stmt"/>
        <line num="38" count="0" type="stmt"/>
        <line num="46" count="1" type="stmt"/>
        <line num="52" count="1" type="stmt"/>
      </file>
      <file name="Icon.js" path="/Users/clang/Sites/gatsby-theme-newrelic/packages/gatsby-theme-newrelic/src/components/Icon.js">
        <metrics statements="13" coveredstatements="11" conditionals="8" coveredconditionals="4" methods="1" coveredmethods="1"/>
        <line num="10" count="4" type="stmt"/>
        <line num="12" count="4" type="stmt"/>
        <line num="13" count="66" type="stmt"/>
        <line num="14" count="66" type="stmt"/>
        <line num="16" count="66" type="cond" truecount="1" falsecount="1"/>
        <line num="17" count="0" type="stmt"/>
        <line num="23" count="66" type="cond" truecount="1" falsecount="1"/>
        <line num="24" count="0" type="cond" truecount="0" falsecount="2"/>
        <line num="31" count="66" type="cond" truecount="2" falsecount="0"/>
        <line num="32" count="64" type="stmt"/>
        <line num="35" count="2" type="stmt"/>
        <line num="38" count="4" type="stmt"/>
        <line num="44" count="4" type="stmt"/>
      </file>
      <file name="InlineCode.js" path="/Users/clang/Sites/gatsby-theme-newrelic/packages/gatsby-theme-newrelic/src/components/InlineCode.js">
        <metrics statements="2" coveredstatements="2" conditionals="0" coveredconditionals="0" methods="1" coveredmethods="0"/>
        <line num="4" count="1" type="stmt"/>
        <line num="6" count="1" type="stmt"/>
      </file>
      <file name="InteractiveForm.js" path="/Users/clang/Sites/gatsby-theme-newrelic/packages/gatsby-theme-newrelic/src/components/InteractiveForm.js">
        <metrics statements="11" coveredstatements="8" conditionals="0" coveredconditionals="0" methods="3" coveredmethods="0"/>
        <line num="7" count="1" type="stmt"/>
        <line num="8" count="0" type="stmt"/>
        <line num="61" count="1" type="stmt"/>
        <line num="62" count="0" type="stmt"/>
        <line num="65" count="1" type="stmt"/>
        <line num="66" count="0" type="stmt"/>
        <line num="69" count="1" type="stmt"/>
        <line num="70" count="1" type="stmt"/>
        <line num="72" count="1" type="stmt"/>
        <line num="79" count="1" type="stmt"/>
        <line num="83" count="1" type="stmt"/>
      </file>
      <file name="InteractiveOutput.js" path="/Users/clang/Sites/gatsby-theme-newrelic/packages/gatsby-theme-newrelic/src/components/InteractiveOutput.js">
        <metrics statements="10" coveredstatements="2" conditionals="2" coveredconditionals="0" methods="4" coveredmethods="0"/>
        <line num="5" count="1" type="stmt"/>
        <line num="12" count="0" type="stmt"/>
        <line num="13" count="0" type="stmt"/>
        <line num="15" count="0" type="stmt"/>
        <line num="16" count="0" type="stmt"/>
        <line num="17" count="0" type="stmt"/>
        <line num="18" count="0" type="stmt"/>
        <line num="23" count="0" type="stmt"/>
        <line num="26" count="0" type="stmt"/>
        <line num="42" count="1" type="stmt"/>
      </file>
      <file name="LayoutContext.js" path="/Users/clang/Sites/gatsby-theme-newrelic/packages/gatsby-theme-newrelic/src/components/LayoutContext.js">
        <metrics statements="1" coveredstatements="1" conditionals="0" coveredconditionals="0" methods="0" coveredmethods="0"/>
        <line num="3" count="1" type="stmt"/>
      </file>
      <file name="Lightbox.js" path="/Users/clang/Sites/gatsby-theme-newrelic/packages/gatsby-theme-newrelic/src/components/Lightbox.js">
        <metrics statements="13" coveredstatements="2" conditionals="4" coveredconditionals="0" methods="6" coveredmethods="0"/>
        <line num="12" count="1" type="stmt"/>
        <line num="13" count="0" type="stmt"/>
        <line num="14" count="0" type="stmt"/>
        <line num="15" count="0" type="stmt"/>
        <line num="24" count="0" type="stmt"/>
        <line num="25" count="0" type="stmt"/>
        <line num="27" count="0" type="stmt"/>
        <line num="32" count="0" type="stmt"/>
        <line num="36" count="0" type="stmt"/>
        <line num="55" count="0" type="cond" truecount="0" falsecount="2"/>
        <line num="71" count="0" type="stmt"/>
        <line num="99" count="0" type="stmt"/>
        <line num="119" count="1" type="stmt"/>
      </file>
      <file name="Link.js" path="/Users/clang/Sites/gatsby-theme-newrelic/packages/gatsby-theme-newrelic/src/components/Link.js">
        <metrics statements="28" coveredstatements="26" conditionals="29" coveredconditionals="23" methods="7" coveredmethods="7"/>
        <line num="12" count="11" type="stmt"/>
        <line num="13" count="8" type="stmt"/>
        <line num="14" count="3" type="stmt"/>
        <line num="15" count="1" type="cond" truecount="2" falsecount="0"/>
        <line num="16" count="10" type="stmt"/>
        <line num="17" count="7" type="stmt"/>
        <line num="18" count="3" type="cond" truecount="1" falsecount="1"/>
        <line num="20" count="3" type="stmt"/>
        <line num="33" count="11" type="stmt"/>
        <line num="39" count="11" type="stmt"/>
        <line num="49" count="11" type="stmt"/>
        <line num="57" count="11" type="stmt"/>
        <line num="65" count="11" type="cond" truecount="2" falsecount="0"/>
        <line num="66" count="2" type="stmt"/>
        <line num="69" count="2" type="cond" truecount="2" falsecount="0"/>
        <line num="72" count="11" type="cond" truecount="2" falsecount="0"/>
        <line num="73" count="1" type="stmt"/>
        <line num="76" count="10" type="cond" truecount="2" falsecount="0"/>
        <line num="77" count="2" type="stmt"/>
        <line num="88" count="8" type="cond" truecount="4" falsecount="0"/>
        <line num="89" count="1" type="cond" truecount="1" falsecount="1"/>
        <line num="90" count="0" type="stmt"/>
        <line num="93" count="1" type="cond" truecount="1" falsecount="1"/>
        <line num="95" count="1" type="stmt"/>
        <line num="123" count="7" type="cond" truecount="1" falsecount="1"/>
        <line num="124" count="0" type="stmt"/>
        <line num="127" count="7" type="stmt"/>
        <line num="145" count="3" type="stmt"/>
      </file>
      <file name="LocaleContext.js" path="/Users/clang/Sites/gatsby-theme-newrelic/packages/gatsby-theme-newrelic/src/components/LocaleContext.js">
        <metrics statements="1" coveredstatements="1" conditionals="0" coveredconditionals="0" methods="0" coveredmethods="0"/>
        <line num="3" count="3" type="stmt"/>
      </file>
      <file name="LocaleProvider.js" path="/Users/clang/Sites/gatsby-theme-newrelic/packages/gatsby-theme-newrelic/src/components/LocaleProvider.js">
        <metrics statements="11" coveredstatements="10" conditionals="4" coveredconditionals="2" methods="4" coveredmethods="4"/>
        <line num="6" count="2" type="stmt"/>
        <line num="9" count="14" type="stmt"/>
        <line num="23" count="14" type="stmt"/>
        <line num="25" count="14" type="stmt"/>
        <line num="26" count="14" type="stmt"/>
        <line num="28" count="14" type="cond" truecount="1" falsecount="1"/>
        <line num="29" count="0" type="stmt"/>
        <line num="32" count="14" type="stmt"/>
        <line num="33" count="16" type="cond" truecount="1" falsecount="1"/>
        <line num="37" count="14" type="stmt"/>
        <line num="42" count="2" type="stmt"/>
      </file>
      <file name="LoggedInContext.js" path="/Users/clang/Sites/gatsby-theme-newrelic/packages/gatsby-theme-newrelic/src/components/LoggedInContext.js">
        <metrics statements="5" coveredstatements="3" conditionals="0" coveredconditionals="0" methods="1" coveredmethods="0"/>
        <line num="10" count="4" type="stmt"/>
        <line num="37" count="4" type="stmt"/>
        <line num="38" count="0" type="stmt"/>
        <line num="40" count="0" type="stmt"/>
        <line num="47" count="4" type="stmt"/>
      </file>
      <file name="Logo.js" path="/Users/clang/Sites/gatsby-theme-newrelic/packages/gatsby-theme-newrelic/src/components/Logo.js">
        <metrics statements="3" coveredstatements="2" conditionals="0" coveredconditionals="0" methods="1" coveredmethods="0"/>
        <line num="5" count="1" type="stmt"/>
        <line num="6" count="0" type="stmt"/>
        <line num="9" count="1" type="stmt"/>
      </file>
      <file name="MDX.js" path="/Users/clang/Sites/gatsby-theme-newrelic/packages/gatsby-theme-newrelic/src/components/MDX.js">
        <metrics statements="6" coveredstatements="3" conditionals="0" coveredconditionals="0" methods="3" coveredmethods="0"/>
        <line num="20" count="1" type="stmt"/>
        <line num="23" count="0" type="stmt"/>
        <line num="25" count="0" type="stmt"/>
        <line num="39" count="1" type="stmt"/>
        <line num="40" count="0" type="stmt"/>
        <line num="47" count="1" type="stmt"/>
      </file>
      <file name="MDXCallout.js" path="/Users/clang/Sites/gatsby-theme-newrelic/packages/gatsby-theme-newrelic/src/components/MDXCallout.js">
        <metrics statements="2" coveredstatements="1" conditionals="0" coveredconditionals="0" methods="1" coveredmethods="0"/>
        <line num="5" count="1" type="stmt"/>
        <line num="6" count="0" type="stmt"/>
      </file>
      <file name="MDXCodeBlock.js" path="/Users/clang/Sites/gatsby-theme-newrelic/packages/gatsby-theme-newrelic/src/components/MDXCodeBlock.js">
        <metrics statements="4" coveredstatements="2" conditionals="2" coveredconditionals="0" methods="1" coveredmethods="0"/>
        <line num="8" count="1" type="stmt"/>
        <line num="19" count="0" type="stmt"/>
        <line num="21" count="0" type="cond" truecount="0" falsecount="2"/>
        <line num="53" count="1" type="stmt"/>
      </file>
      <file name="MDXCollapserGroup.js" path="/Users/clang/Sites/gatsby-theme-newrelic/packages/gatsby-theme-newrelic/src/components/MDXCollapserGroup.js">
        <metrics statements="2" coveredstatements="1" conditionals="0" coveredconditionals="0" methods="1" coveredmethods="0"/>
        <line num="5" count="1" type="stmt"/>
        <line num="6" count="0" type="stmt"/>
      </file>
      <file name="MDXLink.js" path="/Users/clang/Sites/gatsby-theme-newrelic/packages/gatsby-theme-newrelic/src/components/MDXLink.js">
        <metrics statements="2" coveredstatements="2" conditionals="0" coveredconditionals="0" methods="1" coveredmethods="0"/>
        <line num="5" count="1" type="stmt"/>
        <line num="7" count="1" type="stmt"/>
      </file>
      <file name="MDXTable.js" path="/Users/clang/Sites/gatsby-theme-newrelic/packages/gatsby-theme-newrelic/src/components/MDXTable.js">
        <metrics statements="2" coveredstatements="1" conditionals="0" coveredconditionals="0" methods="1" coveredmethods="0"/>
        <line num="5" count="1" type="stmt"/>
        <line num="6" count="0" type="stmt"/>
      </file>
      <file name="MDXVideo.js" path="/Users/clang/Sites/gatsby-theme-newrelic/packages/gatsby-theme-newrelic/src/components/MDXVideo.js">
        <metrics statements="2" coveredstatements="1" conditionals="0" coveredconditionals="0" methods="1" coveredmethods="0"/>
        <line num="5" count="1" type="stmt"/>
        <line num="6" count="0" type="stmt"/>
      </file>
      <file name="MarkdownContainer.js" path="/Users/clang/Sites/gatsby-theme-newrelic/packages/gatsby-theme-newrelic/src/components/MarkdownContainer.js">
        <metrics statements="3" coveredstatements="2" conditionals="0" coveredconditionals="0" methods="1" coveredmethods="0"/>
        <line num="5" count="1" type="stmt"/>
        <line num="10" count="0" type="stmt"/>
        <line num="67" count="1" type="stmt"/>
      </file>
      <file name="MobileHeader.js" path="/Users/clang/Sites/gatsby-theme-newrelic/packages/gatsby-theme-newrelic/src/components/MobileHeader.js">
        <metrics statements="7" coveredstatements="2" conditionals="0" coveredconditionals="0" methods="2" coveredmethods="0"/>
        <line num="12" count="1" type="stmt"/>
        <line num="13" count="0" type="stmt"/>
        <line num="19" count="0" type="stmt"/>
        <line num="29" count="0" type="stmt"/>
        <line num="34" count="0" type="stmt"/>
        <line num="70" count="0" type="stmt"/>
        <line num="77" count="1" type="stmt"/>
      </file>
      <file name="MobileNavModal.js" path="/Users/clang/Sites/gatsby-theme-newrelic/packages/gatsby-theme-newrelic/src/components/MobileNavModal.js">
        <metrics statements="8" coveredstatements="3" conditionals="2" coveredconditionals="0" methods="1" coveredmethods="0"/>
        <line num="11" count="1" type="stmt"/>
        <line num="13" count="1" type="stmt"/>
        <line num="14" count="0" type="stmt"/>
        <line num="15" count="0" type="stmt"/>
        <line num="16" count="0" type="stmt"/>
        <line num="18" count="0" type="stmt"/>
        <line num="20" count="0" type="stmt"/>
        <line num="122" count="1" type="stmt"/>
      </file>
      <file name="MobileNavigation.js" path="/Users/clang/Sites/gatsby-theme-newrelic/packages/gatsby-theme-newrelic/src/components/MobileNavigation.js">
        <metrics statements="12" coveredstatements="2" conditionals="4" coveredconditionals="0" methods="3" coveredmethods="0"/>
        <line num="9" count="1" type="stmt"/>
        <line num="10" count="0" type="stmt"/>
        <line num="12" count="0" type="stmt"/>
        <line num="13" count="0" type="stmt"/>
        <line num="14" count="0" type="stmt"/>
        <line num="16" count="0" type="stmt"/>
        <line num="27" count="0" type="stmt"/>
        <line num="28" count="0" type="cond" truecount="0" falsecount="2"/>
        <line num="29" count="0" type="stmt"/>
        <line num="33" count="0" type="stmt"/>
        <line num="35" count="0" type="cond" truecount="0" falsecount="2"/>
        <line num="43" count="1" type="stmt"/>
      </file>
      <file name="Modal.js" path="/Users/clang/Sites/gatsby-theme-newrelic/packages/gatsby-theme-newrelic/src/components/Modal.js">
        <metrics statements="6" coveredstatements="2" conditionals="2" coveredconditionals="0" methods="3" coveredmethods="0"/>
        <line num="9" count="1" type="stmt"/>
        <line num="10" count="0" type="stmt"/>
        <line num="19" count="0" type="stmt"/>
        <line num="21" count="0" type="cond" truecount="0" falsecount="2"/>
        <line num="47" count="0" type="stmt"/>
        <line num="74" count="1" type="stmt"/>
      </file>
      <file name="NavItem.js" path="/Users/clang/Sites/gatsby-theme-newrelic/packages/gatsby-theme-newrelic/src/components/NavItem.js">
        <metrics statements="43" coveredstatements="7" conditionals="53" coveredconditionals="1" methods="14" coveredmethods="0"/>
        <line num="14" count="1" type="cond" truecount="1" falsecount="1"/>
        <line num="16" count="1" type="stmt"/>
        <line num="22" count="0" type="stmt"/>
        <line num="23" count="0" type="stmt"/>
        <line num="24" count="0" type="stmt"/>
        <line num="25" count="0" type="cond" truecount="0" falsecount="2"/>
        <line num="28" count="0" type="stmt"/>
        <line num="32" count="0" type="stmt"/>
        <line num="33" count="0" type="stmt"/>
        <line num="36" count="0" type="stmt"/>
        <line num="37" count="0" type="cond" truecount="0" falsecount="2"/>
        <line num="38" count="0" type="stmt"/>
        <line num="39" count="0" type="stmt"/>
        <line num="40" count="0" type="stmt"/>
        <line num="46" count="0" type="stmt"/>
        <line num="56" count="0" type="stmt"/>
        <line num="57" count="0" type="cond" truecount="0" falsecount="2"/>
        <line num="58" count="0" type="stmt"/>
        <line num="62" count="0" type="stmt"/>
        <line num="63" count="0" type="cond" truecount="0" falsecount="4"/>
        <line num="64" count="0" type="stmt"/>
        <line num="68" count="0" type="stmt"/>
        <line num="69" count="0" type="cond" truecount="0" falsecount="2"/>
        <line num="70" count="0" type="stmt"/>
        <line num="74" count="0" type="stmt"/>
        <line num="98" count="0" type="cond" truecount="0" falsecount="4"/>
        <line num="100" count="0" type="stmt"/>
        <line num="126" count="0" type="stmt"/>
        <line num="138" count="1" type="stmt"/>
        <line num="145" count="1" type="stmt"/>
        <line num="152" count="1" type="stmt"/>
        <line num="153" count="0" type="cond" truecount="0" falsecount="2"/>
        <line num="154" count="0" type="stmt"/>
        <line num="157" count="0" type="cond" truecount="0" falsecount="2"/>
        <line num="162" count="1" type="stmt"/>
        <line num="163" count="0" type="cond" truecount="0" falsecount="2"/>
        <line num="164" count="0" type="stmt"/>
        <line num="167" count="0" type="cond" truecount="0" falsecount="4"/>
        <line num="168" count="0" type="stmt"/>
        <line num="171" count="0" type="stmt"/>
        <line num="174" count="1" type="stmt"/>
        <line num="175" count="0" type="cond" truecount="0" falsecount="2"/>
        <line num="176" count="0" type="cond" truecount="0" falsecount="2"/>
      </file>
      <file name="NavLink.js" path="/Users/clang/Sites/gatsby-theme-newrelic/packages/gatsby-theme-newrelic/src/components/NavLink.js">
        <metrics statements="10" coveredstatements="2" conditionals="18" coveredconditionals="0" methods="2" coveredmethods="0"/>
        <line num="10" count="1" type="stmt"/>
        <line num="23" count="0" type="stmt"/>
        <line num="25" count="0" type="cond" truecount="0" falsecount="2"/>
        <line num="26" count="0" type="cond" truecount="0" falsecount="2"/>
        <line num="28" count="0" type="stmt"/>
        <line num="93" count="0" type="stmt"/>
        <line num="94" count="0" type="stmt"/>
        <line num="95" count="0" type="cond" truecount="0" falsecount="2"/>
        <line num="96" count="0" type="stmt"/>
        <line num="124" count="1" type="stmt"/>
      </file>
      <file name="Navigation.js" path="/Users/clang/Sites/gatsby-theme-newrelic/packages/gatsby-theme-newrelic/src/components/Navigation.js">
        <metrics statements="7" coveredstatements="3" conditionals="0" coveredconditionals="0" methods="3" coveredmethods="0"/>
        <line num="6" count="1" type="stmt"/>
        <line num="7" count="0" type="stmt"/>
        <line num="9" count="1" type="stmt"/>
        <line num="10" count="0" type="stmt"/>
        <line num="11" count="0" type="stmt"/>
        <line num="15" count="0" type="stmt"/>
        <line num="24" count="1" type="stmt"/>
      </file>
      <file name="NavigationContext.js" path="/Users/clang/Sites/gatsby-theme-newrelic/packages/gatsby-theme-newrelic/src/components/NavigationContext.js">
        <metrics statements="0" coveredstatements="0" conditionals="0" coveredconditionals="0" methods="0" coveredmethods="0"/>
      </file>
      <file name="NewRelicLogo.js" path="/Users/clang/Sites/gatsby-theme-newrelic/packages/gatsby-theme-newrelic/src/components/NewRelicLogo.js">
        <metrics statements="6" coveredstatements="5" conditionals="6" coveredconditionals="0" methods="1" coveredmethods="0"/>
        <line num="6" count="1" type="stmt"/>
        <line num="10" count="1" type="stmt"/>
        <line num="12" count="1" type="stmt"/>
        <line num="13" count="0" type="stmt"/>
        <line num="82" count="1" type="stmt"/>
        <line num="88" count="1" type="stmt"/>
      </file>
      <file name="Overlay.js" path="/Users/clang/Sites/gatsby-theme-newrelic/packages/gatsby-theme-newrelic/src/components/Overlay.js">
        <metrics statements="10" coveredstatements="2" conditionals="9" coveredconditionals="0" methods="3" coveredmethods="0"/>
        <line num="11" count="1" type="cond" truecount="0" falsecount="1"/>
        <line num="12" count="0" type="stmt"/>
        <line num="14" count="0" type="stmt"/>
        <line num="15" count="0" type="cond" truecount="0" falsecount="2"/>
        <line num="16" count="0" type="stmt"/>
        <line num="19" count="0" type="stmt"/>
        <line num="20" count="0" type="stmt"/>
        <line num="24" count="0" type="stmt"/>
        <line num="26" count="0" type="stmt"/>
        <line num="110" count="1" type="stmt"/>
      </file>
      <file name="Portal.js" path="/Users/clang/Sites/gatsby-theme-newrelic/packages/gatsby-theme-newrelic/src/components/Portal.js">
        <metrics statements="10" coveredstatements="2" conditionals="6" coveredconditionals="0" methods="4" coveredmethods="0"/>
        <line num="5" count="1" type="stmt"/>
        <line num="6" count="0" type="stmt"/>
        <line num="7" count="0" type="cond" truecount="0" falsecount="2"/>
        <line num="10" count="0" type="stmt"/>
        <line num="11" count="0" type="cond" truecount="0" falsecount="2"/>
        <line num="12" count="0" type="stmt"/>
        <line num="14" count="0" type="stmt"/>
        <line num="16" count="0" type="stmt"/>
        <line num="19" count="0" type="cond" truecount="0" falsecount="2"/>
        <line num="22" count="1" type="stmt"/>
      </file>
      <file name="RawCode.js" path="/Users/clang/Sites/gatsby-theme-newrelic/packages/gatsby-theme-newrelic/src/components/RawCode.js">
        <metrics statements="12" coveredstatements="12" conditionals="2" coveredconditionals="2" methods="4" coveredmethods="4"/>
        <line num="7" count="1" type="stmt"/>
        <line num="14" count="1" type="stmt"/>
        <line num="15" count="10" type="stmt"/>
        <line num="16" count="40" type="stmt"/>
        <line num="20" count="10" type="stmt"/>
        <line num="22" count="48" type="stmt"/>
        <line num="24" count="48" type="cond" truecount="2" falsecount="0"/>
        <line num="25" count="4" type="stmt"/>
        <line num="27" count="4" type="stmt"/>
        <line num="37" count="1" type="stmt"/>
        <line num="38" count="10" type="stmt"/>
        <line num="92" count="1" type="stmt"/>
      </file>
      <file name="RelatedResources.js" path="/Users/clang/Sites/gatsby-theme-newrelic/packages/gatsby-theme-newrelic/src/components/RelatedResources.js">
        <metrics statements="20" coveredstatements="4" conditionals="16" coveredconditionals="0" methods="6" coveredmethods="0"/>
        <line num="12" count="1" type="stmt"/>
        <line num="14" count="1" type="stmt"/>
        <line num="15" count="0" type="cond" truecount="0" falsecount="2"/>
        <line num="17" count="0" type="stmt"/>
        <line num="20" count="1" type="stmt"/>
        <line num="21" count="0" type="stmt"/>
        <line num="22" count="0" type="stmt"/>
        <line num="30" count="0" type="stmt"/>
        <line num="48" count="0" type="cond" truecount="0" falsecount="2"/>
        <line num="49" count="0" type="stmt"/>
        <line num="52" count="0" type="stmt"/>
        <line num="54" count="0" type="cond" truecount="0" falsecount="2"/>
        <line num="55" count="0" type="stmt"/>
        <line num="57" count="0" type="stmt"/>
        <line num="60" count="0" type="stmt"/>
        <line num="72" count="0" type="cond" truecount="0" falsecount="2"/>
        <line num="73" count="0" type="stmt"/>
        <line num="76" count="0" type="cond" truecount="0" falsecount="2"/>
        <line num="80" count="0" type="stmt"/>
        <line num="142" count="1" type="stmt"/>
      </file>
      <file name="SEO.js" path="/Users/clang/Sites/gatsby-theme-newrelic/packages/gatsby-theme-newrelic/src/components/SEO.js">
        <metrics statements="30" coveredstatements="2" conditionals="28" coveredconditionals="0" methods="6" coveredmethods="0"/>
        <line num="8" count="1" type="stmt"/>
        <line num="13" count="0" type="stmt"/>
        <line num="40" count="0" type="stmt"/>
        <line num="41" count="0" type="stmt"/>
        <line num="42" count="0" type="stmt"/>
        <line num="43" count="0" type="cond" truecount="0" falsecount="2"/>
        <line num="46" count="0" type="cond" truecount="0" falsecount="2"/>
        <line num="50" count="0" type="stmt"/>
        <line num="51" count="0" type="cond" truecount="0" falsecount="2"/>
        <line num="52" count="0" type="stmt"/>
        <line num="54" count="0" type="stmt"/>
        <line num="55" count="0" type="cond" truecount="0" falsecount="2"/>
        <line num="58" count="0" type="cond" truecount="0" falsecount="2"/>
        <line num="59" count="0" type="cond" truecount="0" falsecount="2"/>
        <line num="62" count="0" type="stmt"/>
        <line num="63" count="0" type="stmt"/>
        <line num="64" count="0" type="cond" truecount="0" falsecount="2"/>
        <line num="65" count="0" type="stmt"/>
        <line num="75" count="0" type="cond" truecount="0" falsecount="2"/>
        <line num="76" count="0" type="stmt"/>
        <line num="86" count="0" type="stmt"/>
        <line num="89" count="0" type="stmt"/>
        <line num="90" count="0" type="stmt"/>
        <line num="91" count="0" type="stmt"/>
        <line num="92" count="0" type="cond" truecount="0" falsecount="4"/>
        <line num="93" count="0" type="stmt"/>
        <line num="113" count="0" type="stmt"/>
        <line num="119" count="0" type="stmt"/>
        <line num="124" count="0" type="stmt"/>
        <line num="152" count="1" type="stmt"/>
      </file>
      <file name="SVG.js" path="/Users/clang/Sites/gatsby-theme-newrelic/packages/gatsby-theme-newrelic/src/components/SVG.js">
        <metrics statements="4" coveredstatements="4" conditionals="4" coveredconditionals="3" methods="1" coveredmethods="1"/>
        <line num="5" count="4" type="stmt"/>
        <line num="6" count="64" type="stmt"/>
        <line num="20" count="4" type="stmt"/>
        <line num="27" count="4" type="stmt"/>
      </file>
      <file name="SearchInput.js" path="/Users/clang/Sites/gatsby-theme-newrelic/packages/gatsby-theme-newrelic/src/components/SearchInput.js">
        <metrics statements="25" coveredstatements="10" conditionals="30" coveredconditionals="0" methods="6" coveredmethods="0"/>
        <line num="10" count="1" type="stmt"/>
        <line num="16" count="1" type="stmt"/>
        <line num="21" count="1" type="stmt"/>
        <line num="26" count="1" type="stmt"/>
        <line num="32" count="1" type="stmt"/>
        <line num="51" count="0" type="stmt"/>
        <line num="52" count="0" type="stmt"/>
        <line num="54" count="0" type="stmt"/>
        <line num="55" count="0" type="stmt"/>
        <line num="57" count="0" type="stmt"/>
        <line num="60" count="0" type="stmt"/>
        <line num="123" count="0" type="stmt"/>
        <line num="125" count="0" type="stmt"/>
        <line num="128" count="0" type="cond" truecount="0" falsecount="3"/>
        <line num="130" count="0" type="cond" truecount="0" falsecount="2"/>
        <line num="131" count="0" type="stmt"/>
        <line num="132" count="0" type="stmt"/>
        <line num="134" count="0" type="stmt"/>
        <line num="173" count="0" type="stmt"/>
        <line num="174" count="0" type="stmt"/>
        <line num="230" count="1" type="stmt"/>
        <line num="245" count="1" type="stmt"/>
        <line num="246" count="1" type="stmt"/>
        <line num="247" count="1" type="stmt"/>
        <line num="251" count="1" type="stmt"/>
      </file>
      <file name="Select.js" path="/Users/clang/Sites/gatsby-theme-newrelic/packages/gatsby-theme-newrelic/src/components/Select.js">
        <metrics statements="3" coveredstatements="2" conditionals="2" coveredconditionals="0" methods="1" coveredmethods="0"/>
        <line num="5" count="1" type="stmt"/>
        <line num="6" count="0" type="stmt"/>
        <line num="87" count="1" type="stmt"/>
      </file>
      <file name="SelectInLine.js" path="/Users/clang/Sites/gatsby-theme-newrelic/packages/gatsby-theme-newrelic/src/components/SelectInLine.js">
        <metrics statements="3" coveredstatements="2" conditionals="0" coveredconditionals="0" methods="1" coveredmethods="0"/>
        <line num="5" count="1" type="stmt"/>
        <line num="6" count="0" type="stmt"/>
        <line num="73" count="1" type="stmt"/>
      </file>
      <file name="Side.js" path="/Users/clang/Sites/gatsby-theme-newrelic/packages/gatsby-theme-newrelic/src/components/Side.js">
        <metrics statements="3" coveredstatements="2" conditionals="0" coveredconditionals="0" methods="1" coveredmethods="0"/>
        <line num="5" count="1" type="stmt"/>
        <line num="6" count="0" type="stmt"/>
        <line num="17" count="1" type="stmt"/>
      </file>
      <file name="SideBySide.js" path="/Users/clang/Sites/gatsby-theme-newrelic/packages/gatsby-theme-newrelic/src/components/SideBySide.js">
        <metrics statements="8" coveredstatements="3" conditionals="0" coveredconditionals="0" methods="2" coveredmethods="0"/>
        <line num="5" count="1" type="stmt"/>
        <line num="10" count="1" type="stmt"/>
        <line num="11" count="0" type="stmt"/>
        <line num="12" count="0" type="stmt"/>
        <line num="13" count="0" type="stmt"/>
        <line num="15" count="0" type="stmt"/>
        <line num="36" count="0" type="stmt"/>
        <line num="53" count="1" type="stmt"/>
      </file>
      <file name="SignUpLink.js" path="/Users/clang/Sites/gatsby-theme-newrelic/packages/gatsby-theme-newrelic/src/components/SignUpLink.js">
        <metrics statements="15" coveredstatements="12" conditionals="4" coveredconditionals="1" methods="3" coveredmethods="2"/>
        <line num="10" count="3" type="stmt"/>
        <line num="11" count="2" type="stmt"/>
        <line num="12" count="2" type="stmt"/>
        <line num="14" count="2" type="stmt"/>
        <line num="15" count="2" type="stmt"/>
        <line num="17" count="2" type="stmt"/>
        <line num="20" count="3" type="stmt"/>
        <line num="22" count="2" type="stmt"/>
        <line num="23" count="2" type="stmt"/>
        <line num="24" count="2" type="stmt"/>
        <line num="26" count="2" type="stmt"/>
        <line num="35" count="0" type="cond" truecount="0" falsecount="2"/>
        <line num="36" count="0" type="stmt"/>
        <line num="39" count="0" type="stmt"/>
        <line num="65" count="3" type="stmt"/>
      </file>
      <file name="SimpleFeedback.js" path="/Users/clang/Sites/gatsby-theme-newrelic/packages/gatsby-theme-newrelic/src/components/SimpleFeedback.js">
        <metrics statements="10" coveredstatements="1" conditionals="2" coveredconditionals="0" methods="4" coveredmethods="0"/>
        <line num="10" count="1" type="stmt"/>
        <line num="11" count="0" type="stmt"/>
        <line num="12" count="0" type="stmt"/>
        <line num="13" count="0" type="stmt"/>
        <line num="15" count="0" type="stmt"/>
        <line num="16" count="0" type="stmt"/>
        <line num="17" count="0" type="stmt"/>
        <line num="24" count="0" type="stmt"/>
        <line num="76" count="0" type="stmt"/>
        <line num="97" count="0" type="stmt"/>
      </file>
      <file name="Skeleton.js" path="/Users/clang/Sites/gatsby-theme-newrelic/packages/gatsby-theme-newrelic/src/components/Skeleton.js">
        <metrics statements="5" coveredstatements="4" conditionals="0" coveredconditionals="0" methods="1" coveredmethods="0"/>
        <line num="5" count="1" type="stmt"/>
        <line num="14" count="1" type="stmt"/>
        <line num="23" count="1" type="stmt"/>
        <line num="24" count="0" type="stmt"/>
        <line num="35" count="1" type="stmt"/>
      </file>
      <file name="Spinner.js" path="/Users/clang/Sites/gatsby-theme-newrelic/packages/gatsby-theme-newrelic/src/components/Spinner.js">
        <metrics statements="5" coveredstatements="4" conditionals="4" coveredconditionals="0" methods="1" coveredmethods="0"/>
        <line num="5" count="1" type="stmt"/>
        <line num="11" count="1" type="stmt"/>
        <line num="12" count="0" type="stmt"/>
        <line num="42" count="1" type="stmt"/>
        <line num="48" count="1" type="stmt"/>
      </file>
      <file name="Surface.js" path="/Users/clang/Sites/gatsby-theme-newrelic/packages/gatsby-theme-newrelic/src/components/Surface.js">
        <metrics statements="8" coveredstatements="6" conditionals="2" coveredconditionals="0" methods="2" coveredmethods="0"/>
        <line num="5" count="1" type="stmt"/>
        <line num="10" count="1" type="stmt"/>
        <line num="33" count="1" type="stmt"/>
        <line num="38" count="0" type="stmt"/>
        <line num="41" count="0" type="cond" truecount="0" falsecount="2"/>
        <line num="56" count="1" type="stmt"/>
        <line num="61" count="1" type="stmt"/>
        <line num="65" count="1" type="stmt"/>
      </file>
      <file name="Table.js" path="/Users/clang/Sites/gatsby-theme-newrelic/packages/gatsby-theme-newrelic/src/components/Table.js">
        <metrics statements="3" coveredstatements="2" conditionals="0" coveredconditionals="0" methods="1" coveredmethods="0"/>
        <line num="5" count="1" type="stmt"/>
        <line num="6" count="0" type="stmt"/>
        <line num="52" count="1" type="stmt"/>
      </file>
      <file name="TableOfContents.js" path="/Users/clang/Sites/gatsby-theme-newrelic/packages/gatsby-theme-newrelic/src/components/TableOfContents.js">
        <metrics statements="11" coveredstatements="3" conditionals="4" coveredconditionals="0" methods="7" coveredmethods="0"/>
        <line num="10" count="1" type="stmt"/>
        <line num="12" count="1" type="stmt"/>
        <line num="13" count="0" type="stmt"/>
        <line num="14" count="0" type="stmt"/>
        <line num="15" count="0" type="stmt"/>
        <line num="16" count="0" type="stmt"/>
        <line num="23" count="0" type="cond" truecount="0" falsecount="2"/>
        <line num="47" count="0" type="stmt"/>
        <line num="49" count="0" type="stmt"/>
        <line num="59" count="0" type="stmt"/>
        <line num="96" count="1" type="stmt"/>
      </file>
      <file name="Tag.js" path="/Users/clang/Sites/gatsby-theme-newrelic/packages/gatsby-theme-newrelic/src/components/Tag.js">
        <metrics statements="7" coveredstatements="4" conditionals="7" coveredconditionals="0" methods="3" coveredmethods="0"/>
        <line num="7" count="1" type="stmt"/>
        <line num="8" count="0" type="cond" truecount="0" falsecount="3"/>
        <line num="10" count="1" type="stmt"/>
        <line num="24" count="0" type="cond" truecount="0" falsecount="2"/>
        <line num="33" count="0" type="cond" truecount="0" falsecount="2"/>
        <line num="40" count="1" type="stmt"/>
        <line num="45" count="1" type="stmt"/>
      </file>
      <file name="TagList.js" path="/Users/clang/Sites/gatsby-theme-newrelic/packages/gatsby-theme-newrelic/src/components/TagList.js">
        <metrics statements="1" coveredstatements="1" conditionals="0" coveredconditionals="0" methods="0" coveredmethods="0"/>
        <line num="4" count="1" type="stmt"/>
      </file>
      <file name="TextHighlight.js" path="/Users/clang/Sites/gatsby-theme-newrelic/packages/gatsby-theme-newrelic/src/components/TextHighlight.js">
        <metrics statements="6" coveredstatements="2" conditionals="7" coveredconditionals="0" methods="2" coveredmethods="0"/>
        <line num="5" count="1" type="cond" truecount="0" falsecount="1"/>
        <line num="6" count="0" type="stmt"/>
        <line num="10" count="0" type="stmt"/>
        <line num="13" count="0" type="cond" truecount="0" falsecount="2"/>
        <line num="17" count="0" type="cond" truecount="0" falsecount="2"/>
        <line num="40" count="1" type="stmt"/>
      </file>
      <file name="Trans.js" path="/Users/clang/Sites/gatsby-theme-newrelic/packages/gatsby-theme-newrelic/src/components/Trans.js">
        <metrics statements="3" coveredstatements="1" conditionals="0" coveredconditionals="0" methods="1" coveredmethods="0"/>
        <line num="5" count="1" type="stmt"/>
        <line num="6" count="0" type="stmt"/>
        <line num="8" count="0" type="stmt"/>
      </file>
      <file name="Video.js" path="/Users/clang/Sites/gatsby-theme-newrelic/packages/gatsby-theme-newrelic/src/components/Video.js">
        <metrics statements="8" coveredstatements="4" conditionals="2" coveredconditionals="0" methods="3" coveredmethods="0"/>
        <line num="7" count="1" type="stmt"/>
        <line num="8" count="0" type="stmt"/>
        <line num="9" count="0" type="stmt"/>
        <line num="12" count="1" type="stmt"/>
        <line num="13" count="0" type="cond" truecount="0" falsecount="2"/>
        <line num="15" count="0" type="stmt"/>
        <line num="48" count="1" type="stmt"/>
        <line num="57" count="1" type="stmt"/>
      </file>
    </package>
    <package name="gatsby-theme-newrelic.src.components.Dropdown">
      <metrics statements="30" coveredstatements="15" conditionals="18" coveredconditionals="0" methods="11" coveredmethods="0"/>
      <file name="Dropdown.js" path="/Users/clang/Sites/gatsby-theme-newrelic/packages/gatsby-theme-newrelic/src/components/Dropdown/Dropdown.js">
        <metrics statements="16" coveredstatements="7" conditionals="5" coveredconditionals="0" methods="7" coveredmethods="0"/>
        <line num="9" count="1" type="stmt"/>
        <line num="15" count="1" type="cond" truecount="0" falsecount="1"/>
        <line num="16" count="0" type="stmt"/>
        <line num="17" count="0" type="stmt"/>
        <line num="18" count="0" type="stmt"/>
        <line num="22" count="0" type="stmt"/>
        <line num="23" count="0" type="stmt"/>
        <line num="25" count="0" type="cond" truecount="0" falsecount="4"/>
        <line num="26" count="0" type="stmt"/>
        <line num="29" count="0" type="stmt"/>
        <line num="32" count="0" type="stmt"/>
        <line num="48" count="1" type="stmt"/>
        <line num="55" count="1" type="stmt"/>
        <line num="59" count="1" type="stmt"/>
        <line num="60" count="1" type="stmt"/>
        <line num="61" count="1" type="stmt"/>
      </file>
      <file name="Menu.js" path="/Users/clang/Sites/gatsby-theme-newrelic/packages/gatsby-theme-newrelic/src/components/Dropdown/Menu.js">
        <metrics statements="5" coveredstatements="3" conditionals="2" coveredconditionals="0" methods="1" coveredmethods="0"/>
        <line num="6" count="1" type="stmt"/>
        <line num="19" count="1" type="stmt"/>
        <line num="20" count="0" type="stmt"/>
        <line num="22" count="0" type="stmt"/>
        <line num="71" count="1" type="stmt"/>
      </file>
      <file name="MenuItem.js" path="/Users/clang/Sites/gatsby-theme-newrelic/packages/gatsby-theme-newrelic/src/components/Dropdown/MenuItem.js">
        <metrics statements="4" coveredstatements="2" conditionals="6" coveredconditionals="0" methods="1" coveredmethods="0"/>
        <line num="6" count="1" type="stmt"/>
        <line num="7" count="0" type="cond" truecount="0" falsecount="4"/>
        <line num="9" count="0" type="stmt"/>
        <line num="40" count="1" type="stmt"/>
      </file>
      <file name="Toggle.js" path="/Users/clang/Sites/gatsby-theme-newrelic/packages/gatsby-theme-newrelic/src/components/Dropdown/Toggle.js">
        <metrics statements="4" coveredstatements="2" conditionals="5" coveredconditionals="0" methods="1" coveredmethods="0"/>
        <line num="8" count="1" type="cond" truecount="0" falsecount="1"/>
        <line num="9" count="0" type="stmt"/>
        <line num="11" count="0" type="stmt"/>
        <line num="31" count="1" type="stmt"/>
      </file>
      <file name="index.js" path="/Users/clang/Sites/gatsby-theme-newrelic/packages/gatsby-theme-newrelic/src/components/Dropdown/index.js">
        <metrics statements="0" coveredstatements="0" conditionals="0" coveredconditionals="0" methods="0" coveredmethods="0"/>
      </file>
      <file name="useDropdown.js" path="/Users/clang/Sites/gatsby-theme-newrelic/packages/gatsby-theme-newrelic/src/components/Dropdown/useDropdown.js">
        <metrics statements="1" coveredstatements="1" conditionals="0" coveredconditionals="0" methods="1" coveredmethods="0"/>
        <line num="4" count="1" type="stmt"/>
      </file>
    </package>
    <package name="gatsby-theme-newrelic.src.components.Layout">
      <metrics statements="22" coveredstatements="16" conditionals="0" coveredconditionals="0" methods="6" coveredmethods="0"/>
      <file name="Content.js" path="/Users/clang/Sites/gatsby-theme-newrelic/packages/gatsby-theme-newrelic/src/components/Layout/Content.js">
        <metrics statements="3" coveredstatements="2" conditionals="0" coveredconditionals="0" methods="1" coveredmethods="0"/>
        <line num="5" count="1" type="stmt"/>
        <line num="6" count="0" type="stmt"/>
        <line num="20" count="1" type="stmt"/>
      </file>
      <file name="Footer.js" path="/Users/clang/Sites/gatsby-theme-newrelic/packages/gatsby-theme-newrelic/src/components/Layout/Footer.js">
        <metrics statements="2" coveredstatements="1" conditionals="0" coveredconditionals="0" methods="1" coveredmethods="0"/>
        <line num="5" count="1" type="stmt"/>
        <line num="6" count="0" type="stmt"/>
      </file>
      <file name="Layout.js" path="/Users/clang/Sites/gatsby-theme-newrelic/packages/gatsby-theme-newrelic/src/components/Layout/Layout.js">
        <metrics statements="8" coveredstatements="7" conditionals="0" coveredconditionals="0" methods="1" coveredmethods="0"/>
        <line num="10" count="1" type="stmt"/>
        <line num="11" count="0" type="stmt"/>
        <line num="37" count="1" type="stmt"/>
        <line num="42" count="1" type="stmt"/>
        <line num="43" count="1" type="stmt"/>
        <line num="44" count="1" type="stmt"/>
        <line num="45" count="1" type="stmt"/>
        <line num="46" count="1" type="stmt"/>
      </file>
      <file name="Main.js" path="/Users/clang/Sites/gatsby-theme-newrelic/packages/gatsby-theme-newrelic/src/components/Layout/Main.js">
        <metrics statements="3" coveredstatements="2" conditionals="0" coveredconditionals="0" methods="1" coveredmethods="0"/>
        <line num="5" count="1" type="stmt"/>
        <line num="6" count="0" type="stmt"/>
        <line num="21" count="1" type="stmt"/>
      </file>
      <file name="PageTools.js" path="/Users/clang/Sites/gatsby-theme-newrelic/packages/gatsby-theme-newrelic/src/components/Layout/PageTools.js">
        <metrics statements="3" coveredstatements="2" conditionals="0" coveredconditionals="0" methods="1" coveredmethods="0"/>
        <line num="6" count="1" type="stmt"/>
        <line num="7" count="0" type="stmt"/>
        <line num="28" count="1" type="stmt"/>
      </file>
      <file name="Sidebar.js" path="/Users/clang/Sites/gatsby-theme-newrelic/packages/gatsby-theme-newrelic/src/components/Layout/Sidebar.js">
        <metrics statements="3" coveredstatements="2" conditionals="0" coveredconditionals="0" methods="1" coveredmethods="0"/>
        <line num="5" count="1" type="stmt"/>
        <line num="6" count="0" type="stmt"/>
        <line num="39" count="1" type="stmt"/>
      </file>
      <file name="index.js" path="/Users/clang/Sites/gatsby-theme-newrelic/packages/gatsby-theme-newrelic/src/components/Layout/index.js">
        <metrics statements="0" coveredstatements="0" conditionals="0" coveredconditionals="0" methods="0" coveredmethods="0"/>
      </file>
    </package>
    <package name="gatsby-theme-newrelic.src.components.PageTools">
      <metrics statements="11" coveredstatements="8" conditionals="0" coveredconditionals="0" methods="3" coveredmethods="0"/>
      <file name="PageTools.js" path="/Users/clang/Sites/gatsby-theme-newrelic/packages/gatsby-theme-newrelic/src/components/PageTools/PageTools.js">
        <metrics statements="5" coveredstatements="4" conditionals="0" coveredconditionals="0" methods="1" coveredmethods="0"/>
        <line num="7" count="1" type="stmt"/>
        <line num="8" count="0" type="stmt"/>
        <line num="22" count="1" type="stmt"/>
        <line num="27" count="1" type="stmt"/>
        <line num="28" count="1" type="stmt"/>
      </file>
      <file name="Section.js" path="/Users/clang/Sites/gatsby-theme-newrelic/packages/gatsby-theme-newrelic/src/components/PageTools/Section.js">
        <metrics statements="3" coveredstatements="2" conditionals="0" coveredconditionals="0" methods="1" coveredmethods="0"/>
        <line num="5" count="1" type="stmt"/>
        <line num="6" count="0" type="stmt"/>
        <line num="18" count="1" type="stmt"/>
      </file>
      <file name="Title.js" path="/Users/clang/Sites/gatsby-theme-newrelic/packages/gatsby-theme-newrelic/src/components/PageTools/Title.js">
        <metrics statements="3" coveredstatements="2" conditionals="0" coveredconditionals="0" methods="1" coveredmethods="0"/>
        <line num="5" count="1" type="stmt"/>
        <line num="6" count="0" type="stmt"/>
        <line num="18" count="1" type="stmt"/>
      </file>
      <file name="index.js" path="/Users/clang/Sites/gatsby-theme-newrelic/packages/gatsby-theme-newrelic/src/components/PageTools/index.js">
        <metrics statements="0" coveredstatements="0" conditionals="0" coveredconditionals="0" methods="0" coveredmethods="0"/>
      </file>
    </package>
    <package name="gatsby-theme-newrelic.src.components.Popover">
      <metrics statements="52" coveredstatements="5" conditionals="41" coveredconditionals="0" methods="12" coveredmethods="0"/>
      <file name="Popover.js" path="/Users/clang/Sites/gatsby-theme-newrelic/packages/gatsby-theme-newrelic/src/components/Popover/Popover.js">
        <metrics statements="18" coveredstatements="3" conditionals="12" coveredconditionals="0" methods="3" coveredmethods="0"/>
        <line num="9" count="1" type="stmt"/>
        <line num="10" count="0" type="stmt"/>
        <line num="11" count="0" type="stmt"/>
        <line num="12" count="0" type="stmt"/>
        <line num="13" count="0" type="stmt"/>
        <line num="15" count="0" type="cond" truecount="0" falsecount="4"/>
        <line num="17" count="0" type="stmt"/>
        <line num="18" count="0" type="stmt"/>
        <line num="19" count="0" type="stmt"/>
        <line num="21" count="0" type="stmt"/>
        <line num="22" count="0" type="cond" truecount="0" falsecount="2"/>
        <line num="23" count="0" type="stmt"/>
        <line num="27" count="0" type="stmt"/>
        <line num="29" count="0" type="stmt"/>
        <line num="32" count="0" type="cond" truecount="0" falsecount="2"/>
        <line num="33" count="0" type="stmt"/>
        <line num="123" count="1" type="stmt"/>
        <line num="134" count="1" type="stmt"/>
      </file>
      <file name="PopoverButton.js" path="/Users/clang/Sites/gatsby-theme-newrelic/packages/gatsby-theme-newrelic/src/components/Popover/PopoverButton.js">
        <metrics statements="34" coveredstatements="2" conditionals="29" coveredconditionals="0" methods="9" coveredmethods="0"/>
        <line num="8" count="1" type="stmt"/>
        <line num="9" count="0" type="stmt"/>
        <line num="10" count="0" type="stmt"/>
        <line num="11" count="0" type="stmt"/>
        <line num="12" count="0" type="stmt"/>
        <line num="13" count="0" type="stmt"/>
        <line num="15" count="0" type="stmt"/>
        <line num="17" count="0" type="cond" truecount="0" falsecount="1"/>
        <line num="18" count="0" type="stmt"/>
        <line num="19" count="0" type="stmt"/>
        <line num="22" count="0" type="stmt"/>
        <line num="23" count="0" type="cond" truecount="0" falsecount="2"/>
        <line num="24" count="0" type="stmt"/>
        <line num="27" count="0" type="stmt"/>
        <line num="28" count="0" type="stmt"/>
        <line num="29" count="0" type="cond" truecount="0" falsecount="4"/>
        <line num="31" count="0" type="stmt"/>
        <line num="34" count="0" type="stmt"/>
        <line num="37" count="0" type="cond" truecount="0" falsecount="4"/>
        <line num="39" count="0" type="stmt"/>
        <line num="61" count="0" type="stmt"/>
        <line num="62" count="0" type="stmt"/>
        <line num="64" count="0" type="cond" truecount="0" falsecount="4"/>
        <line num="65" count="0" type="stmt"/>
        <line num="70" count="0" type="stmt"/>
        <line num="87" count="0" type="cond" truecount="0" falsecount="2"/>
        <line num="89" count="0" type="stmt"/>
        <line num="90" count="0" type="cond" truecount="0" falsecount="2"/>
        <line num="91" count="0" type="cond" truecount="0" falsecount="4"/>
        <line num="97" count="0" type="cond" truecount="0" falsecount="2"/>
        <line num="98" count="0" type="stmt"/>
        <line num="116" count="0" type="stmt"/>
        <line num="117" count="0" type="stmt"/>
        <line num="125" count="1" type="stmt"/>
      </file>
      <file name="index.js" path="/Users/clang/Sites/gatsby-theme-newrelic/packages/gatsby-theme-newrelic/src/components/Popover/index.js">
        <metrics statements="0" coveredstatements="0" conditionals="0" coveredconditionals="0" methods="0" coveredmethods="0"/>
      </file>
    </package>
    <package name="gatsby-theme-newrelic.src.components.SearchModal">
      <metrics statements="161" coveredstatements="28" conditionals="85" coveredconditionals="0" methods="63" coveredmethods="0"/>
      <file name="Filter.js" path="/Users/clang/Sites/gatsby-theme-newrelic/packages/gatsby-theme-newrelic/src/components/SearchModal/Filter.js">
        <metrics statements="9" coveredstatements="2" conditionals="9" coveredconditionals="0" methods="4" coveredmethods="0"/>
        <line num="7" count="1" type="cond" truecount="0" falsecount="1"/>
        <line num="8" count="0" type="stmt"/>
        <line num="9" count="0" type="cond" truecount="0" falsecount="2"/>
        <line num="10" count="0" type="stmt"/>
        <line num="12" count="0" type="stmt"/>
        <line num="15" count="0" type="stmt"/>
        <line num="18" count="0" type="stmt"/>
        <line num="20" count="0" type="stmt"/>
        <line num="78" count="1" type="stmt"/>
      </file>
      <file name="Footer.js" path="/Users/clang/Sites/gatsby-theme-newrelic/packages/gatsby-theme-newrelic/src/components/SearchModal/Footer.js">
        <metrics statements="2" coveredstatements="1" conditionals="0" coveredconditionals="0" methods="1" coveredmethods="0"/>
        <line num="6" count="1" type="stmt"/>
        <line num="7" count="0" type="stmt"/>
      </file>
      <file name="Input.js" path="/Users/clang/Sites/gatsby-theme-newrelic/packages/gatsby-theme-newrelic/src/components/SearchModal/Input.js">
        <metrics statements="14" coveredstatements="2" conditionals="14" coveredconditionals="0" methods="7" coveredmethods="0"/>
        <line num="10" count="1" type="stmt"/>
        <line num="27" count="0" type="stmt"/>
        <line num="28" count="0" type="stmt"/>
        <line num="30" count="0" type="stmt"/>
        <line num="58" count="0" type="cond" truecount="0" falsecount="4"/>
        <line num="60" count="0" type="stmt"/>
        <line num="63" count="0" type="stmt"/>
        <line num="64" count="0" type="stmt"/>
        <line num="116" count="0" type="stmt"/>
        <line num="117" count="0" type="stmt"/>
        <line num="154" count="0" type="stmt"/>
        <line num="183" count="0" type="stmt"/>
        <line num="196" count="0" type="stmt"/>
        <line num="221" count="1" type="stmt"/>
      </file>
      <file name="Key.js" path="/Users/clang/Sites/gatsby-theme-newrelic/packages/gatsby-theme-newrelic/src/components/SearchModal/Key.js">
        <metrics statements="3" coveredstatements="2" conditionals="0" coveredconditionals="0" methods="1" coveredmethods="0"/>
        <line num="5" count="1" type="stmt"/>
        <line num="6" count="0" type="stmt"/>
        <line num="24" count="1" type="stmt"/>
      </file>
      <file name="NoResults.js" path="/Users/clang/Sites/gatsby-theme-newrelic/packages/gatsby-theme-newrelic/src/components/SearchModal/NoResults.js">
        <metrics statements="2" coveredstatements="1" conditionals="0" coveredconditionals="0" methods="1" coveredmethods="0"/>
        <line num="5" count="1" type="stmt"/>
        <line num="6" count="0" type="stmt"/>
      </file>
      <file name="Result.js" path="/Users/clang/Sites/gatsby-theme-newrelic/packages/gatsby-theme-newrelic/src/components/SearchModal/Result.js">
        <metrics statements="5" coveredstatements="2" conditionals="4" coveredconditionals="0" methods="2" coveredmethods="0"/>
        <line num="9" count="1" type="stmt"/>
        <line num="11" count="0" type="stmt"/>
        <line num="13" count="0" type="stmt"/>
        <line num="51" count="0" type="stmt"/>
        <line num="94" count="1" type="stmt"/>
      </file>
      <file name="ResultList.js" path="/Users/clang/Sites/gatsby-theme-newrelic/packages/gatsby-theme-newrelic/src/components/SearchModal/ResultList.js">
        <metrics statements="13" coveredstatements="2" conditionals="2" coveredconditionals="0" methods="6" coveredmethods="0"/>
        <line num="9" count="1" type="stmt"/>
        <line num="10" count="0" type="stmt"/>
        <line num="12" count="0" type="stmt"/>
        <line num="13" count="0" type="stmt"/>
        <line num="17" count="0" type="stmt"/>
        <line num="20" count="0" type="stmt"/>
        <line num="25" count="0" type="stmt"/>
        <line num="28" count="0" type="stmt"/>
        <line num="33" count="0" type="stmt"/>
        <line num="37" count="0" type="stmt"/>
        <line num="38" count="0" type="stmt"/>
        <line num="40" count="0" type="stmt"/>
        <line num="52" count="1" type="stmt"/>
      </file>
      <file name="ResultPreview.js" path="/Users/clang/Sites/gatsby-theme-newrelic/packages/gatsby-theme-newrelic/src/components/SearchModal/ResultPreview.js">
        <metrics statements="4" coveredstatements="2" conditionals="6" coveredconditionals="0" methods="2" coveredmethods="0"/>
        <line num="6" count="1" type="stmt"/>
        <line num="7" count="0" type="stmt"/>
        <line num="76" count="0" type="stmt"/>
        <line num="99" count="1" type="stmt"/>
      </file>
      <file name="ScrollContainer.js" path="/Users/clang/Sites/gatsby-theme-newrelic/packages/gatsby-theme-newrelic/src/components/SearchModal/ScrollContainer.js">
        <metrics statements="4" coveredstatements="2" conditionals="0" coveredconditionals="0" methods="1" coveredmethods="0"/>
        <line num="5" count="1" type="stmt"/>
        <line num="6" count="0" type="stmt"/>
        <line num="8" count="0" type="stmt"/>
        <line num="26" count="1" type="stmt"/>
      </file>
      <file name="SearchModal.js" path="/Users/clang/Sites/gatsby-theme-newrelic/packages/gatsby-theme-newrelic/src/components/SearchModal/SearchModal.js">
        <metrics statements="36" coveredstatements="5" conditionals="19" coveredconditionals="0" methods="14" coveredmethods="0"/>
        <line num="20" count="1" type="stmt"/>
        <line num="27" count="1" type="stmt"/>
        <line num="32" count="1" type="stmt"/>
        <line num="37" count="1" type="stmt"/>
        <line num="38" count="0" type="stmt"/>
        <line num="40" count="0" type="stmt"/>
        <line num="41" count="0" type="stmt"/>
        <line num="42" count="0" type="stmt"/>
        <line num="43" count="0" type="stmt"/>
        <line num="44" count="0" type="stmt"/>
        <line num="45" count="0" type="stmt"/>
        <line num="46" count="0" type="stmt"/>
        <line num="51" count="0" type="stmt"/>
        <line num="61" count="0" type="stmt"/>
        <line num="62" count="0" type="stmt"/>
        <line num="64" count="0" type="stmt"/>
        <line num="65" count="0" type="cond" truecount="0" falsecount="4"/>
        <line num="66" count="0" type="stmt"/>
        <line num="70" count="0" type="stmt"/>
        <line num="71" count="0" type="cond" truecount="0" falsecount="2"/>
        <line num="74" count="0" type="stmt"/>
        <line num="75" count="0" type="stmt"/>
        <line num="78" count="0" type="stmt"/>
        <line num="79" count="0" type="stmt"/>
        <line num="82" count="0" type="stmt"/>
        <line num="84" count="0" type="stmt"/>
        <line num="85" count="0" type="stmt"/>
        <line num="86" count="0" type="stmt"/>
        <line num="88" count="0" type="cond" truecount="0" falsecount="2"/>
        <line num="97" count="0" type="stmt"/>
[...]
        <line num="36" count="0" type="stmt"/>
        <line num="38" count="0" type="stmt"/>
        <line num="41" count="0" type="stmt"/>
        <line num="46" count="0" type="stmt"/>
      </file>
    </package>
    <package name="gatsby-theme-newrelic.src.icons">
      <metrics statements="8" coveredstatements="8" conditionals="2" coveredconditionals="1" methods="6" coveredmethods="6"/>
      <file name="feather.js" path="/Users/clang/Sites/gatsby-theme-newrelic/packages/gatsby-theme-newrelic/src/icons/feather.js">
        <metrics statements="0" coveredstatements="0" conditionals="0" coveredconditionals="0" methods="0" coveredmethods="0"/>
      </file>
      <file name="index.js" path="/Users/clang/Sites/gatsby-theme-newrelic/packages/gatsby-theme-newrelic/src/icons/index.js">
        <metrics statements="8" coveredstatements="8" conditionals="2" coveredconditionals="1" methods="6" coveredmethods="6"/>
        <line num="8" count="4" type="stmt"/>
        <line num="9" count="12" type="stmt"/>
        <line num="10" count="144" type="stmt"/>
        <line num="18" count="112" type="stmt"/>
        <line num="19" count="56" type="stmt"/>
        <line num="21" count="4" type="stmt"/>
        <line num="22" count="4" type="stmt"/>
        <line num="23" count="112" type="stmt"/>
      </file>
      <file name="logo.js" path="/Users/clang/Sites/gatsby-theme-newrelic/packages/gatsby-theme-newrelic/src/icons/logo.js">
        <metrics statements="0" coveredstatements="0" conditionals="0" coveredconditionals="0" methods="0" coveredmethods="0"/>
      </file>
      <file name="newrelic.js" path="/Users/clang/Sites/gatsby-theme-newrelic/packages/gatsby-theme-newrelic/src/icons/newrelic.js">
        <metrics statements="0" coveredstatements="0" conditionals="0" coveredconditionals="0" methods="0" coveredmethods="0"/>
      </file>
    </package>
    <package name="gatsby-theme-newrelic.src.icons.logo">
      <metrics statements="7" coveredstatements="7" conditionals="0" coveredconditionals="0" methods="3" coveredmethods="3"/>
      <file name="android.js" path="/Users/clang/Sites/gatsby-theme-newrelic/packages/gatsby-theme-newrelic/src/icons/logo/android.js">
        <metrics statements="2" coveredstatements="2" conditionals="0" coveredconditionals="0" methods="1" coveredmethods="1"/>
        <line num="5" count="4" type="stmt"/>
        <line num="6" count="1" type="stmt"/>
      </file>
      <file name="apple.js" path="/Users/clang/Sites/gatsby-theme-newrelic/packages/gatsby-theme-newrelic/src/icons/logo/apple.js">
        <metrics statements="2" coveredstatements="2" conditionals="0" coveredconditionals="0" methods="1" coveredmethods="1"/>
        <line num="5" count="4" type="stmt"/>
        <line num="6" count="1" type="stmt"/>
      </file>
      <file name="newrelic.js" path="/Users/clang/Sites/gatsby-theme-newrelic/packages/gatsby-theme-newrelic/src/icons/logo/newrelic.js">
        <metrics statements="3" coveredstatements="3" conditionals="0" coveredconditionals="0" methods="1" coveredmethods="1"/>
        <line num="5" count="4" type="stmt"/>
        <line num="9" count="4" type="stmt"/>
        <line num="10" count="1" type="stmt"/>
      </file>
    </package>
    <package name="gatsby-theme-newrelic.src.icons.newrelic">
      <metrics statements="10" coveredstatements="10" conditionals="0" coveredconditionals="0" methods="5" coveredmethods="5"/>
      <file name="ai.js" path="/Users/clang/Sites/gatsby-theme-newrelic/packages/gatsby-theme-newrelic/src/icons/newrelic/ai.js">
        <metrics statements="2" coveredstatements="2" conditionals="0" coveredconditionals="0" methods="1" coveredmethods="1"/>
        <line num="5" count="4" type="stmt"/>
        <line num="6" count="1" type="stmt"/>
      </file>
      <file name="dark-mode-toggle.js" path="/Users/clang/Sites/gatsby-theme-newrelic/packages/gatsby-theme-newrelic/src/icons/newrelic/dark-mode-toggle.js">
        <metrics statements="2" coveredstatements="2" conditionals="0" coveredconditionals="0" methods="1" coveredmethods="1"/>
        <line num="5" count="4" type="stmt"/>
        <line num="6" count="1" type="stmt"/>
      </file>
      <file name="fso.js" path="/Users/clang/Sites/gatsby-theme-newrelic/packages/gatsby-theme-newrelic/src/icons/newrelic/fso.js">
        <metrics statements="2" coveredstatements="2" conditionals="0" coveredconditionals="0" methods="1" coveredmethods="1"/>
        <line num="5" count="4" type="stmt"/>
        <line num="6" count="1" type="stmt"/>
      </file>
      <file name="i18n.js" path="/Users/clang/Sites/gatsby-theme-newrelic/packages/gatsby-theme-newrelic/src/icons/newrelic/i18n.js">
        <metrics statements="2" coveredstatements="2" conditionals="0" coveredconditionals="0" methods="1" coveredmethods="1"/>
        <line num="5" count="4" type="stmt"/>
        <line num="6" count="1" type="stmt"/>
      </file>
      <file name="tdp.js" path="/Users/clang/Sites/gatsby-theme-newrelic/packages/gatsby-theme-newrelic/src/icons/newrelic/tdp.js">
        <metrics statements="2" coveredstatements="2" conditionals="0" coveredconditionals="0" methods="1" coveredmethods="1"/>
        <line num="5" count="4" type="stmt"/>
        <line num="6" count="1" type="stmt"/>
      </file>
    </package>
    <package name="gatsby-theme-newrelic.src.test-utils">
      <metrics statements="8" coveredstatements="6" conditionals="2" coveredconditionals="2" methods="2" coveredmethods="1"/>
      <file name="renderHelpers.js" path="/Users/clang/Sites/gatsby-theme-newrelic/packages/gatsby-theme-newrelic/src/test-utils/renderHelpers.js">
        <metrics statements="8" coveredstatements="6" conditionals="2" coveredconditionals="2" methods="2" coveredmethods="1"/>
        <line num="14" count="2" type="stmt"/>
        <line num="16" count="2" type="stmt"/>
        <line num="17" count="0" type="stmt"/>
        <line num="27" count="0" type="stmt"/>
        <line num="35" count="2" type="stmt"/>
        <line num="39" count="14" type="stmt"/>
        <line num="49" count="14" type="stmt"/>
        <line num="51" count="14" type="stmt"/>
      </file>
    </package>
    <package name="gatsby-theme-newrelic.src.utils">
      <metrics statements="116" coveredstatements="75" conditionals="65" coveredconditionals="34" methods="36" coveredmethods="16"/>
      <file name="array.js" path="/Users/clang/Sites/gatsby-theme-newrelic/packages/gatsby-theme-newrelic/src/utils/array.js">
        <metrics statements="4" coveredstatements="2" conditionals="2" coveredconditionals="0" methods="3" coveredmethods="0"/>
        <line num="1" count="1" type="stmt"/>
        <line num="3" count="1" type="stmt"/>
        <line num="4" count="0" type="stmt"/>
        <line num="6" count="0" type="cond" truecount="0" falsecount="2"/>
      </file>
      <file name="codeBlock.js" path="/Users/clang/Sites/gatsby-theme-newrelic/packages/gatsby-theme-newrelic/src/utils/codeBlock.js">
        <metrics statements="2" coveredstatements="2" conditionals="0" coveredconditionals="0" methods="1" coveredmethods="0"/>
        <line num="1" count="1" type="stmt"/>
        <line num="3" count="1" type="stmt"/>
      </file>
      <file name="composeHandlers.js" path="/Users/clang/Sites/gatsby-theme-newrelic/packages/gatsby-theme-newrelic/src/utils/composeHandlers.js">
        <metrics statements="3" coveredstatements="1" conditionals="0" coveredconditionals="0" methods="3" coveredmethods="0"/>
        <line num="2" count="1" type="stmt"/>
        <line num="3" count="0" type="stmt"/>
        <line num="4" count="0" type="stmt"/>
      </file>
      <file name="configBuilder.js" path="/Users/clang/Sites/gatsby-theme-newrelic/packages/gatsby-theme-newrelic/src/utils/configBuilder.js">
        <metrics statements="9" coveredstatements="9" conditionals="9" coveredconditionals="9" methods="2" coveredmethods="2"/>
        <line num="1" count="3" type="stmt"/>
        <line num="2" count="3" type="stmt"/>
        <line num="5" count="3" type="cond" truecount="3" falsecount="0"/>
        <line num="6" count="6" type="stmt"/>
        <line num="7" count="4" type="stmt"/>
        <line num="9" count="4" type="cond" truecount="2" falsecount="0"/>
        <line num="10" count="1" type="stmt"/>
        <line num="13" count="3" type="stmt"/>
        <line num="20" count="3" type="stmt"/>
      </file>
      <file name="constantize.js" path="/Users/clang/Sites/gatsby-theme-newrelic/packages/gatsby-theme-newrelic/src/utils/constantize.js">
        <metrics statements="1" coveredstatements="1" conditionals="0" coveredconditionals="0" methods="1" coveredmethods="1"/>
        <line num="1" count="114" type="stmt"/>
      </file>
      <file name="constants.js" path="/Users/clang/Sites/gatsby-theme-newrelic/packages/gatsby-theme-newrelic/src/utils/constants.js">
        <metrics statements="11" coveredstatements="11" conditionals="0" coveredconditionals="0" methods="1" coveredmethods="1"/>
        <line num="1" count="10" type="stmt"/>
        <line num="3" count="5" type="stmt"/>
        <line num="8" count="5" type="stmt"/>
        <line num="10" count="5" type="stmt"/>
        <line num="12" count="5" type="stmt"/>
        <line num="14" count="5" type="stmt"/>
        <line num="15" count="5" type="stmt"/>
        <line num="16" count="5" type="stmt"/>
        <line num="20" count="5" type="stmt"/>
        <line num="24" count="5" type="stmt"/>
        <line num="29" count="5" type="stmt"/>
      </file>
      <file name="copyToClipboard.js" path="/Users/clang/Sites/gatsby-theme-newrelic/packages/gatsby-theme-newrelic/src/utils/copyToClipboard.js">
        <metrics statements="7" coveredstatements="1" conditionals="0" coveredconditionals="0" methods="1" coveredmethods="0"/>
        <line num="1" count="1" type="stmt"/>
        <line num="2" count="0" type="stmt"/>
        <line num="4" count="0" type="stmt"/>
        <line num="5" count="0" type="stmt"/>
        <line num="6" count="0" type="stmt"/>
        <line num="7" count="0" type="stmt"/>
        <line num="8" count="0" type="stmt"/>
      </file>
      <file name="createTessen.js" path="/Users/clang/Sites/gatsby-theme-newrelic/packages/gatsby-theme-newrelic/src/utils/createTessen.js">
        <metrics statements="25" coveredstatements="19" conditionals="23" coveredconditionals="18" methods="6" coveredmethods="5"/>
        <line num="18" count="8" type="cond" truecount="2" falsecount="0"/>
        <line num="20" count="4" type="stmt"/>
        <line num="21" count="0" type="stmt"/>
        <line num="26" count="0" type="stmt"/>
        <line num="31" count="0" type="stmt"/>
        <line num="36" count="0" type="stmt"/>
        <line num="42" count="4" type="stmt"/>
        <line num="43" count="6" type="cond" truecount="5" falsecount="0"/>
        <line num="46" count="4" type="stmt"/>
        <line num="47" count="122" type="stmt"/>
        <line num="48" count="6" type="cond" truecount="1" falsecount="1"/>
        <line num="49" count="0" type="stmt"/>
        <line num="52" count="6" type="cond" truecount="2" falsecount="0"/>
        <line num="53" count="1" type="stmt"/>
        <line num="59" count="5" type="cond" truecount="2" falsecount="0"/>
        <line num="60" count="1" type="stmt"/>
        <line num="66" count="4" type="cond" truecount="1" falsecount="1"/>
        <line num="67" count="0" type="stmt"/>
        <line num="73" count="4" type="stmt"/>
        <line num="74" count="4" type="stmt"/>
        <line num="79" count="4" type="cond" truecount="1" falsecount="1"/>
        <line num="81" count="4" type="cond" truecount="2" falsecount="0"/>
        <line num="84" count="4" type="stmt"/>
        <line num="87" count="4" type="stmt"/>
        <line num="109" count="61" type="stmt"/>
      </file>
      <file name="formatCode.js" path="/Users/clang/Sites/gatsby-theme-newrelic/packages/gatsby-theme-newrelic/src/utils/formatCode.js">
        <metrics statements="3" coveredstatements="3" conditionals="3" coveredconditionals="1" methods="1" coveredmethods="1"/>
        <line num="7" count="1" type="stmt"/>
        <line num="16" count="1" type="cond" truecount="0" falsecount="1"/>
        <line num="17" count="6" type="stmt"/>
      </file>
      <file name="generateUUID.js" path="/Users/clang/Sites/gatsby-theme-newrelic/packages/gatsby-theme-newrelic/src/utils/generateUUID.js">
        <metrics statements="5" coveredstatements="5" conditionals="2" coveredconditionals="2" methods="2" coveredmethods="2"/>
        <line num="1" count="2" type="stmt"/>
        <line num="2" count="2" type="stmt"/>
        <line num="3" count="62" type="stmt"/>
        <line num="4" count="62" type="cond" truecount="2" falsecount="0"/>
        <line num="6" count="62" type="stmt"/>
      </file>
      <file name="isLocalStorageAvailable.js" path="/Users/clang/Sites/gatsby-theme-newrelic/packages/gatsby-theme-newrelic/src/utils/isLocalStorageAvailable.js">
        <metrics statements="4" coveredstatements="1" conditionals="3" coveredconditionals="0" methods="1" coveredmethods="0"/>
        <line num="1" count="1" type="stmt"/>
        <line num="2" count="0" type="stmt"/>
        <line num="3" count="0" type="stmt"/>
        <line num="9" count="0" type="stmt"/>
      </file>
      <file name="isValidEmail.js" path="/Users/clang/Sites/gatsby-theme-newrelic/packages/gatsby-theme-newrelic/src/utils/isValidEmail.js">
        <metrics statements="5" coveredstatements="4" conditionals="4" coveredconditionals="0" methods="3" coveredmethods="0"/>
        <line num="1" count="1" type="cond" truecount="0" falsecount="2"/>
        <line num="5" count="1" type="stmt"/>
        <line num="6" count="0" type="stmt"/>
        <line num="10" count="1" type="cond" truecount="0" falsecount="2"/>
        <line num="12" count="1" type="stmt"/>
      </file>
      <file name="localization.js" path="/Users/clang/Sites/gatsby-theme-newrelic/packages/gatsby-theme-newrelic/src/utils/localization.js">
        <metrics statements="11" coveredstatements="6" conditionals="6" coveredconditionals="3" methods="2" coveredmethods="1"/>
        <line num="3" count="3" type="stmt"/>
        <line num="4" count="9" type="cond" truecount="2" falsecount="0"/>
        <line num="5" count="7" type="stmt"/>
        <line num="8" count="2" type="stmt"/>
        <line num="10" count="2" type="cond" truecount="1" falsecount="1"/>
        <line num="15" count="3" type="stmt"/>
        <line num="16" count="0" type="cond" truecount="0" falsecount="2"/>
        <line num="17" count="0" type="stmt"/>
        <line num="20" count="0" type="stmt"/>
        <line num="22" count="0" type="stmt"/>
        <line num="24" count="0" type="stmt"/>
      </file>
      <file name="location.js" path="/Users/clang/Sites/gatsby-theme-newrelic/packages/gatsby-theme-newrelic/src/utils/location.js">
        <metrics statements="9" coveredstatements="4" conditionals="6" coveredconditionals="1" methods="3" coveredmethods="1"/>
        <line num="1" count="3" type="stmt"/>
        <line num="3" count="3" type="stmt"/>
        <line num="4" count="2" type="cond" truecount="1" falsecount="1"/>
        <line num="6" count="3" type="stmt"/>
        <line num="8" count="0" type="stmt"/>
        <line num="9" count="0" type="stmt"/>
        <line num="11" count="0" type="cond" truecount="0" falsecount="4"/>
        <line num="12" count="0" type="stmt"/>
        <line num="15" count="0" type="stmt"/>
      </file>
      <file name="mdx.js" path="/Users/clang/Sites/gatsby-theme-newrelic/packages/gatsby-theme-newrelic/src/utils/mdx.js">
        <metrics statements="7" coveredstatements="1" conditionals="7" coveredconditionals="0" methods="2" coveredmethods="0"/>
        <line num="1" count="1" type="cond" truecount="0" falsecount="1"/>
        <line num="2" count="0" type="cond" truecount="0" falsecount="2"/>
        <line num="3" count="0" type="cond" truecount="0" falsecount="2"/>
        <line num="7" count="0" type="stmt"/>
        <line num="8" count="0" type="stmt"/>
        <line num="11" count="0" type="stmt"/>
        <line num="13" count="0" type="stmt"/>
      </file>
      <file name="scrollHeight.js" path="/Users/clang/Sites/gatsby-theme-newrelic/packages/gatsby-theme-newrelic/src/utils/scrollHeight.js">
        <metrics statements="2" coveredstatements="1" conditionals="0" coveredconditionals="0" methods="1" coveredmethods="0"/>
        <line num="2" count="1" type="stmt"/>
        <line num="3" count="0" type="stmt"/>
      </file>
      <file name="titleCase.js" path="/Users/clang/Sites/gatsby-theme-newrelic/packages/gatsby-theme-newrelic/src/utils/titleCase.js">
        <metrics statements="5" coveredstatements="1" conditionals="0" coveredconditionals="0" methods="1" coveredmethods="0"/>
        <line num="1" count="1" type="stmt"/>
        <line num="2" count="0" type="stmt"/>
        <line num="3" count="0" type="stmt"/>
        <line num="4" count="0" type="stmt"/>
        <line num="5" count="0" type="stmt"/>
      </file>
      <file name="transformKeys.js" path="/Users/clang/Sites/gatsby-theme-newrelic/packages/gatsby-theme-newrelic/src/utils/transformKeys.js">
        <metrics statements="3" coveredstatements="3" conditionals="0" coveredconditionals="0" methods="2" coveredmethods="2"/>
        <line num="1" count="4" type="stmt"/>
        <line num="2" count="5" type="stmt"/>
        <line num="3" count="114" type="stmt"/>
      </file>
    </package>
    <package name="gatsby-theme-newrelic.src.utils.config">
      <metrics statements="22" coveredstatements="19" conditionals="10" coveredconditionals="4" methods="5" coveredmethods="2"/>
      <file name="i18n.js" path="/Users/clang/Sites/gatsby-theme-newrelic/packages/gatsby-theme-newrelic/src/utils/config/i18n.js">
        <metrics statements="13" coveredstatements="13" conditionals="5" coveredconditionals="4" methods="3" coveredmethods="2"/>
        <line num="1" count="2" type="stmt"/>
        <line num="2" count="2" type="stmt"/>
        <line num="3" count="2" type="stmt"/>
        <line num="5" count="2" type="stmt"/>
        <line num="29" count="2" type="stmt"/>
        <line num="31" count="2" type="stmt"/>
        <line num="32" count="16" type="cond" truecount="1" falsecount="0"/>
        <line num="33" count="16" type="cond" truecount="2" falsecount="0"/>
        <line num="35" count="16" type="stmt"/>
        <line num="36" count="16" type="stmt"/>
        <line num="38" count="16" type="stmt"/>
        <line num="41" count="16" type="stmt"/>
        <line num="66" count="2" type="stmt"/>
      </file>
      <file name="index.js" path="/Users/clang/Sites/gatsby-theme-newrelic/packages/gatsby-theme-newrelic/src/utils/config/index.js">
        <metrics statements="1" coveredstatements="1" conditionals="0" coveredconditionals="0" methods="0" coveredmethods="0"/>
        <line num="1" count="2" type="stmt"/>
      </file>
      <file name="resolvedEnv.js" path="/Users/clang/Sites/gatsby-theme-newrelic/packages/gatsby-theme-newrelic/src/utils/config/resolvedEnv.js">
        <metrics statements="6" coveredstatements="3" conditionals="5" coveredconditionals="0" methods="2" coveredmethods="0"/>
        <line num="1" count="2" type="stmt"/>
        <line num="3" count="2" type="stmt"/>
        <line num="4" count="0" type="cond" truecount="0" falsecount="4"/>
        <line num="9" count="2" type="stmt"/>
        <line num="10" count="0" type="cond" truecount="0" falsecount="1"/>
        <line num="12" count="0" type="stmt"/>
      </file>
      <file name="tessen.js" path="/Users/clang/Sites/gatsby-theme-newrelic/packages/gatsby-theme-newrelic/src/utils/config/tessen.js">
        <metrics statements="2" coveredstatements="2" conditionals="0" coveredconditionals="0" methods="0" coveredmethods="0"/>
        <line num="1" count="2" type="stmt"/>
        <line num="3" count="2" type="stmt"/>
      </file>
    </package>
  </project>
</coverage>
