{"/Users/clang/Sites/gatsby-theme-newrelic/packages/gatsby-theme-newrelic/index.js": {"path":"/Users/clang/Sites/gatsby-theme-newrelic/packages/gatsby-theme-newrelic/index.js","statementMap":{},"fnMap":{},"branchMap":{},"s":{},"f":{},"b":{},"_coverageSchema":"1a1c01bbd47fc00a2c39e90264f33305004495a9","hash":"5f5933cb95be902ecc82d679940e060b322482b2"}
,"/Users/clang/Sites/gatsby-theme-newrelic/packages/gatsby-theme-newrelic/src/components/AnimatedCard.js": {"path":"/Users/clang/Sites/gatsby-theme-newrelic/packages/gatsby-theme-newrelic/src/components/AnimatedCard.js","statementMap":{"0":{"start":{"line":6,"column":21},"end":{"line":34,"column":1}},"1":{"start":{"line":7,"column":2},"end":{"line":33,"column":4}},"2":{"start":{"line":36,"column":18},"end":{"line":51,"column":1}},"3":{"start":{"line":37,"column":2},"end":{"line":50,"column":12}},"4":{"start":{"line":53,"column":17},"end":{"line":69,"column":1}},"5":{"start":{"line":54,"column":2},"end":{"line":68,"column":12}},"6":{"start":{"line":71,"column":18},"end":{"line":111,"column":1}},"7":{"start":{"line":72,"column":36},"end":{"line":72,"column":44}},"8":{"start":{"line":73,"column":2},"end":{"line":110,"column":4}},"9":{"start":{"line":113,"column":0},"end":{"line":113,"column":31}},"10":{"start":{"line":114,"column":0},"end":{"line":114,"column":29}},"11":{"start":{"line":115,"column":0},"end":{"line":115,"column":31}},"12":{"start":{"line":117,"column":0},"end":{"line":121,"column":2}},"13":{"start":{"line":122,"column":0},"end":{"line":125,"column":2}},"14":{"start":{"line":126,"column":0},"end":{"line":129,"column":2}},"15":{"start":{"line":130,"column":0},"end":{"line":133,"column":2}}},"fnMap":{"0":{"name":"(anonymous_0)","decl":{"start":{"line":6,"column":21},"end":{"line":6,"column":22}},"loc":{"start":{"line":6,"column":59},"end":{"line":34,"column":1}},"line":6},"1":{"name":"(anonymous_1)","decl":{"start":{"line":36,"column":18},"end":{"line":36,"column":19}},"loc":{"start":{"line":37,"column":2},"end":{"line":50,"column":12}},"line":37},"2":{"name":"(anonymous_2)","decl":{"start":{"line":53,"column":17},"end":{"line":53,"column":18}},"loc":{"start":{"line":54,"column":2},"end":{"line":68,"column":12}},"line":54},"3":{"name":"(anonymous_3)","decl":{"start":{"line":71,"column":18},"end":{"line":71,"column":19}},"loc":{"start":{"line":71,"column":47},"end":{"line":111,"column":1}},"line":71}},"branchMap":{"0":{"loc":{"start":{"line":24,"column":12},"end":{"line":27,"column":11}},"type":"binary-expr","locations":[{"start":{"line":24,"column":12},"end":{"line":24,"column":19}},{"start":{"line":25,"column":10},"end":{"line":27,"column":11}}],"line":24}},"s":{"0":1,"1":0,"2":1,"3":0,"4":1,"5":0,"6":1,"7":0,"8":0,"9":1,"10":1,"11":1,"12":1,"13":1,"14":1,"15":1},"f":{"0":0,"1":0,"2":0,"3":0},"b":{"0":[0,0]},"_coverageSchema":"1a1c01bbd47fc00a2c39e90264f33305004495a9","hash":"0585c7cf0868e1cfe01162765313ab09850ba9f7"}
,"/Users/clang/Sites/gatsby-theme-newrelic/packages/gatsby-theme-newrelic/src/components/AnnouncementBanner.js": {"path":"/Users/clang/Sites/gatsby-theme-newrelic/packages/gatsby-theme-newrelic/src/components/AnnouncementBanner.js","statementMap":{"0":{"start":{"line":12,"column":37},"end":{"line":14,"column":1}},"1":{"start":{"line":16,"column":32},"end":{"line":24,"column":1}},"2":{"start":{"line":17,"column":14},"end":{"line":17,"column":24}},"3":{"start":{"line":19,"column":2},"end":{"line":23,"column":4}},"4":{"start":{"line":21,"column":6},"end":{"line":22,"column":48}},"5":{"start":{"line":26,"column":26},"end":{"line":38,"column":1}},"6":{"start":{"line":29,"column":15},"end":{"line":29,"column":44}},"7":{"start":{"line":29,"column":40},"end":{"line":29,"column":43}},"8":{"start":{"line":31,"column":2},"end":{"line":37,"column":4}},"9":{"start":{"line":40,"column":19},"end":{"line":42,"column":1}},"10":{"start":{"line":44,"column":27},"end":{"line":93,"column":1}},"11":{"start":{"line":45,"column":21},"end":{"line":61,"column":4}},"12":{"start":{"line":63,"column":23},"end":{"line":63,"column":60}},"13":{"start":{"line":64,"column":25},"end":{"line":64,"column":78}},"14":{"start":{"line":67,"column":4},"end":{"line":67,"column":38}},"15":{"start":{"line":69,"column":32},"end":{"line":71,"column":3}},"16":{"start":{"line":73,"column":21},"end":{"line":73,"column":36}},"17":{"start":{"line":75,"column":2},"end":{"line":77,"column":3}},"18":{"start":{"line":76,"column":4},"end":{"line":76,"column":16}},"19":{"start":{"line":79,"column":2},"end":{"line":92,"column":11}},"20":{"start":{"line":84,"column":8},"end":{"line":84,"column":26}},"21":{"start":{"line":85,"column":8},"end":{"line":85,"column":53}}},"fnMap":{"0":{"name":"(anonymous_0)","decl":{"start":{"line":16,"column":32},"end":{"line":16,"column":33}},"loc":{"start":{"line":16,"column":51},"end":{"line":24,"column":1}},"line":16},"1":{"name":"(anonymous_1)","decl":{"start":{"line":20,"column":4},"end":{"line":20,"column":5}},"loc":{"start":{"line":21,"column":6},"end":{"line":22,"column":48}},"line":21},"2":{"name":"(anonymous_2)","decl":{"start":{"line":26,"column":26},"end":{"line":26,"column":27}},"loc":{"start":{"line":26,"column":44},"end":{"line":38,"column":1}},"line":26},"3":{"name":"(anonymous_3)","decl":{"start":{"line":29,"column":31},"end":{"line":29,"column":32}},"loc":{"start":{"line":29,"column":40},"end":{"line":29,"column":43}},"line":29},"4":{"name":"(anonymous_4)","decl":{"start":{"line":44,"column":27},"end":{"line":44,"column":28}},"loc":{"start":{"line":44,"column":33},"end":{"line":93,"column":1}},"line":44},"5":{"name":"(anonymous_5)","decl":{"start":{"line":83,"column":15},"end":{"line":83,"column":16}},"loc":{"start":{"line":83,"column":21},"end":{"line":86,"column":7}},"line":83}},"branchMap":{"0":{"loc":{"start":{"line":21,"column":6},"end":{"line":22,"column":48}},"type":"binary-expr","locations":[{"start":{"line":21,"column":6},"end":{"line":21,"column":39}},{"start":{"line":22,"column":6},"end":{"line":22,"column":48}}],"line":21},"1":{"loc":{"start":{"line":29,"column":15},"end":{"line":29,"column":44}},"type":"binary-expr","locations":[{"start":{"line":29,"column":15},"end":{"line":29,"column":26}},{"start":{"line":29,"column":31},"end":{"line":29,"column":43}}],"line":29},"2":{"loc":{"start":{"line":64,"column":25},"end":{"line":64,"column":78}},"type":"cond-expr","locations":[{"start":{"line":64,"column":40},"end":{"line":64,"column":71}},{"start":{"line":64,"column":74},"end":{"line":64,"column":78}}],"line":64},"3":{"loc":{"start":{"line":75,"column":2},"end":{"line":77,"column":3}},"type":"if","locations":[{"start":{"line":75,"column":2},"end":{"line":77,"column":3}},{"start":{},"end":{}}],"line":75},"4":{"loc":{"start":{"line":79,"column":9},"end":{"line":92,"column":10}},"type":"cond-expr","locations":[{"start":{"line":80,"column":4},"end":{"line":91,"column":13}},{"start":{"line":92,"column":6},"end":{"line":92,"column":10}}],"line":79},"5":{"loc":{"start":{"line":79,"column":9},"end":{"line":79,"column":32}},"type":"binary-expr","locations":[{"start":{"line":79,"column":9},"end":{"line":79,"column":21}},{"start":{"line":79,"column":25},"end":{"line":79,"column":32}}],"line":79}},"s":{"0":1,"1":1,"2":0,"3":0,"4":0,"5":1,"6":0,"7":0,"8":0,"9":1,"10":1,"11":0,"12":0,"13":0,"14":0,"15":0,"16":0,"17":0,"18":0,"19":0,"20":0,"21":0},"f":{"0":0,"1":0,"2":0,"3":0,"4":0,"5":0},"b":{"0":[0,0],"1":[0,0],"2":[0,0],"3":[0,0],"4":[0,0],"5":[0,0]},"_coverageSchema":"1a1c01bbd47fc00a2c39e90264f33305004495a9","hash":"cea70d3de8cc039a8de2d1c28b92849edf398ab5"}
,"/Users/clang/Sites/gatsby-theme-newrelic/packages/gatsby-theme-newrelic/src/components/Banner.js": {"path":"/Users/clang/Sites/gatsby-theme-newrelic/packages/gatsby-theme-newrelic/src/components/Banner.js","statementMap":{"0":{"start":{"line":8,"column":15},"end":{"line":72,"column":1}},"1":{"start":{"line":9,"column":16},"end":{"line":9,"column":37}},"2":{"start":{"line":11,"column":2},"end":{"line":71,"column":11}},"3":{"start":{"line":74,"column":0},"end":{"line":78,"column":2}}},"fnMap":{"0":{"name":"(anonymous_0)","decl":{"start":{"line":8,"column":15},"end":{"line":8,"column":16}},"loc":{"start":{"line":8,"column":61},"end":{"line":72,"column":1}},"line":8}},"branchMap":{"0":{"loc":{"start":{"line":11,"column":9},"end":{"line":71,"column":10}},"type":"cond-expr","locations":[{"start":{"line":12,"column":4},"end":{"line":70,"column":10}},{"start":{"line":71,"column":6},"end":{"line":71,"column":10}}],"line":11}},"s":{"0":1,"1":0,"2":0,"3":1},"f":{"0":0},"b":{"0":[0,0]},"_coverageSchema":"1a1c01bbd47fc00a2c39e90264f33305004495a9","hash":"fa441e03b84bebd4e628bd6741dacebf44006971"}
,"/Users/clang/Sites/gatsby-theme-newrelic/packages/gatsby-theme-newrelic/src/components/Button.js": {"path":"/Users/clang/Sites/gatsby-theme-newrelic/packages/gatsby-theme-newrelic/src/components/Button.js","statementMap":{"0":{"start":{"line":5,"column":17},"end":{"line":11,"column":1}},"1":{"start":{"line":13,"column":14},"end":{"line":16,"column":1}},"2":{"start":{"line":18,"column":15},"end":{"line":70,"column":1}},"3":{"start":{"line":72,"column":15},"end":{"line":93,"column":1}},"4":{"start":{"line":90,"column":21},"end":{"line":90,"column":44}},"5":{"start":{"line":91,"column":18},"end":{"line":91,"column":35}},"6":{"start":{"line":92,"column":22},"end":{"line":92,"column":49}},"7":{"start":{"line":95,"column":0},"end":{"line":95,"column":26}},"8":{"start":{"line":96,"column":0},"end":{"line":96,"column":20}},"9":{"start":{"line":98,"column":0},"end":{"line":102,"column":2}}},"fnMap":{"0":{"name":"(anonymous_0)","decl":{"start":{"line":90,"column":4},"end":{"line":90,"column":5}},"loc":{"start":{"line":90,"column":21},"end":{"line":90,"column":44}},"line":90},"1":{"name":"(anonymous_1)","decl":{"start":{"line":91,"column":4},"end":{"line":91,"column":5}},"loc":{"start":{"line":91,"column":18},"end":{"line":91,"column":35}},"line":91},"2":{"name":"(anonymous_2)","decl":{"start":{"line":92,"column":4},"end":{"line":92,"column":5}},"loc":{"start":{"line":92,"column":22},"end":{"line":92,"column":49}},"line":92}},"branchMap":{"0":{"loc":{"start":{"line":92,"column":22},"end":{"line":92,"column":49}},"type":"binary-expr","locations":[{"start":{"line":92,"column":22},"end":{"line":92,"column":30}},{"start":{"line":92,"column":34},"end":{"line":92,"column":49}}],"line":92}},"s":{"0":1,"1":1,"2":1,"3":1,"4":14,"5":14,"6":14,"7":1,"8":1,"9":1},"f":{"0":14,"1":14,"2":14},"b":{"0":[14,0]},"_coverageSchema":"1a1c01bbd47fc00a2c39e90264f33305004495a9","hash":"86e6b657b81ee89cade4761be60637f5500f03f4"}
,"/Users/clang/Sites/gatsby-theme-newrelic/packages/gatsby-theme-newrelic/src/components/Callout.js": {"path":"/Users/clang/Sites/gatsby-theme-newrelic/packages/gatsby-theme-newrelic/src/components/Callout.js","statementMap":{"0":{"start":{"line":6,"column":17},"end":{"line":11,"column":1}},"1":{"start":{"line":13,"column":15},"end":{"line":44,"column":1}},"2":{"start":{"line":46,"column":16},"end":{"line":81,"column":1}},"3":{"start":{"line":47,"column":16},"end":{"line":47,"column":37}},"4":{"start":{"line":49,"column":2},"end":{"line":80,"column":4}},"5":{"start":{"line":83,"column":0},"end":{"line":83,"column":27}},"6":{"start":{"line":85,"column":0},"end":{"line":90,"column":2}}},"fnMap":{"0":{"name":"(anonymous_0)","decl":{"start":{"line":46,"column":16},"end":{"line":46,"column":17}},"loc":{"start":{"line":46,"column":61},"end":{"line":81,"column":1}},"line":46}},"branchMap":{"0":{"loc":{"start":{"line":61,"column":7},"end":{"line":77,"column":7}},"type":"binary-expr","locations":[{"start":{"line":61,"column":7},"end":{"line":61,"column":21}},{"start":{"line":62,"column":8},"end":{"line":76,"column":13}}],"line":61},"1":{"loc":{"start":{"line":70,"column":11},"end":{"line":75,"column":35}},"type":"binary-expr","locations":[{"start":{"line":70,"column":11},"end":{"line":70,"column":16}},{"start":{"line":75,"column":12},"end":{"line":75,"column":35}}],"line":70}},"s":{"0":1,"1":1,"2":1,"3":0,"4":0,"5":1,"6":1},"f":{"0":0},"b":{"0":[0,0],"1":[0,0]},"_coverageSchema":"1a1c01bbd47fc00a2c39e90264f33305004495a9","hash":"74ef36ede5a8dac2199b8d8cd3200b9d372467eb"}
,"/Users/clang/Sites/gatsby-theme-newrelic/packages/gatsby-theme-newrelic/src/components/CodeBlock.js": {"path":"/Users/clang/Sites/gatsby-theme-newrelic/packages/gatsby-theme-newrelic/src/components/CodeBlock.js","statementMap":{"0":{"start":{"line":18,"column":33},"end":{"line":26,"column":1}},"1":{"start":{"line":28,"column":26},"end":{"line":30,"column":1}},"2":{"start":{"line":32,"column":20},"end":{"line":37,"column":26}},"3":{"start":{"line":33,"column":2},"end":{"line":37,"column":26}},"4":{"start":{"line":39,"column":16},"end":{"line":48,"column":1}},"5":{"start":{"line":40,"column":2},"end":{"line":47,"column":3}},"6":{"start":{"line":42,"column":6},"end":{"line":42,"column":54}},"7":{"start":{"line":44,"column":6},"end":{"line":44,"column":48}},"8":{"start":{"line":46,"column":6},"end":{"line":46,"column":19}},"9":{"start":{"line":50,"column":18},"end":{"line":319,"column":1}},"10":{"start":{"line":67,"column":2},"end":{"line":67,"column":29}},"11":{"start":{"line":69,"column":2},"end":{"line":71,"column":3}},"12":{"start":{"line":70,"column":4},"end":{"line":70,"column":21}},"13":{"start":{"line":73,"column":25},"end":{"line":73,"column":46}},"14":{"start":{"line":74,"column":31},"end":{"line":74,"column":58}},"15":{"start":{"line":75,"column":16},"end":{"line":75,"column":37}},"16":{"start":{"line":76,"column":21},"end":{"line":76,"column":68}},"17":{"start":{"line":77,"column":24},"end":{"line":84,"column":4}},"18":{"start":{"line":85,"column":25},"end":{"line":85,"column":39}},"19":{"start":{"line":86,"column":41},"end":{"line":89,"column":4}},"20":{"start":{"line":91,"column":26},"end":{"line":98,"column":3}},"21":{"start":{"line":92,"column":10},"end":{"line":92,"column":60}},"22":{"start":{"line":100,"column":30},"end":{"line":111,"column":3}},"23":{"start":{"line":102,"column":28},"end":{"line":102,"column":50}},"24":{"start":{"line":103,"column":19},"end":{"line":103,"column":64}},"25":{"start":{"line":104,"column":6},"end":{"line":104,"column":29}},"26":{"start":{"line":113,"column":2},"end":{"line":115,"column":22}},"27":{"start":{"line":114,"column":4},"end":{"line":114,"column":59}},"28":{"start":{"line":117,"column":2},"end":{"line":318,"column":4}},"29":{"start":{"line":238,"column":20},"end":{"line":238,"column":63}},"30":{"start":{"line":321,"column":0},"end":{"line":339,"column":2}},"31":{"start":{"line":341,"column":0},"end":{"line":346,"column":2}},"32":{"start":{"line":348,"column":17},"end":{"line":348,"column":70}},"33":{"start":{"line":348,"column":31},"end":{"line":348,"column":70}}},"fnMap":{"0":{"name":"(anonymous_0)","decl":{"start":{"line":32,"column":20},"end":{"line":32,"column":21}},"loc":{"start":{"line":33,"column":2},"end":{"line":37,"column":26}},"line":33},"1":{"name":"(anonymous_1)","decl":{"start":{"line":39,"column":16},"end":{"line":39,"column":17}},"loc":{"start":{"line":39,"column":35},"end":{"line":48,"column":1}},"line":39},"2":{"name":"(anonymous_2)","decl":{"start":{"line":50,"column":18},"end":{"line":50,"column":19}},"loc":{"start":{"line":66,"column":6},"end":{"line":319,"column":1}},"line":66},"3":{"name":"(anonymous_3)","decl":{"start":{"line":92,"column":4},"end":{"line":92,"column":5}},"loc":{"start":{"line":92,"column":10},"end":{"line":92,"column":60}},"line":92},"4":{"name":"(anonymous_4)","decl":{"start":{"line":101,"column":4},"end":{"line":101,"column":5}},"loc":{"start":{"line":101,"column":10},"end":{"line":105,"column":5}},"line":101},"5":{"name":"(anonymous_5)","decl":{"start":{"line":113,"column":12},"end":{"line":113,"column":13}},"loc":{"start":{"line":113,"column":18},"end":{"line":115,"column":3}},"line":113},"6":{"name":"(anonymous_6)","decl":{"start":{"line":237,"column":28},"end":{"line":237,"column":29}},"loc":{"start":{"line":238,"column":20},"end":{"line":238,"column":63}},"line":238},"7":{"name":"(anonymous_7)","decl":{"start":{"line":348,"column":17},"end":{"line":348,"column":18}},"loc":{"start":{"line":348,"column":31},"end":{"line":348,"column":70}},"line":348}},"branchMap":{"0":{"loc":{"start":{"line":40,"column":2},"end":{"line":47,"column":3}},"type":"switch","locations":[{"start":{"line":41,"column":4},"end":{"line":42,"column":54}},{"start":{"line":43,"column":4},"end":{"line":44,"column":48}},{"start":{"line":45,"column":4},"end":{"line":46,"column":19}}],"line":40},"1":{"loc":{"start":{"line":55,"column":14},"end":{"line":55,"column":37}},"type":"default-arg","locations":[{"start":{"line":55,"column":35},"end":{"line":55,"column":37}}],"line":55},"2":{"loc":{"start":{"line":69,"column":2},"end":{"line":71,"column":3}},"type":"if","locations":[{"start":{"line":69,"column":2},"end":{"line":71,"column":3}},{"start":{},"end":{}}],"line":69},"3":{"loc":{"start":{"line":81,"column":6},"end":{"line":83,"column":21}},"type":"cond-expr","locations":[{"start":{"line":82,"column":10},"end":{"line":82,"column":54}},{"start":{"line":83,"column":10},"end":{"line":83,"column":21}}],"line":81},"4":{"loc":{"start":{"line":92,"column":15},"end":{"line":92,"column":59}},"type":"cond-expr","locations":[{"start":{"line":92,"column":38},"end":{"line":92,"column":52}},{"start":{"line":92,"column":55},"end":{"line":92,"column":59}}],"line":92},"5":{"loc":{"start":{"line":119,"column":7},"end":{"line":136,"column":7}},"type":"binary-expr","locations":[{"start":{"line":119,"column":7},"end":{"line":119,"column":14}},{"start":{"line":120,"column":8},"end":{"line":135,"column":23}}],"line":119},"6":{"loc":{"start":{"line":143,"column":14},"end":{"line":147,"column":13}},"type":"binary-expr","locations":[{"start":{"line":143,"column":14},"end":{"line":143,"column":21}},{"start":{"line":144,"column":12},"end":{"line":147,"column":13}}],"line":143},"7":{"loc":{"start":{"line":153,"column":11},"end":{"line":221,"column":11}},"type":"binary-expr","locations":[{"start":{"line":153,"column":11},"end":{"line":153,"column":19}},{"start":{"line":154,"column":12},"end":{"line":220,"column":18}}],"line":153},"8":{"loc":{"start":{"line":176,"column":17},"end":{"line":180,"column":17}},"type":"binary-expr","locations":[{"start":{"line":176,"column":17},"end":{"line":176,"column":25}},{"start":{"line":177,"column":18},"end":{"line":179,"column":35}}],"line":176},"9":{"loc":{"start":{"line":218,"column":17},"end":{"line":218,"column":63}},"type":"cond-expr","locations":[{"start":{"line":218,"column":26},"end":{"line":218,"column":44}},{"start":{"line":218,"column":47},"end":{"line":218,"column":63}}],"line":218},"10":{"loc":{"start":{"line":223,"column":16},"end":{"line":223,"column":42}},"type":"binary-expr","locations":[{"start":{"line":223,"column":16},"end":{"line":223,"column":27}},{"start":{"line":223,"column":31},"end":{"line":223,"column":42}}],"line":223},"11":{"loc":{"start":{"line":229,"column":13},"end":{"line":250,"column":13}},"type":"cond-expr","locations":[{"start":{"line":230,"column":14},"end":{"line":230,"column":61}},{"start":{"line":231,"column":16},"end":{"line":250,"column":13}}],"line":229},"12":{"loc":{"start":{"line":229,"column":13},"end":{"line":229,"column":56}},"type":"binary-expr","locations":[{"start":{"line":229,"column":13},"end":{"line":229,"column":32}},{"start":{"line":229,"column":36},"end":{"line":229,"column":56}}],"line":229},"13":{"loc":{"start":{"line":231,"column":16},"end":{"line":250,"column":13}},"type":"cond-expr","locations":[{"start":{"line":232,"column":14},"end":{"line":241,"column":29}},{"start":{"line":243,"column":14},"end":{"line":249,"column":30}}],"line":231},"14":{"loc":{"start":{"line":252,"column":11},"end":{"line":299,"column":11}},"type":"binary-expr","locations":[{"start":{"line":252,"column":12},"end":{"line":252,"column":20}},{"start":{"line":252,"column":24},"end":{"line":252,"column":32}},{"start":{"line":252,"column":37},"end":{"line":252,"column":46}},{"start":{"line":253,"column":12},"end":{"line":298,"column":18}}],"line":252},"15":{"loc":{"start":{"line":274,"column":17},"end":{"line":278,"column":17}},"type":"binary-expr","locations":[{"start":{"line":274,"column":17},"end":{"line":274,"column":25}},{"start":{"line":275,"column":18},"end":{"line":277,"column":35}}],"line":274},"16":{"loc":{"start":{"line":296,"column":17},"end":{"line":296,"column":63}},"type":"cond-expr","locations":[{"start":{"line":296,"column":26},"end":{"line":296,"column":44}},{"start":{"line":296,"column":47},"end":{"line":296,"column":63}}],"line":296},"17":{"loc":{"start":{"line":301,"column":9},"end":{"line":315,"column":9}},"type":"binary-expr","locations":[{"start":{"line":301,"column":10},"end":{"line":301,"column":14}},{"start":{"line":301,"column":18},"end":{"line":301,"column":25}},{"start":{"line":302,"column":10},"end":{"line":314,"column":25}}],"line":301}},"s":{"0":1,"1":1,"2":1,"3":14,"4":1,"5":7,"6":0,"7":7,"8":0,"9":1,"10":14,"11":14,"12":0,"13":14,"14":14,"15":14,"16":14,"17":14,"18":14,"19":14,"20":14,"21":0,"22":14,"23":0,"24":0,"25":0,"26":14,"27":7,"28":14,"29":0,"30":1,"31":1,"32":1,"33":14},"f":{"0":14,"1":7,"2":14,"3":0,"4":0,"5":7,"6":0,"7":14},"b":{"0":[0,7,0],"1":[14],"2":[0,14],"3":[14,0],"4":[0,0],"5":[14,0],"6":[14,0],"7":[14,0],"8":[0,0],"9":[0,0],"10":[14,14],"11":[10,4],"12":[14,12],"13":[0,4],"14":[14,0,14,14],"15":[14,0],"16":[0,14],"17":[14,14,0]},"_coverageSchema":"1a1c01bbd47fc00a2c39e90264f33305004495a9","hash":"0a607d34b59b45dd8933e807e9fde226bb902b9b"}
,"/Users/clang/Sites/gatsby-theme-newrelic/packages/gatsby-theme-newrelic/src/components/CodeEditor.js": {"path":"/Users/clang/Sites/gatsby-theme-newrelic/packages/gatsby-theme-newrelic/src/components/CodeEditor.js","statementMap":{"0":{"start":{"line":7,"column":19},"end":{"line":47,"column":1}},"1":{"start":{"line":8,"column":26},"end":{"line":8,"column":75}},"2":{"start":{"line":10,"column":2},"end":{"line":46,"column":4}},"3":{"start":{"line":13,"column":26},"end":{"line":15,"column":9}},"4":{"start":{"line":17,"column":8},"end":{"line":43,"column":10}},"5":{"start":{"line":23,"column":14},"end":{"line":30,"column":30}},"6":{"start":{"line":49,"column":0},"end":{"line":54,"column":2}}},"fnMap":{"0":{"name":"(anonymous_0)","decl":{"start":{"line":7,"column":19},"end":{"line":7,"column":20}},"loc":{"start":{"line":7,"column":67},"end":{"line":47,"column":1}},"line":7},"1":{"name":"(anonymous_1)","decl":{"start":{"line":12,"column":7},"end":{"line":12,"column":8}},"loc":{"start":{"line":12,"column":20},"end":{"line":44,"column":7}},"line":12},"2":{"name":"(anonymous_2)","decl":{"start":{"line":22,"column":23},"end":{"line":22,"column":24}},"loc":{"start":{"line":23,"column":14},"end":{"line":30,"column":30}},"line":23}},"branchMap":{"0":{"loc":{"start":{"line":33,"column":14},"end":{"line":36,"column":15}},"type":"binary-expr","locations":[{"start":{"line":33,"column":14},"end":{"line":33,"column":25}},{"start":{"line":34,"column":14},"end":{"line":36,"column":15}}],"line":33}},"s":{"0":1,"1":0,"2":0,"3":0,"4":0,"5":0,"6":1},"f":{"0":0,"1":0,"2":0},"b":{"0":[0,0]},"_coverageSchema":"1a1c01bbd47fc00a2c39e90264f33305004495a9","hash":"f4a8f9dbb5af37c10b1fe9809f8b98aeeb2458a9"}
,"/Users/clang/Sites/gatsby-theme-newrelic/packages/gatsby-theme-newrelic/src/components/CodeHighlight.js": {"path":"/Users/clang/Sites/gatsby-theme-newrelic/packages/gatsby-theme-newrelic/src/components/CodeHighlight.js","statementMap":{"0":{"start":{"line":9,"column":22},"end":{"line":117,"column":1}},"1":{"start":{"line":17,"column":27},"end":{"line":17,"column":69}},"2":{"start":{"line":19,"column":2},"end":{"line":116,"column":4}},"3":{"start":{"line":22,"column":32},"end":{"line":22,"column":60}},"4":{"start":{"line":24,"column":8},"end":{"line":113,"column":10}},"5":{"start":{"line":81,"column":16},"end":{"line":109,"column":22}},"6":{"start":{"line":106,"column":22},"end":{"line":106,"column":65}},"7":{"start":{"line":119,"column":18},"end":{"line":183,"column":1}},"8":{"start":{"line":185,"column":28},"end":{"line":198,"column":1}},"9":{"start":{"line":186,"column":2},"end":{"line":188,"column":3}},"10":{"start":{"line":187,"column":4},"end":{"line":187,"column":21}},"11":{"start":{"line":190,"column":17},"end":{"line":190,"column":74}},"12":{"start":{"line":190,"column":63},"end":{"line":190,"column":73}},"13":{"start":{"line":191,"column":26},"end":{"line":191,"column":75}},"14":{"start":{"line":191,"column":55},"end":{"line":191,"column":74}},"15":{"start":{"line":193,"column":21},"end":{"line":195,"column":57}},"16":{"start":{"line":194,"column":20},"end":{"line":194,"column":48}},"17":{"start":{"line":195,"column":29},"end":{"line":195,"column":52}},"18":{"start":{"line":197,"column":2},"end":{"line":197,"column":55}},"19":{"start":{"line":200,"column":0},"end":{"line":207,"column":2}},"20":{"start":{"line":209,"column":0},"end":{"line":211,"column":2}}},"fnMap":{"0":{"name":"(anonymous_0)","decl":{"start":{"line":9,"column":22},"end":{"line":9,"column":23}},"loc":{"start":{"line":16,"column":6},"end":{"line":117,"column":1}},"line":16},"1":{"name":"(anonymous_1)","decl":{"start":{"line":21,"column":7},"end":{"line":21,"column":8}},"loc":{"start":{"line":21,"column":52},"end":{"line":114,"column":7}},"line":21},"2":{"name":"(anonymous_2)","decl":{"start":{"line":79,"column":26},"end":{"line":79,"column":27}},"loc":{"start":{"line":81,"column":16},"end":{"line":109,"column":22}},"line":81},"3":{"name":"(anonymous_3)","decl":{"start":{"line":104,"column":30},"end":{"line":104,"column":31}},"loc":{"start":{"line":106,"column":22},"end":{"line":106,"column":65}},"line":106},"4":{"name":"(anonymous_4)","decl":{"start":{"line":185,"column":28},"end":{"line":185,"column":29}},"loc":{"start":{"line":185,"column":55},"end":{"line":198,"column":1}},"line":185},"5":{"name":"(anonymous_5)","decl":{"start":{"line":190,"column":54},"end":{"line":190,"column":55}},"loc":{"start":{"line":190,"column":63},"end":{"line":190,"column":73}},"line":190},"6":{"name":"(anonymous_6)","decl":{"start":{"line":191,"column":44},"end":{"line":191,"column":45}},"loc":{"start":{"line":191,"column":55},"end":{"line":191,"column":74}},"line":191},"7":{"name":"(anonymous_7)","decl":{"start":{"line":194,"column":9},"end":{"line":194,"column":10}},"loc":{"start":{"line":194,"column":20},"end":{"line":194,"column":48}},"line":194},"8":{"name":"(anonymous_8)","decl":{"start":{"line":195,"column":12},"end":{"line":195,"column":13}},"loc":{"start":{"line":195,"column":29},"end":{"line":195,"column":52}},"line":195}},"branchMap":{"0":{"loc":{"start":{"line":34,"column":29},"end":{"line":34,"column":54}},"type":"cond-expr","locations":[{"start":{"line":34,"column":36},"end":{"line":34,"column":46}},{"start":{"line":34,"column":49},"end":{"line":34,"column":54}}],"line":34},"1":{"loc":{"start":{"line":42,"column":16},"end":{"line":49,"column":15}},"type":"binary-expr","locations":[{"start":{"line":42,"column":16},"end":{"line":42,"column":27}},{"start":{"line":43,"column":14},"end":{"line":49,"column":15}}],"line":42},"2":{"loc":{"start":{"line":85,"column":19},"end":{"line":95,"column":19}},"type":"binary-expr","locations":[{"start":{"line":85,"column":19},"end":{"line":85,"column":30}},{"start":{"line":86,"column":20},"end":{"line":94,"column":26}}],"line":85},"3":{"loc":{"start":{"line":98,"column":22},"end":{"line":101,"column":23}},"type":"binary-expr","locations":[{"start":{"line":98,"column":22},"end":{"line":98,"column":51}},{"start":{"line":99,"column":22},"end":{"line":101,"column":23}}],"line":98},"4":{"loc":{"start":{"line":186,"column":2},"end":{"line":188,"column":3}},"type":"if","locations":[{"start":{"line":186,"column":2},"end":{"line":188,"column":3}},{"start":{},"end":{}}],"line":186}},"s":{"0":1,"1":4,"2":4,"3":4,"4":4,"5":30,"6":146,"7":1,"8":1,"9":4,"10":4,"11":0,"12":0,"13":0,"14":0,"15":0,"16":0,"17":0,"18":0,"19":1,"20":1},"f":{"0":4,"1":4,"2":30,"3":146,"4":4,"5":0,"6":0,"7":0,"8":0},"b":{"0":[0,4],"1":[4,0],"2":[30,0],"3":[30,0],"4":[4,0]},"_coverageSchema":"1a1c01bbd47fc00a2c39e90264f33305004495a9","hash":"0c00f3888343fd3e5cf96556b9003fafe51f53e1"}
,"/Users/clang/Sites/gatsby-theme-newrelic/packages/gatsby-theme-newrelic/src/components/Collapser.js": {"path":"/Users/clang/Sites/gatsby-theme-newrelic/packages/gatsby-theme-newrelic/src/components/Collapser.js","statementMap":{"0":{"start":{"line":12,"column":23},"end":{"line":12,"column":71}},"1":{"start":{"line":14,"column":18},"end":{"line":171,"column":1}},"2":{"start":{"line":15,"column":26},"end":{"line":15,"column":42}},"3":{"start":{"line":16,"column":19},"end":{"line":16,"column":32}},"4":{"start":{"line":17,"column":25},"end":{"line":17,"column":35}},"5":{"start":{"line":18,"column":30},"end":{"line":23,"column":4}},"6":{"start":{"line":19,"column":4},"end":{"line":22,"column":20}},"7":{"start":{"line":24,"column":30},"end":{"line":24,"column":41}},"8":{"start":{"line":25,"column":33},"end":{"line":25,"column":75}},"9":{"start":{"line":26,"column":25},"end":{"line":26,"column":44}},"10":{"start":{"line":28,"column":2},"end":{"line":28,"column":64}},"11":{"start":{"line":28,"column":38},"end":{"line":28,"column":62}},"12":{"start":{"line":30,"column":2},"end":{"line":34,"column":26}},"13":{"start":{"line":31,"column":4},"end":{"line":33,"column":5}},"14":{"start":{"line":32,"column":6},"end":{"line":32,"column":22}},"15":{"start":{"line":36,"column":19},"end":{"line":48,"column":3}},"16":{"start":{"line":38,"column":6},"end":{"line":46,"column":8}},"17":{"start":{"line":43,"column":27},"end":{"line":43,"column":63}},"18":{"start":{"line":45,"column":8},"end":{"line":45,"column":26}},"19":{"start":{"line":50,"column":2},"end":{"line":56,"column":16}},"20":{"start":{"line":51,"column":4},"end":{"line":53,"column":5}},"21":{"start":{"line":52,"column":6},"end":{"line":52,"column":32}},"22":{"start":{"line":55,"column":4},"end":{"line":55,"column":39}},"23":{"start":{"line":55,"column":17},"end":{"line":55,"column":38}},"24":{"start":{"line":58,"column":2},"end":{"line":170,"column":4}},"25":{"start":{"line":73,"column":23},"end":{"line":73,"column":53}},"26":{"start":{"line":73,"column":45},"end":{"line":73,"column":52}},"27":{"start":{"line":173,"column":0},"end":{"line":178,"column":2}},"28":{"start":{"line":180,"column":0},"end":{"line":182,"column":2}}},"fnMap":{"0":{"name":"(anonymous_0)","decl":{"start":{"line":14,"column":18},"end":{"line":14,"column":19}},"loc":{"start":{"line":14,"column":60},"end":{"line":171,"column":1}},"line":14},"1":{"name":"(anonymous_1)","decl":{"start":{"line":18,"column":39},"end":{"line":18,"column":40}},"loc":{"start":{"line":18,"column":45},"end":{"line":23,"column":3}},"line":18},"2":{"name":"(anonymous_2)","decl":{"start":{"line":28,"column":31},"end":{"line":28,"column":32}},"loc":{"start":{"line":28,"column":38},"end":{"line":28,"column":62}},"line":28},"3":{"name":"(anonymous_3)","decl":{"start":{"line":30,"column":12},"end":{"line":30,"column":13}},"loc":{"start":{"line":30,"column":18},"end":{"line":34,"column":3}},"line":30},"4":{"name":"(anonymous_4)","decl":{"start":{"line":37,"column":4},"end":{"line":37,"column":5}},"loc":{"start":{"line":38,"column":6},"end":{"line":46,"column":8}},"line":38},"5":{"name":"(anonymous_5)","decl":{"start":{"line":38,"column":25},"end":{"line":38,"column":26}},"loc":{"start":{"line":38,"column":38},"end":{"line":46,"column":7}},"line":38},"6":{"name":"(anonymous_6)","decl":{"start":{"line":50,"column":28},"end":{"line":50,"column":29}},"loc":{"start":{"line":50,"column":34},"end":{"line":56,"column":3}},"line":50},"7":{"name":"(anonymous_7)","decl":{"start":{"line":55,"column":11},"end":{"line":55,"column":12}},"loc":{"start":{"line":55,"column":17},"end":{"line":55,"column":38}},"line":55},"8":{"name":"(anonymous_8)","decl":{"start":{"line":73,"column":17},"end":{"line":73,"column":18}},"loc":{"start":{"line":73,"column":23},"end":{"line":73,"column":53}},"line":73},"9":{"name":"(anonymous_9)","decl":{"start":{"line":73,"column":33},"end":{"line":73,"column":34}},"loc":{"start":{"line":73,"column":45},"end":{"line":73,"column":52}},"line":73}},"branchMap":{"0":{"loc":{"start":{"line":12,"column":23},"end":{"line":12,"column":71}},"type":"binary-expr","locations":[{"start":{"line":12,"column":23},"end":{"line":12,"column":44}},{"start":{"line":12,"column":48},"end":{"line":12,"column":71}}],"line":12},"1":{"loc":{"start":{"line":19,"column":11},"end":{"line":22,"column":19}},"type":"cond-expr","locations":[{"start":{"line":21,"column":8},"end":{"line":21,"column":12}},{"start":{"line":22,"column":8},"end":{"line":22,"column":19}}],"line":19},"2":{"loc":{"start":{"line":19,"column":11},"end":{"line":20,"column":46}},"type":"binary-expr","locations":[{"start":{"line":19,"column":11},"end":{"line":19,"column":40}},{"start":{"line":20,"column":6},"end":{"line":20,"column":46}}],"line":19},"3":{"loc":{"start":{"line":25,"column":53},"end":{"line":25,"column":72}},"type":"cond-expr","locations":[{"start":{"line":25,"column":62},"end":{"line":25,"column":68}},{"start":{"line":25,"column":71},"end":{"line":25,"column":72}}],"line":25},"4":{"loc":{"start":{"line":31,"column":4},"end":{"line":33,"column":5}},"type":"if","locations":[{"start":{"line":31,"column":4},"end":{"line":33,"column":5}},{"start":{},"end":{}}],"line":31},"5":{"loc":{"start":{"line":31,"column":8},"end":{"line":31,"column":53}},"type":"binary-expr","locations":[{"start":{"line":31,"column":8},"end":{"line":31,"column":10}},{"start":{"line":31,"column":14},"end":{"line":31,"column":53}}],"line":31},"6":{"loc":{"start":{"line":51,"column":4},"end":{"line":53,"column":5}},"type":"if","locations":[{"start":{"line":51,"column":4},"end":{"line":53,"column":5}},{"start":{},"end":{}}],"line":51},"7":{"loc":{"start":{"line":118,"column":11},"end":{"line":134,"column":11}},"type":"binary-expr","locations":[{"start":{"line":118,"column":11},"end":{"line":118,"column":13}},{"start":{"line":119,"column":12},"end":{"line":133,"column":19}}],"line":118},"8":{"loc":{"start":{"line":147,"column":14},"end":{"line":147,"column":52}},"type":"binary-expr","locations":[{"start":{"line":147,"column":14},"end":{"line":147,"column":20}},{"start":{"line":147,"column":24},"end":{"line":147,"column":52}}],"line":147},"9":{"loc":{"start":{"line":153,"column":25},"end":{"line":153,"column":71}},"type":"cond-expr","locations":[{"start":{"line":153,"column":52},"end":{"line":153,"column":58}},{"start":{"line":153,"column":61},"end":{"line":153,"column":71}}],"line":153},"10":{"loc":{"start":{"line":153,"column":25},"end":{"line":153,"column":49}},"type":"binary-expr","locations":[{"start":{"line":153,"column":25},"end":{"line":153,"column":31}},{"start":{"line":153,"column":35},"end":{"line":153,"column":49}}],"line":153}},"s":{"0":2,"1":2,"2":12,"3":12,"4":12,"5":12,"6":5,"7":12,"8":12,"9":12,"10":12,"11":2,"12":12,"13":5,"14":0,"15":12,"16":5,"17":0,"18":0,"19":12,"20":10,"21":5,"22":10,"23":10,"24":12,"25":0,"26":0,"27":2,"28":2},"f":{"0":12,"1":5,"2":2,"3":5,"4":5,"5":0,"6":10,"7":10,"8":0,"9":0},"b":{"0":[2,0],"1":[1,4],"2":[5,1],"3":[6,6],"4":[0,5],"5":[5,0],"6":[5,5],"7":[12,0],"8":[12,6],"9":[2,10],"10":[12,6]},"_coverageSchema":"1a1c01bbd47fc00a2c39e90264f33305004495a9","hash":"c87099c3d86c0ebc289ea5c7ebf00ff5e9effd51"}
,"/Users/clang/Sites/gatsby-theme-newrelic/packages/gatsby-theme-newrelic/src/components/CollapserGroup.js": {"path":"/Users/clang/Sites/gatsby-theme-newrelic/packages/gatsby-theme-newrelic/src/components/CollapserGroup.js","statementMap":{"0":{"start":{"line":5,"column":23},"end":{"line":18,"column":1}},"1":{"start":{"line":6,"column":2},"end":{"line":17,"column":4}},"2":{"start":{"line":20,"column":0},"end":{"line":23,"column":2}}},"fnMap":{"0":{"name":"(anonymous_0)","decl":{"start":{"line":5,"column":23},"end":{"line":5,"column":24}},"loc":{"start":{"line":5,"column":52},"end":{"line":18,"column":1}},"line":5}},"branchMap":{},"s":{"0":1,"1":0,"2":1},"f":{"0":0},"b":{},"_coverageSchema":"1a1c01bbd47fc00a2c39e90264f33305004495a9","hash":"a9d72993599657a40ee548c1586eaeecef83c0d7"}
,"/Users/clang/Sites/gatsby-theme-newrelic/packages/gatsby-theme-newrelic/src/components/ComplexFeedback.js": {"path":"/Users/clang/Sites/gatsby-theme-newrelic/packages/gatsby-theme-newrelic/src/components/ComplexFeedback.js","statementMap":{"0":{"start":{"line":15,"column":24},"end":{"line":309,"column":1}},"1":{"start":{"line":16,"column":42},"end":{"line":16,"column":56}},"2":{"start":{"line":17,"column":42},"end":{"line":17,"column":56}},"3":{"start":{"line":18,"column":36},"end":{"line":18,"column":50}},"4":{"start":{"line":19,"column":42},"end":{"line":19,"column":57}},"5":{"start":{"line":20,"column":44},"end":{"line":20,"column":59}},"6":{"start":{"line":21,"column":16},"end":{"line":21,"column":37}},"7":{"start":{"line":22,"column":17},"end":{"line":22,"column":28}},"8":{"start":{"line":23,"column":19},"end":{"line":23,"column":32}},"9":{"start":{"line":24,"column":25},"end":{"line":24,"column":39}},"10":{"start":{"line":26,"column":25},"end":{"line":34,"column":3}},"11":{"start":{"line":27,"column":4},"end":{"line":33,"column":7}},"12":{"start":{"line":28,"column":6},"end":{"line":32,"column":7}},"13":{"start":{"line":29,"column":8},"end":{"line":29,"column":41}},"14":{"start":{"line":31,"column":8},"end":{"line":31,"column":20}},"15":{"start":{"line":36,"column":33},"end":{"line":45,"column":3}},"16":{"start":{"line":38,"column":4},"end":{"line":44,"column":7}},"17":{"start":{"line":39,"column":6},"end":{"line":43,"column":31}},"18":{"start":{"line":47,"column":30},"end":{"line":55,"column":3}},"19":{"start":{"line":48,"column":4},"end":{"line":48,"column":34}},"20":{"start":{"line":49,"column":4},"end":{"line":49,"column":26}},"21":{"start":{"line":50,"column":4},"end":{"line":54,"column":7}},"22":{"start":{"line":57,"column":23},"end":{"line":90,"column":3}},"23":{"start":{"line":58,"column":4},"end":{"line":58,"column":27}},"24":{"start":{"line":59,"column":4},"end":{"line":59,"column":27}},"25":{"start":{"line":60,"column":27},"end":{"line":60,"column":57}},"26":{"start":{"line":61,"column":4},"end":{"line":67,"column":7}},"27":{"start":{"line":68,"column":27},"end":{"line":76,"column":5}},"28":{"start":{"line":77,"column":4},"end":{"line":89,"column":5}},"29":{"start":{"line":78,"column":6},"end":{"line":88,"column":8}},"30":{"start":{"line":92,"column":22},"end":{"line":96,"column":3}},"31":{"start":{"line":93,"column":4},"end":{"line":93,"column":26}},"32":{"start":{"line":94,"column":4},"end":{"line":94,"column":28}},"33":{"start":{"line":95,"column":4},"end":{"line":95,"column":26}},"34":{"start":{"line":98,"column":2},"end":{"line":308,"column":4}},"35":{"start":{"line":174,"column":29},"end":{"line":174,"column":55}},"36":{"start":{"line":201,"column":29},"end":{"line":201,"column":54}},"37":{"start":{"line":233,"column":18},"end":{"line":233,"column":50}},"38":{"start":{"line":257,"column":18},"end":{"line":257,"column":47}},"39":{"start":{"line":258,"column":18},"end":{"line":260,"column":20}},"40":{"start":{"line":311,"column":0},"end":{"line":313,"column":2}}},"fnMap":{"0":{"name":"(anonymous_0)","decl":{"start":{"line":15,"column":24},"end":{"line":15,"column":25}},"loc":{"start":{"line":15,"column":43},"end":{"line":309,"column":1}},"line":15},"1":{"name":"(anonymous_1)","decl":{"start":{"line":26,"column":25},"end":{"line":26,"column":26}},"loc":{"start":{"line":26,"column":31},"end":{"line":34,"column":3}},"line":26},"2":{"name":"(anonymous_2)","decl":{"start":{"line":27,"column":23},"end":{"line":27,"column":24}},"loc":{"start":{"line":27,"column":44},"end":{"line":33,"column":5}},"line":27},"3":{"name":"(anonymous_3)","decl":{"start":{"line":36,"column":33},"end":{"line":36,"column":34}},"loc":{"start":{"line":36,"column":39},"end":{"line":45,"column":3}},"line":36},"4":{"name":"(anonymous_4)","decl":{"start":{"line":38,"column":23},"end":{"line":38,"column":24}},"loc":{"start":{"line":38,"column":44},"end":{"line":44,"column":5}},"line":38},"5":{"name":"(anonymous_5)","decl":{"start":{"line":47,"column":30},"end":{"line":47,"column":31}},"loc":{"start":{"line":47,"column":48},"end":{"line":55,"column":3}},"line":47},"6":{"name":"(anonymous_6)","decl":{"start":{"line":57,"column":23},"end":{"line":57,"column":24}},"loc":{"start":{"line":57,"column":35},"end":{"line":90,"column":3}},"line":57},"7":{"name":"(anonymous_7)","decl":{"start":{"line":92,"column":22},"end":{"line":92,"column":23}},"loc":{"start":{"line":92,"column":28},"end":{"line":96,"column":3}},"line":92},"8":{"name":"(anonymous_8)","decl":{"start":{"line":174,"column":23},"end":{"line":174,"column":24}},"loc":{"start":{"line":174,"column":29},"end":{"line":174,"column":55}},"line":174},"9":{"name":"(anonymous_9)","decl":{"start":{"line":201,"column":23},"end":{"line":201,"column":24}},"loc":{"start":{"line":201,"column":29},"end":{"line":201,"column":54}},"line":201},"10":{"name":"(anonymous_10)","decl":{"start":{"line":232,"column":26},"end":{"line":232,"column":27}},"loc":{"start":{"line":232,"column":33},"end":{"line":234,"column":17}},"line":232},"11":{"name":"(anonymous_11)","decl":{"start":{"line":256,"column":26},"end":{"line":256,"column":27}},"loc":{"start":{"line":256,"column":33},"end":{"line":261,"column":17}},"line":256}},"branchMap":{"0":{"loc":{"start":{"line":77,"column":4},"end":{"line":89,"column":5}},"type":"if","locations":[{"start":{"line":77,"column":4},"end":{"line":89,"column":5}},{"start":{},"end":{}}],"line":77},"1":{"loc":{"start":{"line":121,"column":7},"end":{"line":306,"column":7}},"type":"cond-expr","locations":[{"start":{"line":122,"column":8},"end":{"line":140,"column":13}},{"start":{"line":142,"column":8},"end":{"line":305,"column":11}}],"line":121},"2":{"loc":{"start":{"line":181,"column":18},"end":{"line":185,"column":17}},"type":"binary-expr","locations":[{"start":{"line":181,"column":18},"end":{"line":181,"column":40}},{"start":{"line":182,"column":16},"end":{"line":185,"column":17}}],"line":181},"3":{"loc":{"start":{"line":208,"column":18},"end":{"line":212,"column":17}},"type":"binary-expr","locations":[{"start":{"line":208,"column":18},"end":{"line":208,"column":39}},{"start":{"line":209,"column":16},"end":{"line":212,"column":17}}],"line":208},"4":{"loc":{"start":{"line":226,"column":11},"end":{"line":304,"column":11}},"type":"binary-expr","locations":[{"start":{"line":226,"column":11},"end":{"line":226,"column":23}},{"start":{"line":227,"column":12},"end":{"line":303,"column":15}}],"line":226},"5":{"loc":{"start":{"line":259,"column":20},"end":{"line":259,"column":79}},"type":"binary-expr","locations":[{"start":{"line":259,"column":20},"end":{"line":259,"column":48}},{"start":{"line":259,"column":52},"end":{"line":259,"column":79}}],"line":259},"6":{"loc":{"start":{"line":269,"column":15},"end":{"line":281,"column":15}},"type":"binary-expr","locations":[{"start":{"line":269,"column":15},"end":{"line":269,"column":24}},{"start":{"line":269,"column":28},"end":{"line":269,"column":52}},{"start":{"line":270,"column":16},"end":{"line":280,"column":20}}],"line":269}},"s":{"0":1,"1":0,"2":0,"3":0,"4":0,"5":0,"6":0,"7":0,"8":0,"9":0,"10":0,"11":0,"12":0,"13":0,"14":0,"15":0,"16":0,"17":0,"18":0,"19":0,"20":0,"21":0,"22":0,"23":0,"24":0,"25":0,"26":0,"27":0,"28":0,"29":0,"30":0,"31":0,"32":0,"33":0,"34":0,"35":0,"36":0,"37":0,"38":0,"39":0,"40":1},"f":{"0":0,"1":0,"2":0,"3":0,"4":0,"5":0,"6":0,"7":0,"8":0,"9":0,"10":0,"11":0},"b":{"0":[0,0],"1":[0,0],"2":[0,0],"3":[0,0],"4":[0,0],"5":[0,0],"6":[0,0,0]},"_coverageSchema":"1a1c01bbd47fc00a2c39e90264f33305004495a9","hash":"462809229af24ce9c16dac8e3b7b69b9a4952757"}
,"/Users/clang/Sites/gatsby-theme-newrelic/packages/gatsby-theme-newrelic/src/components/Context.js": {"path":"/Users/clang/Sites/gatsby-theme-newrelic/packages/gatsby-theme-newrelic/src/components/Context.js","statementMap":{},"fnMap":{},"branchMap":{},"s":{},"f":{},"b":{},"_coverageSchema":"1a1c01bbd47fc00a2c39e90264f33305004495a9","hash":"22be383a58b3465c2dbad5bf60dc2126acb36d06"}
,"/Users/clang/Sites/gatsby-theme-newrelic/packages/gatsby-theme-newrelic/src/components/ContributingGuidelines.js": {"path":"/Users/clang/Sites/gatsby-theme-newrelic/packages/gatsby-theme-newrelic/src/components/ContributingGuidelines.js","statementMap":{"0":{"start":{"line":9,"column":31},"end":{"line":37,"column":1}},"1":{"start":{"line":10,"column":21},"end":{"line":10,"column":32}},"2":{"start":{"line":12,"column":2},"end":{"line":36,"column":4}},"3":{"start":{"line":39,"column":0},"end":{"line":42,"column":2}}},"fnMap":{"0":{"name":"(anonymous_0)","decl":{"start":{"line":9,"column":31},"end":{"line":9,"column":32}},"loc":{"start":{"line":9,"column":68},"end":{"line":37,"column":1}},"line":9}},"branchMap":{"0":{"loc":{"start":{"line":21,"column":7},"end":{"line":34,"column":7}},"type":"binary-expr","locations":[{"start":{"line":21,"column":7},"end":{"line":21,"column":23}},{"start":{"line":21,"column":27},"end":{"line":21,"column":42}},{"start":{"line":22,"column":8},"end":{"line":33,"column":10}}],"line":21}},"s":{"0":1,"1":0,"2":0,"3":1},"f":{"0":0},"b":{"0":[0,0,0]},"_coverageSchema":"1a1c01bbd47fc00a2c39e90264f33305004495a9","hash":"1b1b9e99bb78b7583c074b859e2220f68d4a9f71"}
,"/Users/clang/Sites/gatsby-theme-newrelic/packages/gatsby-theme-newrelic/src/components/CreateIssueButton.js": {"path":"/Users/clang/Sites/gatsby-theme-newrelic/packages/gatsby-theme-newrelic/src/components/CreateIssueButton.js","statementMap":{"0":{"start":{"line":9,"column":19},"end":{"line":19,"column":1}},"1":{"start":{"line":21,"column":26},"end":{"line":52,"column":1}},"2":{"start":{"line":28,"column":16},"end":{"line":28,"column":37}},"3":{"start":{"line":29,"column":22},"end":{"line":33,"column":4}},"4":{"start":{"line":35,"column":2},"end":{"line":51,"column":4}},"5":{"start":{"line":54,"column":0},"end":{"line":61,"column":2}}},"fnMap":{"0":{"name":"(anonymous_0)","decl":{"start":{"line":21,"column":26},"end":{"line":21,"column":27}},"loc":{"start":{"line":27,"column":6},"end":{"line":52,"column":1}},"line":27}},"branchMap":{"0":{"loc":{"start":{"line":22,"column":2},"end":{"line":22,"column":18}},"type":"default-arg","locations":[{"start":{"line":22,"column":11},"end":{"line":22,"column":18}}],"line":22},"1":{"loc":{"start":{"line":38,"column":18},"end":{"line":38,"column":52}},"type":"binary-expr","locations":[{"start":{"line":38,"column":18},"end":{"line":38,"column":27}},{"start":{"line":38,"column":31},"end":{"line":38,"column":52}}],"line":38}},"s":{"0":1,"1":1,"2":0,"3":0,"4":0,"5":1},"f":{"0":0},"b":{"0":[0],"1":[0,0]},"_coverageSchema":"1a1c01bbd47fc00a2c39e90264f33305004495a9","hash":"c7a6c109e3cfd09bf411b13959baae03a552e903"}
,"/Users/clang/Sites/gatsby-theme-newrelic/packages/gatsby-theme-newrelic/src/components/CustomTextInput.js": {"path":"/Users/clang/Sites/gatsby-theme-newrelic/packages/gatsby-theme-newrelic/src/components/CustomTextInput.js","statementMap":{"0":{"start":{"line":10,"column":24},"end":{"line":167,"column":1}},"1":{"start":{"line":25,"column":2},"end":{"line":39,"column":4}},"2":{"start":{"line":27,"column":6},"end":{"line":35,"column":7}},"3":{"start":{"line":28,"column":8},"end":{"line":34,"column":11}},"4":{"start":{"line":40,"column":2},"end":{"line":166,"column":4}},"5":{"start":{"line":169,"column":0},"end":{"line":186,"column":2}}},"fnMap":{"0":{"name":"(anonymous_0)","decl":{"start":{"line":10,"column":24},"end":{"line":10,"column":25}},"loc":{"start":{"line":24,"column":6},"end":{"line":167,"column":1}},"line":24},"1":{"name":"(anonymous_1)","decl":{"start":{"line":26,"column":4},"end":{"line":26,"column":5}},"loc":{"start":{"line":26,"column":10},"end":{"line":36,"column":5}},"line":26}},"branchMap":{"0":{"loc":{"start":{"line":12,"column":2},"end":{"line":12,"column":15}},"type":"default-arg","locations":[{"start":{"line":12,"column":10},"end":{"line":12,"column":15}}],"line":12},"1":{"loc":{"start":{"line":27,"column":6},"end":{"line":35,"column":7}},"type":"if","locations":[{"start":{"line":27,"column":6},"end":{"line":35,"column":7}},{"start":{},"end":{}}],"line":27},"2":{"loc":{"start":{"line":27,"column":10},"end":{"line":27,"column":44}},"type":"binary-expr","locations":[{"start":{"line":27,"column":10},"end":{"line":27,"column":32}},{"start":{"line":27,"column":36},"end":{"line":27,"column":44}}],"line":27},"3":{"loc":{"start":{"line":64,"column":9},"end":{"line":115,"column":9}},"type":"binary-expr","locations":[{"start":{"line":64,"column":9},"end":{"line":64,"column":16}},{"start":{"line":65,"column":10},"end":{"line":114,"column":16}}],"line":64},"4":{"loc":{"start":{"line":116,"column":9},"end":{"line":126,"column":9}},"type":"binary-expr","locations":[{"start":{"line":116,"column":9},"end":{"line":116,"column":12}},{"start":{"line":117,"column":10},"end":{"line":125,"column":17}}],"line":116},"5":{"loc":{"start":{"line":149,"column":12},"end":{"line":153,"column":11}},"type":"binary-expr","locations":[{"start":{"line":149,"column":12},"end":{"line":149,"column":17}},{"start":{"line":150,"column":10},"end":{"line":153,"column":11}}],"line":149},"6":{"loc":{"start":{"line":156,"column":7},"end":{"line":164,"column":7}},"type":"binary-expr","locations":[{"start":{"line":156,"column":7},"end":{"line":156,"column":12}},{"start":{"line":156,"column":16},"end":{"line":156,"column":28}},{"start":{"line":157,"column":8},"end":{"line":163,"column":12}}],"line":156}},"s":{"0":1,"1":0,"2":0,"3":0,"4":0,"5":1},"f":{"0":0,"1":0},"b":{"0":[0],"1":[0,0],"2":[0,0],"3":[0,0],"4":[0,0],"5":[0,0],"6":[0,0,0]},"_coverageSchema":"1a1c01bbd47fc00a2c39e90264f33305004495a9","hash":"dd4e2dffb689c50fa4b05b07b7d00b4c185ef4da"}
,"/Users/clang/Sites/gatsby-theme-newrelic/packages/gatsby-theme-newrelic/src/components/DarkModeToggle.js": {"path":"/Users/clang/Sites/gatsby-theme-newrelic/packages/gatsby-theme-newrelic/src/components/DarkModeToggle.js","statementMap":{"0":{"start":{"line":10,"column":23},"end":{"line":93,"column":1}},"1":{"start":{"line":11,"column":24},"end":{"line":11,"column":29}},"2":{"start":{"line":14,"column":26},"end":{"line":16,"column":32}},"3":{"start":{"line":17,"column":19},"end":{"line":17,"column":62}},"4":{"start":{"line":19,"column":30},"end":{"line":28,"column":3}},"5":{"start":{"line":21,"column":28},"end":{"line":27,"column":5}},"6":{"start":{"line":30,"column":2},"end":{"line":92,"column":4}},"7":{"start":{"line":35,"column":8},"end":{"line":35,"column":26}},"8":{"start":{"line":37,"column":8},"end":{"line":39,"column":11}},"9":{"start":{"line":41,"column":8},"end":{"line":46,"column":9}},"10":{"start":{"line":42,"column":10},"end":{"line":45,"column":12}},"11":{"start":{"line":48,"column":8},"end":{"line":50,"column":9}},"12":{"start":{"line":49,"column":10},"end":{"line":49,"column":21}},"13":{"start":{"line":95,"column":0},"end":{"line":99,"column":2}}},"fnMap":{"0":{"name":"(anonymous_0)","decl":{"start":{"line":10,"column":23},"end":{"line":10,"column":24}},"loc":{"start":{"line":10,"column":57},"end":{"line":93,"column":1}},"line":10},"1":{"name":"(anonymous_1)","decl":{"start":{"line":21,"column":4},"end":{"line":21,"column":5}},"loc":{"start":{"line":21,"column":28},"end":{"line":27,"column":5}},"line":21},"2":{"name":"(anonymous_2)","decl":{"start":{"line":34,"column":15},"end":{"line":34,"column":16}},"loc":{"start":{"line":34,"column":22},"end":{"line":51,"column":7}},"line":34}},"branchMap":{"0":{"loc":{"start":{"line":14,"column":26},"end":{"line":16,"column":32}},"type":"cond-expr","locations":[{"start":{"line":15,"column":6},"end":{"line":15,"column":8}},{"start":{"line":16,"column":6},"end":{"line":16,"column":32}}],"line":14},"1":{"loc":{"start":{"line":38,"column":25},"end":{"line":38,"column":58}},"type":"cond-expr","locations":[{"start":{"line":38,"column":42},"end":{"line":38,"column":48}},{"start":{"line":38,"column":51},"end":{"line":38,"column":58}}],"line":38},"2":{"loc":{"start":{"line":41,"column":8},"end":{"line":46,"column":9}},"type":"if","locations":[{"start":{"line":41,"column":8},"end":{"line":46,"column":9}},{"start":{},"end":{}}],"line":41},"3":{"loc":{"start":{"line":44,"column":12},"end":{"line":44,"column":45}},"type":"cond-expr","locations":[{"start":{"line":44,"column":29},"end":{"line":44,"column":35}},{"start":{"line":44,"column":38},"end":{"line":44,"column":45}}],"line":44},"4":{"loc":{"start":{"line":48,"column":8},"end":{"line":50,"column":9}},"type":"if","locations":[{"start":{"line":48,"column":8},"end":{"line":50,"column":9}},{"start":{},"end":{}}],"line":48}},"s":{"0":1,"1":0,"2":0,"3":0,"4":0,"5":0,"6":0,"7":0,"8":0,"9":0,"10":0,"11":0,"12":0,"13":1},"f":{"0":0,"1":0,"2":0},"b":{"0":[0,0],"1":[0,0],"2":[0,0],"3":[0,0],"4":[0,0]},"_coverageSchema":"1a1c01bbd47fc00a2c39e90264f33305004495a9","hash":"1970bf763b3ac08d168ee9017d438c417e916050"}
,"/Users/clang/Sites/gatsby-theme-newrelic/packages/gatsby-theme-newrelic/src/components/EditPageButton.js": {"path":"/Users/clang/Sites/gatsby-theme-newrelic/packages/gatsby-theme-newrelic/src/components/EditPageButton.js","statementMap":{"0":{"start":{"line":11,"column":23},"end":{"line":59,"column":1}},"1":{"start":{"line":17,"column":16},"end":{"line":17,"column":37}},"2":{"start":{"line":18,"column":22},"end":{"line":22,"column":4}},"3":{"start":{"line":28,"column":6},"end":{"line":37,"column":4}},"4":{"start":{"line":39,"column":2},"end":{"line":58,"column":4}},"5":{"start":{"line":61,"column":0},"end":{"line":67,"column":2}}},"fnMap":{"0":{"name":"(anonymous_0)","decl":{"start":{"line":11,"column":23},"end":{"line":11,"column":24}},"loc":{"start":{"line":16,"column":6},"end":{"line":59,"column":1}},"line":16}},"branchMap":{"0":{"loc":{"start":{"line":43,"column":42},"end":{"line":43,"column":64}},"type":"binary-expr","locations":[{"start":{"line":43,"column":42},"end":{"line":43,"column":58}},{"start":{"line":43,"column":62},"end":{"line":43,"column":64}}],"line":43}},"s":{"0":1,"1":0,"2":0,"3":0,"4":0,"5":1},"f":{"0":0},"b":{"0":[0,0]},"_coverageSchema":"1a1c01bbd47fc00a2c39e90264f33305004495a9","hash":"948343a6bb9b0c6a19feba0611535b1e2ebb4848"}
,"/Users/clang/Sites/gatsby-theme-newrelic/packages/gatsby-theme-newrelic/src/components/ExternalLink.js": {"path":"/Users/clang/Sites/gatsby-theme-newrelic/packages/gatsby-theme-newrelic/src/components/ExternalLink.js","statementMap":{"0":{"start":{"line":5,"column":21},"end":{"line":7,"column":1}},"1":{"start":{"line":6,"column":2},"end":{"line":6,"column":39}},"2":{"start":{"line":9,"column":0},"end":{"line":11,"column":2}}},"fnMap":{"0":{"name":"(anonymous_0)","decl":{"start":{"line":5,"column":21},"end":{"line":5,"column":22}},"loc":{"start":{"line":5,"column":45},"end":{"line":7,"column":1}},"line":5}},"branchMap":{},"s":{"0":1,"1":0,"2":1},"f":{"0":0},"b":{},"_coverageSchema":"1a1c01bbd47fc00a2c39e90264f33305004495a9","hash":"955afbdfc82e61b71bf499148efd26c545631d07"}
,"/Users/clang/Sites/gatsby-theme-newrelic/packages/gatsby-theme-newrelic/src/components/FeatherSVG.js": {"path":"/Users/clang/Sites/gatsby-theme-newrelic/packages/gatsby-theme-newrelic/src/components/FeatherSVG.js","statementMap":{"0":{"start":{"line":6,"column":19},"end":{"line":20,"column":1}},"1":{"start":{"line":7,"column":2},"end":{"line":19,"column":8}},"2":{"start":{"line":22,"column":0},"end":{"line":25,"column":2}}},"fnMap":{"0":{"name":"(anonymous_0)","decl":{"start":{"line":6,"column":19},"end":{"line":6,"column":20}},"loc":{"start":{"line":7,"column":2},"end":{"line":19,"column":8}},"line":7}},"branchMap":{},"s":{"0":4,"1":56,"2":4},"f":{"0":56},"b":{},"_coverageSchema":"1a1c01bbd47fc00a2c39e90264f33305004495a9","hash":"6b8f16b2db6a762253e58931fb9f61cc6591ab24"}
,"/Users/clang/Sites/gatsby-theme-newrelic/packages/gatsby-theme-newrelic/src/components/GitHubIssueButton.js": {"path":"/Users/clang/Sites/gatsby-theme-newrelic/packages/gatsby-theme-newrelic/src/components/GitHubIssueButton.js","statementMap":{"0":{"start":{"line":9,"column":36},"end":{"line":25,"column":1}},"1":{"start":{"line":10,"column":34},"end":{"line":10,"column":60}},"2":{"start":{"line":12,"column":2},"end":{"line":24,"column":2}},"3":{"start":{"line":27,"column":29},"end":{"line":28,"column":62}},"4":{"start":{"line":28,"column":2},"end":{"line":28,"column":62}},"5":{"start":{"line":30,"column":23},"end":{"line":49,"column":1}},"6":{"start":{"line":31,"column":14},"end":{"line":31,"column":49}},"7":{"start":{"line":32,"column":17},"end":{"line":32,"column":38}},"8":{"start":{"line":34,"column":2},"end":{"line":36,"column":3}},"9":{"start":{"line":35,"column":4},"end":{"line":35,"column":43}},"10":{"start":{"line":38,"column":2},"end":{"line":40,"column":3}},"11":{"start":{"line":39,"column":4},"end":{"line":39,"column":36}},"12":{"start":{"line":42,"column":2},"end":{"line":44,"column":3}},"13":{"start":{"line":43,"column":4},"end":{"line":43,"column":34}},"14":{"start":{"line":46,"column":2},"end":{"line":46,"column":22}},"15":{"start":{"line":48,"column":2},"end":{"line":48,"column":18}},"16":{"start":{"line":51,"column":26},"end":{"line":84,"column":1}},"17":{"start":{"line":52,"column":23},"end":{"line":52,"column":36}},"18":{"start":{"line":58,"column":6},"end":{"line":67,"column":4}},"19":{"start":{"line":69,"column":18},"end":{"line":69,"column":49}},"20":{"start":{"line":71,"column":2},"end":{"line":83,"column":4}},"21":{"start":{"line":86,"column":0},"end":{"line":90,"column":2}}},"fnMap":{"0":{"name":"(anonymous_0)","decl":{"start":{"line":9,"column":36},"end":{"line":9,"column":37}},"loc":{"start":{"line":9,"column":53},"end":{"line":25,"column":1}},"line":9},"1":{"name":"(anonymous_1)","decl":{"start":{"line":27,"column":29},"end":{"line":27,"column":30}},"loc":{"start":{"line":28,"column":2},"end":{"line":28,"column":62}},"line":28},"2":{"name":"(anonymous_2)","decl":{"start":{"line":30,"column":23},"end":{"line":30,"column":24}},"loc":{"start":{"line":30,"column":79},"end":{"line":49,"column":1}},"line":30},"3":{"name":"(anonymous_3)","decl":{"start":{"line":51,"column":26},"end":{"line":51,"column":27}},"loc":{"start":{"line":51,"column":75},"end":{"line":84,"column":1}},"line":51}},"branchMap":{"0":{"loc":{"start":{"line":20,"column":4},"end":{"line":20,"column":37}},"type":"binary-expr","locations":[{"start":{"line":20,"column":4},"end":{"line":20,"column":15}},{"start":{"line":20,"column":19},"end":{"line":20,"column":37}}],"line":20},"1":{"loc":{"start":{"line":28,"column":17},"end":{"line":28,"column":60}},"type":"binary-expr","locations":[{"start":{"line":28,"column":17},"end":{"line":28,"column":47}},{"start":{"line":28,"column":51},"end":{"line":28,"column":60}}],"line":28},"2":{"loc":{"start":{"line":30,"column":61},"end":{"line":30,"column":72}},"type":"default-arg","locations":[{"start":{"line":30,"column":70},"end":{"line":30,"column":72}}],"line":30},"3":{"loc":{"start":{"line":34,"column":2},"end":{"line":36,"column":3}},"type":"if","locations":[{"start":{"line":34,"column":2},"end":{"line":36,"column":3}},{"start":{},"end":{}}],"line":34},"4":{"loc":{"start":{"line":38,"column":2},"end":{"line":40,"column":3}},"type":"if","locations":[{"start":{"line":38,"column":2},"end":{"line":40,"column":3}},{"start":{},"end":{}}],"line":38},"5":{"loc":{"start":{"line":42,"column":2},"end":{"line":44,"column":3}},"type":"if","locations":[{"start":{"line":42,"column":2},"end":{"line":44,"column":3}},{"start":{},"end":{}}],"line":42}},"s":{"0":1,"1":0,"2":0,"3":1,"4":0,"5":1,"6":0,"7":0,"8":0,"9":0,"10":0,"11":0,"12":0,"13":0,"14":0,"15":0,"16":1,"17":0,"18":0,"19":0,"20":0,"21":1},"f":{"0":0,"1":0,"2":0,"3":0},"b":{"0":[0,0],"1":[0,0],"2":[0],"3":[0,0],"4":[0,0],"5":[0,0]},"_coverageSchema":"1a1c01bbd47fc00a2c39e90264f33305004495a9","hash":"dacfc52d9a7a3e3b8092cd7c2293fc89e6b71dff"}
,"/Users/clang/Sites/gatsby-theme-newrelic/packages/gatsby-theme-newrelic/src/components/GlobalFooter.js": {"path":"/Users/clang/Sites/gatsby-theme-newrelic/packages/gatsby-theme-newrelic/src/components/GlobalFooter.js","statementMap":{"0":{"start":{"line":15,"column":24},"end":{"line":15,"column":48}},"1":{"start":{"line":16,"column":13},"end":{"line":16,"column":37}},"2":{"start":{"line":18,"column":21},"end":{"line":157,"column":1}},"3":{"start":{"line":19,"column":16},"end":{"line":19,"column":37}},"4":{"start":{"line":20,"column":23},"end":{"line":26,"column":4}},"5":{"start":{"line":28,"column":19},"end":{"line":33,"column":3}},"6":{"start":{"line":29,"column":4},"end":{"line":31,"column":5}},"7":{"start":{"line":30,"column":6},"end":{"line":30,"column":40}},"8":{"start":{"line":32,"column":4},"end":{"line":32,"column":17}},"9":{"start":{"line":35,"column":29},"end":{"line":37,"column":3}},"10":{"start":{"line":36,"column":4},"end":{"line":36,"column":64}},"11":{"start":{"line":39,"column":2},"end":{"line":156,"column":4}},"12":{"start":{"line":159,"column":0},"end":{"line":161,"column":2}}},"fnMap":{"0":{"name":"(anonymous_0)","decl":{"start":{"line":18,"column":21},"end":{"line":18,"column":22}},"loc":{"start":{"line":18,"column":40},"end":{"line":157,"column":1}},"line":18},"1":{"name":"(anonymous_1)","decl":{"start":{"line":28,"column":19},"end":{"line":28,"column":20}},"loc":{"start":{"line":28,"column":25},"end":{"line":33,"column":3}},"line":28},"2":{"name":"(anonymous_2)","decl":{"start":{"line":35,"column":29},"end":{"line":35,"column":30}},"loc":{"start":{"line":35,"column":35},"end":{"line":37,"column":3}},"line":35}},"branchMap":{"0":{"loc":{"start":{"line":29,"column":4},"end":{"line":31,"column":5}},"type":"if","locations":[{"start":{"line":29,"column":4},"end":{"line":31,"column":5}},{"start":{},"end":{}}],"line":29},"1":{"loc":{"start":{"line":113,"column":15},"end":{"line":119,"column":15}},"type":"cond-expr","locations":[{"start":{"line":114,"column":16},"end":{"line":114,"column":80}},{"start":{"line":116,"column":16},"end":{"line":118,"column":31}}],"line":113},"2":{"loc":{"start":{"line":127,"column":15},"end":{"line":142,"column":15}},"type":"binary-expr","locations":[{"start":{"line":127,"column":15},"end":{"line":127,"column":25}},{"start":{"line":128,"column":16},"end":{"line":141,"column":25}}],"line":127}},"s":{"0":1,"1":1,"2":1,"3":0,"4":0,"5":0,"6":0,"7":0,"8":0,"9":0,"10":0,"11":0,"12":1},"f":{"0":0,"1":0,"2":0},"b":{"0":[0,0],"1":[0,0],"2":[0,0]},"_coverageSchema":"1a1c01bbd47fc00a2c39e90264f33305004495a9","hash":"df5553a23b725e94eb31b2b263c32f61e9577748"}
,"/Users/clang/Sites/gatsby-theme-newrelic/packages/gatsby-theme-newrelic/src/components/GlobalHeader.js": {"path":"/Users/clang/Sites/gatsby-theme-newrelic/packages/gatsby-theme-newrelic/src/components/GlobalHeader.js","statementMap":{"0":{"start":{"line":23,"column":24},"end":{"line":28,"column":1}},"1":{"start":{"line":30,"column":21},"end":{"line":30,"column":30}},"2":{"start":{"line":32,"column":0},"end":{"line":47,"column":5}},"3":{"start":{"line":49,"column":22},"end":{"line":79,"column":1}},"4":{"start":{"line":50,"column":18},"end":{"line":50,"column":20}},"5":{"start":{"line":51,"column":2},"end":{"line":77,"column":5}},"6":{"start":{"line":52,"column":4},"end":{"line":76,"column":5}},"7":{"start":{"line":54,"column":8},"end":{"line":67,"column":10}},"8":{"start":{"line":68,"column":8},"end":{"line":68,"column":14}},"9":{"start":{"line":70,"column":8},"end":{"line":74,"column":10}},"10":{"start":{"line":75,"column":8},"end":{"line":75,"column":14}},"11":{"start":{"line":78,"column":2},"end":{"line":78,"column":17}},"12":{"start":{"line":83,"column":23},"end":{"line":83,"column":31}},"13":{"start":{"line":84,"column":29},"end":{"line":84,"column":36}},"14":{"start":{"line":85,"column":26},"end":{"line":85,"column":34}},"15":{"start":{"line":87,"column":21},"end":{"line":484,"column":1}},"16":{"start":{"line":88,"column":21},"end":{"line":88,"column":36}},"17":{"start":{"line":89,"column":19},"end":{"line":89,"column":32}},"18":{"start":{"line":90,"column":59},"end":{"line":90,"column":75}},"19":{"start":{"line":91,"column":16},"end":{"line":91,"column":37}},"20":{"start":{"line":98,"column":6},"end":{"line":113,"column":4}},"21":{"start":{"line":115,"column":23},"end":{"line":115,"column":67}},"22":{"start":{"line":117,"column":26},"end":{"line":119,"column":3}},"23":{"start":{"line":118,"column":40},"end":{"line":118,"column":46}},"24":{"start":{"line":121,"column":28},"end":{"line":127,"column":5}},"25":{"start":{"line":121,"column":74},"end":{"line":127,"column":3}},"26":{"start":{"line":129,"column":2},"end":{"line":483,"column":4}},"27":{"start":{"line":133,"column":10},"end":{"line":133,"column":32}},"28":{"start":{"line":335,"column":22},"end":{"line":335,"column":45}},"29":{"start":{"line":395,"column":22},"end":{"line":409,"column":42}},"30":{"start":{"line":397,"column":39},"end":{"line":397,"column":68}},"31":{"start":{"line":486,"column":0},"end":{"line":490,"column":2}}},"fnMap":{"0":{"name":"(anonymous_0)","decl":{"start":{"line":49,"column":22},"end":{"line":49,"column":23}},"loc":{"start":{"line":49,"column":55},"end":{"line":79,"column":1}},"line":49},"1":{"name":"(anonymous_1)","decl":{"start":{"line":51,"column":23},"end":{"line":51,"column":24}},"loc":{"start":{"line":51,"column":43},"end":{"line":77,"column":3}},"line":51},"2":{"name":"(anonymous_2)","decl":{"start":{"line":87,"column":21},"end":{"line":87,"column":22}},"loc":{"start":{"line":87,"column":72},"end":{"line":484,"column":1}},"line":87},"3":{"name":"(anonymous_3)","decl":{"start":{"line":118,"column":24},"end":{"line":118,"column":25}},"loc":{"start":{"line":118,"column":40},"end":{"line":118,"column":46}},"line":118},"4":{"name":"(anonymous_4)","decl":{"start":{"line":121,"column":57},"end":{"line":121,"column":58}},"loc":{"start":{"line":121,"column":74},"end":{"line":127,"column":3}},"line":121},"5":{"name":"(anonymous_5)","decl":{"start":{"line":132,"column":17},"end":{"line":132,"column":18}},"loc":{"start":{"line":132,"column":23},"end":{"line":134,"column":9}},"line":132},"6":{"name":"(anonymous_6)","decl":{"start":{"line":334,"column":29},"end":{"line":334,"column":30}},"loc":{"start":{"line":334,"column":35},"end":{"line":336,"column":21}},"line":334},"7":{"name":"(anonymous_7)","decl":{"start":{"line":394,"column":33},"end":{"line":394,"column":34}},"loc":{"start":{"line":395,"column":22},"end":{"line":409,"column":42}},"line":395},"8":{"name":"(anonymous_8)","decl":{"start":{"line":397,"column":33},"end":{"line":397,"column":34}},"loc":{"start":{"line":397,"column":39},"end":{"line":397,"column":68}},"line":397}},"branchMap":{"0":{"loc":{"start":{"line":49,"column":33},"end":{"line":49,"column":50}},"type":"default-arg","locations":[{"start":{"line":49,"column":46},"end":{"line":49,"column":50}}],"line":49},"1":{"loc":{"start":{"line":52,"column":4},"end":{"line":76,"column":5}},"type":"switch","locations":[{"start":{"line":53,"column":6},"end":{"line":68,"column":14}},{"start":{"line":69,"column":6},"end":{"line":75,"column":14}}],"line":52},"2":{"loc":{"start":{"line":58,"column":26},"end":{"line":58,"column":68}},"type":"binary-expr","locations":[{"start":{"line":58,"column":26},"end":{"line":58,"column":36}},{"start":{"line":58,"column":40},"end":{"line":58,"column":68}}],"line":58},"3":{"loc":{"start":{"line":87,"column":47},"end":{"line":87,"column":65}},"type":"default-arg","locations":[{"start":{"line":87,"column":60},"end":{"line":87,"column":65}}],"line":87},"4":{"loc":{"start":{"line":135,"column":16},"end":{"line":135,"column":50}},"type":"binary-expr","locations":[{"start":{"line":135,"column":16},"end":{"line":135,"column":26}},{"start":{"line":135,"column":30},"end":{"line":135,"column":50}}],"line":135},"5":{"loc":{"start":{"line":219,"column":22},"end":{"line":219,"column":53}},"type":"cond-expr","locations":[{"start":{"line":219,"column":37},"end":{"line":219,"column":43}},{"start":{"line":219,"column":46},"end":{"line":219,"column":53}}],"line":219},"6":{"loc":{"start":{"line":315,"column":15},"end":{"line":339,"column":15}},"type":"binary-expr","locations":[{"start":{"line":315,"column":15},"end":{"line":315,"column":26}},{"start":{"line":316,"column":16},"end":{"line":338,"column":19}}],"line":315},"7":{"loc":{"start":{"line":377,"column":15},"end":{"line":413,"column":15}},"type":"binary-expr","locations":[{"start":{"line":377,"column":15},"end":{"line":377,"column":33}},{"start":{"line":378,"column":16},"end":{"line":412,"column":27}}],"line":377},"8":{"loc":{"start":{"line":400,"column":26},"end":{"line":400,"column":55}},"type":"cond-expr","locations":[{"start":{"line":400,"column":38},"end":{"line":400,"column":40}},{"start":{"line":400,"column":43},"end":{"line":400,"column":55}}],"line":400}},"s":{"0":1,"1":1,"2":1,"3":1,"4":0,"5":0,"6":0,"7":0,"8":0,"9":0,"10":0,"11":0,"12":1,"13":1,"14":1,"15":1,"16":0,"17":0,"18":0,"19":0,"20":0,"21":0,"22":0,"23":0,"24":0,"25":0,"26":0,"27":0,"28":0,"29":0,"30":0,"31":1},"f":{"0":0,"1":0,"2":0,"3":0,"4":0,"5":0,"6":0,"7":0,"8":0},"b":{"0":[0],"1":[0,0],"2":[0,0],"3":[0],"4":[0,0],"5":[0,0],"6":[0,0],"7":[0,0],"8":[0,0]},"_coverageSchema":"1a1c01bbd47fc00a2c39e90264f33305004495a9","hash":"aac7d9752e4abaf0733351236c6c08c28b9f4c04"}
,"/Users/clang/Sites/gatsby-theme-newrelic/packages/gatsby-theme-newrelic/src/components/GlobalNavLink.js": {"path":"/Users/clang/Sites/gatsby-theme-newrelic/packages/gatsby-theme-newrelic/src/components/GlobalNavLink.js","statementMap":{"0":{"start":{"line":7,"column":22},"end":{"line":66,"column":1}},"1":{"start":{"line":18,"column":6},"end":{"line":26,"column":4}},"2":{"start":{"line":31,"column":4},"end":{"line":32,"column":44}},"3":{"start":{"line":34,"column":20},"end":{"line":34,"column":55}},"4":{"start":{"line":35,"column":16},"end":{"line":35,"column":54}},"5":{"start":{"line":37,"column":2},"end":{"line":65,"column":4}},"6":{"start":{"line":68,"column":0},"end":{"line":77,"column":2}}},"fnMap":{"0":{"name":"(anonymous_0)","decl":{"start":{"line":7,"column":22},"end":{"line":7,"column":23}},"loc":{"start":{"line":13,"column":6},"end":{"line":66,"column":1}},"line":13}},"branchMap":{"0":{"loc":{"start":{"line":31,"column":4},"end":{"line":32,"column":44}},"type":"binary-expr","locations":[{"start":{"line":31,"column":5},"end":{"line":31,"column":29}},{"start":{"line":31,"column":33},"end":{"line":31,"column":44}},{"start":{"line":32,"column":5},"end":{"line":32,"column":15}},{"start":{"line":32,"column":19},"end":{"line":32,"column":43}}],"line":31},"1":{"loc":{"start":{"line":34,"column":20},"end":{"line":34,"column":55}},"type":"cond-expr","locations":[{"start":{"line":34,"column":36},"end":{"line":34,"column":40}},{"start":{"line":34,"column":43},"end":{"line":34,"column":55}}],"line":34},"2":{"loc":{"start":{"line":35,"column":16},"end":{"line":35,"column":54}},"type":"cond-expr","locations":[{"start":{"line":35,"column":32},"end":{"line":35,"column":43}},{"start":{"line":35,"column":46},"end":{"line":35,"column":54}}],"line":35}},"s":{"0":1,"1":0,"2":0,"3":0,"4":0,"5":0,"6":1},"f":{"0":0},"b":{"0":[0,0,0,0],"1":[0,0],"2":[0,0]},"_coverageSchema":"1a1c01bbd47fc00a2c39e90264f33305004495a9","hash":"01e4ba6e5859999a3817af01303c25aa0df3434b"}
,"/Users/clang/Sites/gatsby-theme-newrelic/packages/gatsby-theme-newrelic/src/components/HamburgerMenu.js": {"path":"/Users/clang/Sites/gatsby-theme-newrelic/packages/gatsby-theme-newrelic/src/components/HamburgerMenu.js","statementMap":{"0":{"start":{"line":5,"column":17},"end":{"line":12,"column":1}},"1":{"start":{"line":14,"column":22},"end":{"line":44,"column":1}},"2":{"start":{"line":15,"column":2},"end":{"line":43,"column":11}},"3":{"start":{"line":38,"column":19},"end":{"line":38,"column":29}},"4":{"start":{"line":46,"column":0},"end":{"line":50,"column":2}},"5":{"start":{"line":52,"column":0},"end":{"line":54,"column":2}}},"fnMap":{"0":{"name":"(anonymous_0)","decl":{"start":{"line":14,"column":22},"end":{"line":14,"column":23}},"loc":{"start":{"line":15,"column":2},"end":{"line":43,"column":11}},"line":15},"1":{"name":"(anonymous_1)","decl":{"start":{"line":38,"column":13},"end":{"line":38,"column":14}},"loc":{"start":{"line":38,"column":19},"end":{"line":38,"column":29}},"line":38}},"branchMap":{},"s":{"0":1,"1":1,"2":0,"3":0,"4":1,"5":1},"f":{"0":0,"1":0},"b":{},"_coverageSchema":"1a1c01bbd47fc00a2c39e90264f33305004495a9","hash":"1505ef0d45395b3233071a61afd29b459ee087a6"}
,"/Users/clang/Sites/gatsby-theme-newrelic/packages/gatsby-theme-newrelic/src/components/Icon.js": {"path":"/Users/clang/Sites/gatsby-theme-newrelic/packages/gatsby-theme-newrelic/src/components/Icon.js","statementMap":{"0":{"start":{"line":10,"column":14},"end":{"line":10,"column":54}},"1":{"start":{"line":12,"column":13},"end":{"line":36,"column":1}},"2":{"start":{"line":13,"column":22},"end":{"line":13,"column":40}},"3":{"start":{"line":14,"column":22},"end":{"line":14,"column":33}},"4":{"start":{"line":16,"column":2},"end":{"line":21,"column":3}},"5":{"start":{"line":17,"column":4},"end":{"line":20,"column":6}},"6":{"start":{"line":23,"column":2},"end":{"line":29,"column":3}},"7":{"start":{"line":24,"column":4},"end":{"line":28,"column":6}},"8":{"start":{"line":31,"column":2},"end":{"line":33,"column":3}},"9":{"start":{"line":32,"column":4},"end":{"line":32,"column":38}},"10":{"start":{"line":35,"column":2},"end":{"line":35,"column":62}},"11":{"start":{"line":38,"column":0},"end":{"line":42,"column":2}},"12":{"start":{"line":44,"column":0},"end":{"line":44,"column":18}}},"fnMap":{"0":{"name":"(anonymous_0)","decl":{"start":{"line":12,"column":13},"end":{"line":12,"column":14}},"loc":{"start":{"line":12,"column":37},"end":{"line":36,"column":1}},"line":12}},"branchMap":{"0":{"loc":{"start":{"line":16,"column":2},"end":{"line":21,"column":3}},"type":"if","locations":[{"start":{"line":16,"column":2},"end":{"line":21,"column":3}},{"start":{},"end":{}}],"line":16},"1":{"loc":{"start":{"line":23,"column":2},"end":{"line":29,"column":3}},"type":"if","locations":[{"start":{"line":23,"column":2},"end":{"line":29,"column":3}},{"start":{},"end":{}}],"line":23},"2":{"loc":{"start":{"line":24,"column":11},"end":{"line":28,"column":5}},"type":"cond-expr","locations":[{"start":{"line":25,"column":6},"end":{"line":25,"column":55}},{"start":{"line":27,"column":6},"end":{"line":27,"column":32}}],"line":24},"3":{"loc":{"start":{"line":31,"column":2},"end":{"line":33,"column":3}},"type":"if","locations":[{"start":{"line":31,"column":2},"end":{"line":33,"column":3}},{"start":{},"end":{}}],"line":31}},"s":{"0":4,"1":4,"2":66,"3":66,"4":66,"5":0,"6":66,"7":0,"8":66,"9":64,"10":2,"11":4,"12":4},"f":{"0":66},"b":{"0":[0,66],"1":[0,66],"2":[0,0],"3":[64,2]},"_coverageSchema":"1a1c01bbd47fc00a2c39e90264f33305004495a9","hash":"1274d240283ff95a88b6db3cc75122386db22ff8"}
,"/Users/clang/Sites/gatsby-theme-newrelic/packages/gatsby-theme-newrelic/src/components/InlineCode.js": {"path":"/Users/clang/Sites/gatsby-theme-newrelic/packages/gatsby-theme-newrelic/src/components/InlineCode.js","statementMap":{"0":{"start":{"line":4,"column":19},"end":{"line":4,"column":60}},"1":{"start":{"line":4,"column":37},"end":{"line":4,"column":60}},"2":{"start":{"line":6,"column":0},"end":{"line":8,"column":2}}},"fnMap":{"0":{"name":"(anonymous_0)","decl":{"start":{"line":4,"column":19},"end":{"line":4,"column":20}},"loc":{"start":{"line":4,"column":37},"end":{"line":4,"column":60}},"line":4}},"branchMap":{},"s":{"0":1,"1":0,"2":1},"f":{"0":0},"b":{},"_coverageSchema":"1a1c01bbd47fc00a2c39e90264f33305004495a9","hash":"9f34fc2e713aba7b03441e418b84d83b5e2eb809"}
,"/Users/clang/Sites/gatsby-theme-newrelic/packages/gatsby-theme-newrelic/src/components/InteractiveForm.js": {"path":"/Users/clang/Sites/gatsby-theme-newrelic/packages/gatsby-theme-newrelic/src/components/InteractiveForm.js","statementMap":{"0":{"start":{"line":7,"column":24},"end":{"line":59,"column":1}},"1":{"start":{"line":8,"column":2},"end":{"line":58,"column":4}},"2":{"start":{"line":61,"column":12},"end":{"line":63,"column":1}},"3":{"start":{"line":62,"column":2},"end":{"line":62,"column":69}},"4":{"start":{"line":65,"column":18},"end":{"line":67,"column":1}},"5":{"start":{"line":66,"column":2},"end":{"line":66,"column":18}},"6":{"start":{"line":69,"column":0},"end":{"line":69,"column":26}},"7":{"start":{"line":70,"column":0},"end":{"line":70,"column":38}},"8":{"start":{"line":72,"column":0},"end":{"line":77,"column":2}},"9":{"start":{"line":79,"column":0},"end":{"line":81,"column":2}},"10":{"start":{"line":83,"column":0},"end":{"line":85,"column":2}}},"fnMap":{"0":{"name":"(anonymous_0)","decl":{"start":{"line":7,"column":24},"end":{"line":7,"column":25}},"loc":{"start":{"line":7,"column":71},"end":{"line":59,"column":1}},"line":7},"1":{"name":"(anonymous_1)","decl":{"start":{"line":61,"column":12},"end":{"line":61,"column":13}},"loc":{"start":{"line":61,"column":30},"end":{"line":63,"column":1}},"line":61},"2":{"name":"(anonymous_2)","decl":{"start":{"line":65,"column":18},"end":{"line":65,"column":19}},"loc":{"start":{"line":65,"column":36},"end":{"line":67,"column":1}},"line":65}},"branchMap":{},"s":{"0":1,"1":0,"2":1,"3":0,"4":1,"5":0,"6":1,"7":1,"8":1,"9":1,"10":1},"f":{"0":0,"1":0,"2":0},"b":{},"_coverageSchema":"1a1c01bbd47fc00a2c39e90264f33305004495a9","hash":"44d777b233229ff9abe83ece51234584d85638d2"}
,"/Users/clang/Sites/gatsby-theme-newrelic/packages/gatsby-theme-newrelic/src/components/InteractiveOutput.js": {"path":"/Users/clang/Sites/gatsby-theme-newrelic/packages/gatsby-theme-newrelic/src/components/InteractiveOutput.js","statementMap":{"0":{"start":{"line":5,"column":26},"end":{"line":40,"column":1}},"1":{"start":{"line":12,"column":14},"end":{"line":12,"column":16}},"2":{"start":{"line":13,"column":2},"end":{"line":13,"column":74}},"3":{"start":{"line":13,"column":29},"end":{"line":13,"column":71}},"4":{"start":{"line":15,"column":23},"end":{"line":24,"column":3}},"5":{"start":{"line":16,"column":24},"end":{"line":16,"column":38}},"6":{"start":{"line":17,"column":4},"end":{"line":22,"column":7}},"7":{"start":{"line":18,"column":6},"end":{"line":21,"column":8}},"8":{"start":{"line":23,"column":4},"end":{"line":23,"column":25}},"9":{"start":{"line":26,"column":2},"end":{"line":39,"column":4}},"10":{"start":{"line":42,"column":0},"end":{"line":48,"column":2}}},"fnMap":{"0":{"name":"(anonymous_0)","decl":{"start":{"line":5,"column":26},"end":{"line":5,"column":27}},"loc":{"start":{"line":11,"column":6},"end":{"line":40,"column":1}},"line":11},"1":{"name":"(anonymous_1)","decl":{"start":{"line":13,"column":17},"end":{"line":13,"column":18}},"loc":{"start":{"line":13,"column":29},"end":{"line":13,"column":71}},"line":13},"2":{"name":"(anonymous_2)","decl":{"start":{"line":15,"column":23},"end":{"line":15,"column":24}},"loc":{"start":{"line":15,"column":29},"end":{"line":24,"column":3}},"line":15},"3":{"name":"(anonymous_3)","decl":{"start":{"line":17,"column":19},"end":{"line":17,"column":20}},"loc":{"start":{"line":17,"column":35},"end":{"line":22,"column":5}},"line":17}},"branchMap":{"0":{"loc":{"start":{"line":20,"column":8},"end":{"line":20,"column":62}},"type":"cond-expr","locations":[{"start":{"line":20,"column":30},"end":{"line":20,"column":41}},{"start":{"line":20,"column":44},"end":{"line":20,"column":62}}],"line":20}},"s":{"0":1,"1":0,"2":0,"3":0,"4":0,"5":0,"6":0,"7":0,"8":0,"9":0,"10":1},"f":{"0":0,"1":0,"2":0,"3":0},"b":{"0":[0,0]},"_coverageSchema":"1a1c01bbd47fc00a2c39e90264f33305004495a9","hash":"c0ba5165b002ad4d5cc0ae97ff86241943304e6e"}
[...]
,"/Users/clang/Sites/gatsby-theme-newrelic/packages/gatsby-theme-newrelic/src/utils/generateUUID.js": {"path":"/Users/clang/Sites/gatsby-theme-newrelic/packages/gatsby-theme-newrelic/src/utils/generateUUID.js","statementMap":{"0":{"start":{"line":1,"column":21},"end":{"line":8,"column":1}},"1":{"start":{"line":2,"column":2},"end":{"line":7,"column":5}},"2":{"start":{"line":3,"column":14},"end":{"line":3,"column":38}},"3":{"start":{"line":4,"column":14},"end":{"line":4,"column":45}},"4":{"start":{"line":6,"column":4},"end":{"line":6,"column":26}}},"fnMap":{"0":{"name":"(anonymous_0)","decl":{"start":{"line":1,"column":21},"end":{"line":1,"column":22}},"loc":{"start":{"line":1,"column":27},"end":{"line":8,"column":1}},"line":1},"1":{"name":"(anonymous_1)","decl":{"start":{"line":2,"column":65},"end":{"line":2,"column":66}},"loc":{"start":{"line":2,"column":72},"end":{"line":7,"column":3}},"line":2}},"branchMap":{"0":{"loc":{"start":{"line":4,"column":14},"end":{"line":4,"column":45}},"type":"cond-expr","locations":[{"start":{"line":4,"column":26},"end":{"line":4,"column":27}},{"start":{"line":4,"column":30},"end":{"line":4,"column":45}}],"line":4}},"s":{"0":2,"1":2,"2":62,"3":62,"4":62},"f":{"0":2,"1":62},"b":{"0":[60,2]},"_coverageSchema":"1a1c01bbd47fc00a2c39e90264f33305004495a9","hash":"f528e803b38e6e39973b50ba03bb202986bb31d2"}
,"/Users/clang/Sites/gatsby-theme-newrelic/packages/gatsby-theme-newrelic/src/utils/isLocalStorageAvailable.js": {"path":"/Users/clang/Sites/gatsby-theme-newrelic/packages/gatsby-theme-newrelic/src/utils/isLocalStorageAvailable.js","statementMap":{"0":{"start":{"line":1,"column":32},"end":{"line":11,"column":1}},"1":{"start":{"line":2,"column":2},"end":{"line":10,"column":3}},"2":{"start":{"line":3,"column":4},"end":{"line":7,"column":6}},"3":{"start":{"line":9,"column":4},"end":{"line":9,"column":17}}},"fnMap":{"0":{"name":"(anonymous_0)","decl":{"start":{"line":1,"column":32},"end":{"line":1,"column":33}},"loc":{"start":{"line":1,"column":38},"end":{"line":11,"column":1}},"line":1}},"branchMap":{"0":{"loc":{"start":{"line":4,"column":6},"end":{"line":6,"column":31}},"type":"binary-expr","locations":[{"start":{"line":4,"column":6},"end":{"line":4,"column":35}},{"start":{"line":5,"column":6},"end":{"line":5,"column":31}},{"start":{"line":6,"column":6},"end":{"line":6,"column":31}}],"line":4}},"s":{"0":1,"1":0,"2":0,"3":0},"f":{"0":0},"b":{"0":[0,0,0]},"_coverageSchema":"1a1c01bbd47fc00a2c39e90264f33305004495a9","hash":"aa2add4a0eb0ea50aaf29d9a091016ee05b70ade"}
,"/Users/clang/Sites/gatsby-theme-newrelic/packages/gatsby-theme-newrelic/src/utils/isValidEmail.js": {"path":"/Users/clang/Sites/gatsby-theme-newrelic/packages/gatsby-theme-newrelic/src/utils/isValidEmail.js","statementMap":{"0":{"start":{"line":1,"column":21},"end":{"line":1,"column":71}},"1":{"start":{"line":1,"column":32},"end":{"line":1,"column":71}},"2":{"start":{"line":5,"column":16},"end":{"line":8,"column":3}},"3":{"start":{"line":6,"column":2},"end":{"line":8,"column":3}},"4":{"start":{"line":10,"column":21},"end":{"line":10,"column":69}},"5":{"start":{"line":10,"column":32},"end":{"line":10,"column":69}},"6":{"start":{"line":12,"column":0},"end":{"line":12,"column":48}}},"fnMap":{"0":{"name":"(anonymous_0)","decl":{"start":{"line":1,"column":21},"end":{"line":1,"column":22}},"loc":{"start":{"line":1,"column":32},"end":{"line":1,"column":71}},"line":1},"1":{"name":"(anonymous_1)","decl":{"start":{"line":5,"column":16},"end":{"line":5,"column":17}},"loc":{"start":{"line":6,"column":2},"end":{"line":8,"column":3}},"line":6},"2":{"name":"(anonymous_2)","decl":{"start":{"line":10,"column":21},"end":{"line":10,"column":22}},"loc":{"start":{"line":10,"column":32},"end":{"line":10,"column":69}},"line":10}},"branchMap":{"0":{"loc":{"start":{"line":1,"column":32},"end":{"line":1,"column":71}},"type":"binary-expr","locations":[{"start":{"line":1,"column":32},"end":{"line":1,"column":51}},{"start":{"line":1,"column":55},"end":{"line":1,"column":71}}],"line":1},"1":{"loc":{"start":{"line":10,"column":32},"end":{"line":10,"column":69}},"type":"binary-expr","locations":[{"start":{"line":10,"column":32},"end":{"line":10,"column":51}},{"start":{"line":10,"column":55},"end":{"line":10,"column":69}}],"line":10}},"s":{"0":1,"1":0,"2":1,"3":0,"4":1,"5":0,"6":1},"f":{"0":0,"1":0,"2":0},"b":{"0":[0,0],"1":[0,0]},"_coverageSchema":"1a1c01bbd47fc00a2c39e90264f33305004495a9","hash":"8d5e0ff3b2cc4315a4fa8ab0527e82a623926e87"}
,"/Users/clang/Sites/gatsby-theme-newrelic/packages/gatsby-theme-newrelic/src/utils/localization.js": {"path":"/Users/clang/Sites/gatsby-theme-newrelic/packages/gatsby-theme-newrelic/src/utils/localization.js","statementMap":{"0":{"start":{"line":3,"column":28},"end":{"line":13,"column":1}},"1":{"start":{"line":4,"column":2},"end":{"line":6,"column":3}},"2":{"start":{"line":5,"column":4},"end":{"line":5,"column":16}},"3":{"start":{"line":8,"column":19},"end":{"line":8,"column":34}},"4":{"start":{"line":10,"column":2},"end":{"line":12,"column":50}},"5":{"start":{"line":15,"column":36},"end":{"line":25,"column":1}},"6":{"start":{"line":16,"column":2},"end":{"line":18,"column":3}},"7":{"start":{"line":17,"column":4},"end":{"line":17,"column":16}},"8":{"start":{"line":20,"column":14},"end":{"line":20,"column":27}},"9":{"start":{"line":22,"column":2},"end":{"line":22,"column":62}},"10":{"start":{"line":24,"column":2},"end":{"line":24,"column":18}}},"fnMap":{"0":{"name":"(anonymous_0)","decl":{"start":{"line":3,"column":28},"end":{"line":3,"column":29}},"loc":{"start":{"line":3,"column":50},"end":{"line":13,"column":1}},"line":3},"1":{"name":"(anonymous_1)","decl":{"start":{"line":15,"column":36},"end":{"line":15,"column":37}},"loc":{"start":{"line":15,"column":58},"end":{"line":25,"column":1}},"line":15}},"branchMap":{"0":{"loc":{"start":{"line":4,"column":2},"end":{"line":6,"column":3}},"type":"if","locations":[{"start":{"line":4,"column":2},"end":{"line":6,"column":3}},{"start":{},"end":{}}],"line":4},"1":{"loc":{"start":{"line":10,"column":9},"end":{"line":12,"column":49}},"type":"cond-expr","locations":[{"start":{"line":11,"column":6},"end":{"line":11,"column":10}},{"start":{"line":12,"column":6},"end":{"line":12,"column":49}}],"line":10},"2":{"loc":{"start":{"line":16,"column":2},"end":{"line":18,"column":3}},"type":"if","locations":[{"start":{"line":16,"column":2},"end":{"line":18,"column":3}},{"start":{},"end":{}}],"line":16}},"s":{"0":3,"1":9,"2":7,"3":2,"4":2,"5":3,"6":0,"7":0,"8":0,"9":0,"10":0},"f":{"0":9,"1":0},"b":{"0":[7,2],"1":[0,2],"2":[0,0]},"_coverageSchema":"1a1c01bbd47fc00a2c39e90264f33305004495a9","hash":"59ac185bd1a86f2bed903d35321342628fda68ea"}
,"/Users/clang/Sites/gatsby-theme-newrelic/packages/gatsby-theme-newrelic/src/utils/location.js": {"path":"/Users/clang/Sites/gatsby-theme-newrelic/packages/gatsby-theme-newrelic/src/utils/location.js","statementMap":{"0":{"start":{"line":1,"column":34},"end":{"line":1,"column":67}},"1":{"start":{"line":1,"column":44},"end":{"line":1,"column":67}},"2":{"start":{"line":3,"column":31},"end":{"line":4,"column":42}},"3":{"start":{"line":4,"column":2},"end":{"line":4,"column":42}},"4":{"start":{"line":6,"column":32},"end":{"line":16,"column":1}},"5":{"start":{"line":8,"column":22},"end":{"line":8,"column":43}},"6":{"start":{"line":9,"column":14},"end":{"line":9,"column":40}},"7":{"start":{"line":11,"column":2},"end":{"line":13,"column":3}},"8":{"start":{"line":12,"column":4},"end":{"line":12,"column":38}},"9":{"start":{"line":15,"column":2},"end":{"line":15,"column":42}}},"fnMap":{"0":{"name":"(anonymous_0)","decl":{"start":{"line":1,"column":34},"end":{"line":1,"column":35}},"loc":{"start":{"line":1,"column":44},"end":{"line":1,"column":67}},"line":1},"1":{"name":"(anonymous_1)","decl":{"start":{"line":3,"column":31},"end":{"line":3,"column":32}},"loc":{"start":{"line":4,"column":2},"end":{"line":4,"column":42}},"line":4},"2":{"name":"(anonymous_2)","decl":{"start":{"line":6,"column":32},"end":{"line":6,"column":33}},"loc":{"start":{"line":6,"column":42},"end":{"line":16,"column":1}},"line":6}},"branchMap":{"0":{"loc":{"start":{"line":4,"column":2},"end":{"line":4,"column":42}},"type":"cond-expr","locations":[{"start":{"line":4,"column":25},"end":{"line":4,"column":29}},{"start":{"line":4,"column":32},"end":{"line":4,"column":42}}],"line":4},"1":{"loc":{"start":{"line":11,"column":2},"end":{"line":13,"column":3}},"type":"if","locations":[{"start":{"line":11,"column":2},"end":{"line":13,"column":3}},{"start":{},"end":{}}],"line":11},"2":{"loc":{"start":{"line":11,"column":6},"end":{"line":11,"column":72}},"type":"binary-expr","locations":[{"start":{"line":11,"column":6},"end":{"line":11,"column":33}},{"start":{"line":11,"column":37},"end":{"line":11,"column":72}}],"line":11}},"s":{"0":3,"1":0,"2":3,"3":2,"4":3,"5":0,"6":0,"7":0,"8":0,"9":0},"f":{"0":0,"1":2,"2":0},"b":{"0":[2,0],"1":[0,0],"2":[0,0]},"_coverageSchema":"1a1c01bbd47fc00a2c39e90264f33305004495a9","hash":"648a2bcc803d2452c1ba494d6af6e84170b2180b"}
,"/Users/clang/Sites/gatsby-theme-newrelic/packages/gatsby-theme-newrelic/src/utils/mdx.js": {"path":"/Users/clang/Sites/gatsby-theme-newrelic/packages/gatsby-theme-newrelic/src/utils/mdx.js","statementMap":{"0":{"start":{"line":1,"column":25},"end":{"line":14,"column":1}},"1":{"start":{"line":2,"column":2},"end":{"line":12,"column":3}},"2":{"start":{"line":3,"column":4},"end":{"line":10,"column":5}},"3":{"start":{"line":7,"column":6},"end":{"line":9,"column":8}},"4":{"start":{"line":8,"column":19},"end":{"line":8,"column":49}},"5":{"start":{"line":11,"column":4},"end":{"line":11,"column":17}},"6":{"start":{"line":13,"column":2},"end":{"line":13,"column":40}}},"fnMap":{"0":{"name":"(anonymous_0)","decl":{"start":{"line":1,"column":25},"end":{"line":1,"column":26}},"loc":{"start":{"line":1,"column":65},"end":{"line":14,"column":1}},"line":1},"1":{"name":"(anonymous_1)","decl":{"start":{"line":8,"column":8},"end":{"line":8,"column":9}},"loc":{"start":{"line":8,"column":19},"end":{"line":8,"column":49}},"line":8}},"branchMap":{"0":{"loc":{"start":{"line":1,"column":39},"end":{"line":1,"column":60}},"type":"default-arg","locations":[{"start":{"line":1,"column":58},"end":{"line":1,"column":60}}],"line":1},"1":{"loc":{"start":{"line":2,"column":2},"end":{"line":12,"column":3}},"type":"if","locations":[{"start":{"line":2,"column":2},"end":{"line":12,"column":3}},{"start":{},"end":{}}],"line":2},"2":{"loc":{"start":{"line":3,"column":4},"end":{"line":10,"column":5}},"type":"if","locations":[{"start":{"line":3,"column":4},"end":{"line":10,"column":5}},{"start":{},"end":{}}],"line":3},"3":{"loc":{"start":{"line":4,"column":6},"end":{"line":5,"column":41}},"type":"binary-expr","locations":[{"start":{"line":4,"column":6},"end":{"line":4,"column":44}},{"start":{"line":5,"column":6},"end":{"line":5,"column":41}}],"line":4}},"s":{"0":1,"1":0,"2":0,"3":0,"4":0,"5":0,"6":0},"f":{"0":0,"1":0},"b":{"0":[0],"1":[0,0],"2":[0,0],"3":[0,0]},"_coverageSchema":"1a1c01bbd47fc00a2c39e90264f33305004495a9","hash":"e7b63f8b865bd0328c0e04d40ef2b2d9f9fa7496"}
,"/Users/clang/Sites/gatsby-theme-newrelic/packages/gatsby-theme-newrelic/src/utils/scrollHeight.js": {"path":"/Users/clang/Sites/gatsby-theme-newrelic/packages/gatsby-theme-newrelic/src/utils/scrollHeight.js","statementMap":{"0":{"start":{"line":2,"column":24},"end":{"line":11,"column":1}},"1":{"start":{"line":3,"column":2},"end":{"line":10,"column":4}}},"fnMap":{"0":{"name":"(anonymous_0)","decl":{"start":{"line":2,"column":24},"end":{"line":2,"column":25}},"loc":{"start":{"line":2,"column":30},"end":{"line":11,"column":1}},"line":2}},"branchMap":{},"s":{"0":1,"1":0},"f":{"0":0},"b":{},"_coverageSchema":"1a1c01bbd47fc00a2c39e90264f33305004495a9","hash":"8a84f65ad7c3ce53c52001491cd0dc75a601d757"}
,"/Users/clang/Sites/gatsby-theme-newrelic/packages/gatsby-theme-newrelic/src/utils/titleCase.js": {"path":"/Users/clang/Sites/gatsby-theme-newrelic/packages/gatsby-theme-newrelic/src/utils/titleCase.js","statementMap":{"0":{"start":{"line":1,"column":28},"end":{"line":6,"column":1}},"1":{"start":{"line":2,"column":24},"end":{"line":2,"column":38}},"2":{"start":{"line":3,"column":2},"end":{"line":3,"column":56}},"3":{"start":{"line":4,"column":2},"end":{"line":4,"column":45}},"4":{"start":{"line":5,"column":2},"end":{"line":5,"column":25}}},"fnMap":{"0":{"name":"(anonymous_0)","decl":{"start":{"line":1,"column":28},"end":{"line":1,"column":29}},"loc":{"start":{"line":1,"column":38},"end":{"line":6,"column":1}},"line":1}},"branchMap":{},"s":{"0":1,"1":0,"2":0,"3":0,"4":0},"f":{"0":0},"b":{},"_coverageSchema":"1a1c01bbd47fc00a2c39e90264f33305004495a9","hash":"a8bafbbaffbdd0dee245c3ba392f05ba20243af6"}
,"/Users/clang/Sites/gatsby-theme-newrelic/packages/gatsby-theme-newrelic/src/utils/transformKeys.js": {"path":"/Users/clang/Sites/gatsby-theme-newrelic/packages/gatsby-theme-newrelic/src/utils/transformKeys.js","statementMap":{"0":{"start":{"line":1,"column":22},"end":{"line":8,"column":3}},"1":{"start":{"line":2,"column":2},"end":{"line":8,"column":3}},"2":{"start":{"line":3,"column":20},"end":{"line":6,"column":5}}},"fnMap":{"0":{"name":"(anonymous_0)","decl":{"start":{"line":1,"column":22},"end":{"line":1,"column":23}},"loc":{"start":{"line":2,"column":2},"end":{"line":8,"column":3}},"line":2},"1":{"name":"(anonymous_1)","decl":{"start":{"line":3,"column":4},"end":{"line":3,"column":5}},"loc":{"start":{"line":3,"column":20},"end":{"line":6,"column":5}},"line":3}},"branchMap":{},"s":{"0":4,"1":5,"2":114},"f":{"0":5,"1":114},"b":{},"_coverageSchema":"1a1c01bbd47fc00a2c39e90264f33305004495a9","hash":"15b5cb1cdca19b1e332e6330bd04ae2136686367"}
,"/Users/clang/Sites/gatsby-theme-newrelic/packages/gatsby-theme-newrelic/src/utils/config/i18n.js": {"path":"/Users/clang/Sites/gatsby-theme-newrelic/packages/gatsby-theme-newrelic/src/utils/config/i18n.js","statementMap":{"0":{"start":{"line":1,"column":26},"end":{"line":1,"column":39}},"1":{"start":{"line":2,"column":26},"end":{"line":2,"column":44}},"2":{"start":{"line":3,"column":24},"end":{"line":3,"column":47}},"3":{"start":{"line":5,"column":23},"end":{"line":27,"column":1}},"4":{"start":{"line":29,"column":13},"end":{"line":29,"column":39}},"5":{"start":{"line":29,"column":22},"end":{"line":29,"column":39}},"6":{"start":{"line":31,"column":22},"end":{"line":64,"column":1}},"7":{"start":{"line":32,"column":24},"end":{"line":32,"column":36}},"8":{"start":{"line":33,"column":58},"end":{"line":33,"column":62}},"9":{"start":{"line":35,"column":24},"end":{"line":35,"column":41}},"10":{"start":{"line":36,"column":18},"end":{"line":39,"column":20}},"11":{"start":{"line":38,"column":21},"end":{"line":38,"column":43}},"12":{"start":{"line":41,"column":2},"end":{"line":63,"column":4}},"13":{"start":{"line":66,"column":0},"end":{"line":66,"column":31}}},"fnMap":{"0":{"name":"(anonymous_0)","decl":{"start":{"line":29,"column":13},"end":{"line":29,"column":14}},"loc":{"start":{"line":29,"column":22},"end":{"line":29,"column":39}},"line":29},"1":{"name":"(anonymous_1)","decl":{"start":{"line":31,"column":22},"end":{"line":31,"column":23}},"loc":{"start":{"line":31,"column":40},"end":{"line":64,"column":1}},"line":31},"2":{"name":"(anonymous_2)","decl":{"start":{"line":38,"column":9},"end":{"line":38,"column":10}},"loc":{"start":{"line":38,"column":21},"end":{"line":38,"column":43}},"line":38}},"branchMap":{"0":{"loc":{"start":{"line":32,"column":10},"end":{"line":32,"column":19}},"type":"default-arg","locations":[{"start":{"line":32,"column":17},"end":{"line":32,"column":19}}],"line":32},"1":{"loc":{"start":{"line":33,"column":10},"end":{"line":33,"column":32}},"type":"default-arg","locations":[{"start":{"line":33,"column":30},"end":{"line":33,"column":32}}],"line":33},"2":{"loc":{"start":{"line":33,"column":34},"end":{"line":33,"column":53}},"type":"default-arg","locations":[{"start":{"line":33,"column":51},"end":{"line":33,"column":53}}],"line":33},"3":{"loc":{"start":{"line":53,"column":10},"end":{"line":55,"column":46}},"type":"cond-expr","locations":[{"start":{"line":54,"column":10},"end":{"line":54,"column":55}},{"start":{"line":55,"column":10},"end":{"line":55,"column":46}}],"line":53}},"s":{"0":2,"1":2,"2":2,"3":2,"4":2,"5":0,"6":2,"7":16,"8":16,"9":16,"10":16,"11":16,"12":16,"13":2},"f":{"0":0,"1":16,"2":16},"b":{"0":[16],"1":[16],"2":[16],"3":[0,16]},"_coverageSchema":"1a1c01bbd47fc00a2c39e90264f33305004495a9","hash":"6afcb9c79e4e0ab5827dfeac0383c0090fba84d3"}
,"/Users/clang/Sites/gatsby-theme-newrelic/packages/gatsby-theme-newrelic/src/utils/config/index.js": {"path":"/Users/clang/Sites/gatsby-theme-newrelic/packages/gatsby-theme-newrelic/src/utils/config/index.js","statementMap":{"0":{"start":{"line":1,"column":0},"end":{"line":5,"column":2}}},"fnMap":{},"branchMap":{},"s":{"0":2},"f":{},"b":{},"_coverageSchema":"1a1c01bbd47fc00a2c39e90264f33305004495a9","hash":"b9e868c34477e3a7191657ee4a273a6759f66a88"}
,"/Users/clang/Sites/gatsby-theme-newrelic/packages/gatsby-theme-newrelic/src/utils/config/resolvedEnv.js": {"path":"/Users/clang/Sites/gatsby-theme-newrelic/packages/gatsby-theme-newrelic/src/utils/config/resolvedEnv.js","statementMap":{"0":{"start":{"line":1,"column":20},"end":{"line":1,"column":33}},"1":{"start":{"line":3,"column":26},"end":{"line":7,"column":13}},"2":{"start":{"line":4,"column":2},"end":{"line":7,"column":13}},"3":{"start":{"line":9,"column":0},"end":{"line":13,"column":2}},"4":{"start":{"line":10,"column":45},"end":{"line":10,"column":57}},"5":{"start":{"line":12,"column":2},"end":{"line":12,"column":22}}},"fnMap":{"0":{"name":"(anonymous_0)","decl":{"start":{"line":3,"column":26},"end":{"line":3,"column":27}},"loc":{"start":{"line":4,"column":2},"end":{"line":7,"column":13}},"line":4},"1":{"name":"(anonymous_1)","decl":{"start":{"line":9,"column":17},"end":{"line":9,"column":18}},"loc":{"start":{"line":9,"column":35},"end":{"line":13,"column":1}},"line":9}},"branchMap":{"0":{"loc":{"start":{"line":4,"column":2},"end":{"line":7,"column":13}},"type":"binary-expr","locations":[{"start":{"line":4,"column":2},"end":{"line":4,"column":33}},{"start":{"line":5,"column":2},"end":{"line":5,"column":31}},{"start":{"line":6,"column":2},"end":{"line":6,"column":22}},{"start":{"line":7,"column":2},"end":{"line":7,"column":13}}],"line":4},"1":{"loc":{"start":{"line":10,"column":10},"end":{"line":10,"column":40}},"type":"default-arg","locations":[{"start":{"line":10,"column":23},"end":{"line":10,"column":40}}],"line":10}},"s":{"0":2,"1":2,"2":0,"3":2,"4":0,"5":0},"f":{"0":0,"1":0},"b":{"0":[0,0,0,0],"1":[0]},"_coverageSchema":"1a1c01bbd47fc00a2c39e90264f33305004495a9","hash":"7e4552ad36a6560e1127b0b13b4cda9a6721e689"}
,"/Users/clang/Sites/gatsby-theme-newrelic/packages/gatsby-theme-newrelic/src/utils/config/tessen.js": {"path":"/Users/clang/Sites/gatsby-theme-newrelic/packages/gatsby-theme-newrelic/src/utils/config/tessen.js","statementMap":{"0":{"start":{"line":1,"column":30},"end":{"line":1,"column":57}},"1":{"start":{"line":3,"column":0},"end":{"line":9,"column":3}}},"fnMap":{},"branchMap":{},"s":{"0":2,"1":2},"f":{},"b":{},"_coverageSchema":"1a1c01bbd47fc00a2c39e90264f33305004495a9","hash":"4ffd9b9f303a28c15d4f7be3c45d08e218360194"}
}
