TN:
SF:packages/gatsby-theme-newrelic/index.js
FNF:0
FNH:0
LF:0
LH:0
BRF:0
BRH:0
end_of_record
TN:
SF:packages/gatsby-theme-newrelic/src/components/AnimatedCard.js
FN:6,(anonymous_0)
FN:36,(anonymous_1)
FN:53,(anonymous_2)
FN:71,(anonymous_3)
FNF:4
FNH:0
FNDA:0,(anonymous_0)
FNDA:0,(anonymous_1)
FNDA:0,(anonymous_2)
FNDA:0,(anonymous_3)
DA:6,1
DA:7,0
DA:36,1
DA:37,0
DA:53,1
DA:54,0
DA:71,1
DA:72,0
DA:73,0
DA:113,1
DA:114,1
DA:115,1
DA:117,1
DA:122,1
DA:126,1
DA:130,1
LF:16
LH:11
BRDA:24,0,0,0
BRDA:24,0,1,0
BRF:2
BRH:0
end_of_record
TN:
SF:packages/gatsby-theme-newrelic/src/components/AnnouncementBanner.js
FN:16,(anonymous_0)
FN:20,(anonymous_1)
FN:26,(anonymous_2)
FN:29,(anonymous_3)
FN:44,(anonymous_4)
FN:83,(anonymous_5)
FNF:6
FNH:0
FNDA:0,(anonymous_0)
FNDA:0,(anonymous_1)
FNDA:0,(anonymous_2)
FNDA:0,(anonymous_3)
FNDA:0,(anonymous_4)
FNDA:0,(anonymous_5)
DA:12,1
DA:16,1
DA:17,0
DA:19,0
DA:21,0
DA:26,1
DA:29,0
DA:31,0
DA:40,1
DA:44,1
DA:45,0
DA:63,0
DA:64,0
DA:67,0
DA:69,0
DA:73,0
DA:75,0
DA:76,0
DA:79,0
DA:84,0
DA:85,0
LF:21
LH:5
BRDA:21,0,0,0
BRDA:21,0,1,0
BRDA:29,1,0,0
BRDA:29,1,1,0
BRDA:64,2,0,0
BRDA:64,2,1,0
BRDA:75,3,0,0
BRDA:75,3,1,0
BRDA:79,4,0,0
BRDA:79,4,1,0
BRDA:79,5,0,0
BRDA:79,5,1,0
BRF:12
BRH:0
end_of_record
TN:
SF:packages/gatsby-theme-newrelic/src/components/Banner.js
FN:8,(anonymous_0)
FNF:1
FNH:0
FNDA:0,(anonymous_0)
DA:8,1
DA:9,0
DA:11,0
DA:74,1
LF:4
LH:2
BRDA:11,0,0,0
BRDA:11,0,1,0
BRF:2
BRH:0
end_of_record
TN:
SF:packages/gatsby-theme-newrelic/src/components/Button.js
FN:90,(anonymous_0)
FN:91,(anonymous_1)
FN:92,(anonymous_2)
FNF:3
FNH:3
FNDA:14,(anonymous_0)
FNDA:14,(anonymous_1)
FNDA:14,(anonymous_2)
DA:5,1
DA:13,1
DA:18,1
DA:72,1
DA:90,14
DA:91,14
DA:92,14
DA:95,1
DA:96,1
DA:98,1
LF:10
LH:10
BRDA:92,0,0,14
BRDA:92,0,1,0
BRF:2
BRH:1
end_of_record
TN:
SF:packages/gatsby-theme-newrelic/src/components/Callout.js
FN:46,(anonymous_0)
FNF:1
FNH:0
FNDA:0,(anonymous_0)
DA:6,1
DA:13,1
DA:46,1
DA:47,0
DA:49,0
DA:83,1
DA:85,1
LF:7
LH:5
BRDA:61,0,0,0
BRDA:61,0,1,0
BRDA:70,1,0,0
BRDA:70,1,1,0
BRF:4
BRH:0
end_of_record
TN:
SF:packages/gatsby-theme-newrelic/src/components/CodeBlock.js
FN:32,(anonymous_0)
FN:39,(anonymous_1)
FN:50,(anonymous_2)
FN:92,(anonymous_3)
FN:101,(anonymous_4)
FN:113,(anonymous_5)
FN:237,(anonymous_6)
FN:348,(anonymous_7)
FNF:8
FNH:5
FNDA:14,(anonymous_0)
FNDA:7,(anonymous_1)
FNDA:14,(anonymous_2)
FNDA:0,(anonymous_3)
FNDA:0,(anonymous_4)
FNDA:7,(anonymous_5)
FNDA:0,(anonymous_6)
FNDA:14,(anonymous_7)
DA:18,1
DA:28,1
DA:32,1
DA:33,14
DA:39,1
DA:40,7
DA:42,0
DA:44,7
DA:46,0
DA:50,1
DA:67,14
DA:69,14
DA:70,0
DA:73,14
DA:74,14
DA:75,14
DA:76,14
DA:77,14
DA:85,14
DA:86,14
DA:91,14
DA:92,0
DA:100,14
DA:102,0
DA:103,0
DA:104,0
DA:113,14
DA:114,7
DA:117,14
DA:238,0
DA:321,1
DA:341,1
DA:348,14
LF:33
LH:25
BRDA:40,0,0,0
BRDA:40,0,1,7
BRDA:40,0,2,0
BRDA:55,1,0,14
BRDA:69,2,0,0
BRDA:69,2,1,14
BRDA:81,3,0,14
BRDA:81,3,1,0
BRDA:92,4,0,0
BRDA:92,4,1,0
BRDA:119,5,0,14
BRDA:119,5,1,0
BRDA:143,6,0,14
BRDA:143,6,1,0
BRDA:153,7,0,14
BRDA:153,7,1,0
BRDA:176,8,0,0
BRDA:176,8,1,0
BRDA:218,9,0,0
BRDA:218,9,1,0
BRDA:223,10,0,14
BRDA:223,10,1,14
BRDA:229,11,0,10
BRDA:229,11,1,4
BRDA:229,12,0,14
BRDA:229,12,1,12
BRDA:231,13,0,0
BRDA:231,13,1,4
BRDA:252,14,0,14
BRDA:252,14,1,0
BRDA:252,14,2,14
BRDA:252,14,3,14
BRDA:274,15,0,14
BRDA:274,15,1,0
BRDA:296,16,0,0
BRDA:296,16,1,14
BRDA:301,17,0,14
BRDA:301,17,1,14
BRDA:301,17,2,0
BRF:39
BRH:21
end_of_record
TN:
SF:packages/gatsby-theme-newrelic/src/components/CodeEditor.js
FN:7,(anonymous_0)
FN:12,(anonymous_1)
FN:22,(anonymous_2)
FNF:3
FNH:0
FNDA:0,(anonymous_0)
FNDA:0,(anonymous_1)
FNDA:0,(anonymous_2)
DA:7,1
DA:8,0
DA:10,0
DA:13,0
DA:17,0
DA:23,0
DA:49,1
LF:7
LH:2
BRDA:33,0,0,0
BRDA:33,0,1,0
BRF:2
BRH:0
end_of_record
TN:
SF:packages/gatsby-theme-newrelic/src/components/CodeHighlight.js
FN:9,(anonymous_0)
FN:21,(anonymous_1)
FN:79,(anonymous_2)
FN:104,(anonymous_3)
FN:185,(anonymous_4)
FN:190,(anonymous_5)
FN:191,(anonymous_6)
FN:194,(anonymous_7)
FN:195,(anonymous_8)
FNF:9
FNH:5
FNDA:4,(anonymous_0)
FNDA:4,(anonymous_1)
FNDA:30,(anonymous_2)
FNDA:146,(anonymous_3)
FNDA:4,(anonymous_4)
FNDA:0,(anonymous_5)
FNDA:0,(anonymous_6)
FNDA:0,(anonymous_7)
FNDA:0,(anonymous_8)
DA:9,1
DA:17,4
DA:19,4
DA:22,4
DA:24,4
DA:81,30
DA:106,146
DA:119,1
DA:185,1
DA:186,4
DA:187,4
DA:190,0
DA:191,0
DA:193,0
DA:194,0
DA:195,0
DA:197,0
DA:200,1
DA:209,1
LF:19
LH:13
BRDA:34,0,0,0
BRDA:34,0,1,4
BRDA:42,1,0,4
BRDA:42,1,1,0
BRDA:85,2,0,30
BRDA:85,2,1,0
BRDA:98,3,0,30
BRDA:98,3,1,0
BRDA:186,4,0,4
BRDA:186,4,1,0
BRF:10
BRH:5
end_of_record
TN:
SF:packages/gatsby-theme-newrelic/src/components/Collapser.js
FN:14,(anonymous_0)
FN:18,(anonymous_1)
FN:28,(anonymous_2)
FN:30,(anonymous_3)
FN:37,(anonymous_4)
FN:38,(anonymous_5)
FN:50,(anonymous_6)
FN:55,(anonymous_7)
FN:73,(anonymous_8)
FN:73,(anonymous_9)
FNF:10
FNH:7
FNDA:12,(anonymous_0)
FNDA:5,(anonymous_1)
FNDA:2,(anonymous_2)
FNDA:5,(anonymous_3)
FNDA:5,(anonymous_4)
FNDA:0,(anonymous_5)
FNDA:10,(anonymous_6)
FNDA:10,(anonymous_7)
FNDA:0,(anonymous_8)
FNDA:0,(anonymous_9)
DA:12,2
DA:14,2
DA:15,12
DA:16,12
DA:17,12
DA:18,12
DA:19,5
DA:24,12
DA:25,12
DA:26,12
DA:28,12
DA:30,12
DA:31,5
DA:32,0
DA:36,12
DA:38,5
DA:43,0
DA:45,0
DA:50,12
DA:51,10
DA:52,5
DA:55,10
DA:58,12
DA:73,0
DA:173,2
DA:180,2
LF:26
LH:22
BRDA:12,0,0,2
BRDA:12,0,1,0
BRDA:19,1,0,1
BRDA:19,1,1,4
BRDA:19,2,0,5
BRDA:19,2,1,1
BRDA:25,3,0,6
BRDA:25,3,1,6
BRDA:31,4,0,0
BRDA:31,4,1,5
BRDA:31,5,0,5
BRDA:31,5,1,0
BRDA:51,6,0,5
BRDA:51,6,1,5
BRDA:118,7,0,12
BRDA:118,7,1,0
BRDA:147,8,0,12
BRDA:147,8,1,6
BRDA:153,9,0,2
BRDA:153,9,1,10
BRDA:153,10,0,12
BRDA:153,10,1,6
BRF:22
BRH:18
end_of_record
TN:
SF:packages/gatsby-theme-newrelic/src/components/CollapserGroup.js
FN:5,(anonymous_0)
FNF:1
FNH:0
FNDA:0,(anonymous_0)
DA:5,1
DA:6,0
DA:20,1
LF:3
LH:2
BRF:0
BRH:0
end_of_record
TN:
SF:packages/gatsby-theme-newrelic/src/components/ComplexFeedback.js
FN:15,(anonymous_0)
FN:26,(anonymous_1)
FN:27,(anonymous_2)
FN:36,(anonymous_3)
FN:38,(anonymous_4)
FN:47,(anonymous_5)
FN:57,(anonymous_6)
FN:92,(anonymous_7)
FN:174,(anonymous_8)
FN:201,(anonymous_9)
FN:232,(anonymous_10)
FN:256,(anonymous_11)
FNF:12
FNH:0
FNDA:0,(anonymous_0)
FNDA:0,(anonymous_1)
FNDA:0,(anonymous_2)
FNDA:0,(anonymous_3)
FNDA:0,(anonymous_4)
FNDA:0,(anonymous_5)
FNDA:0,(anonymous_6)
FNDA:0,(anonymous_7)
FNDA:0,(anonymous_8)
FNDA:0,(anonymous_9)
FNDA:0,(anonymous_10)
FNDA:0,(anonymous_11)
DA:15,1
DA:16,0
DA:17,0
DA:18,0
DA:19,0
DA:20,0
DA:21,0
DA:22,0
DA:23,0
DA:24,0
DA:26,0
DA:27,0
DA:28,0
DA:29,0
DA:31,0
DA:36,0
DA:38,0
DA:39,0
DA:47,0
DA:48,0
DA:49,0
DA:50,0
DA:57,0
DA:58,0
DA:59,0
DA:60,0
DA:61,0
DA:68,0
DA:77,0
DA:78,0
DA:92,0
DA:93,0
DA:94,0
DA:95,0
DA:98,0
DA:174,0
DA:201,0
DA:233,0
DA:257,0
DA:258,0
DA:311,1
LF:41
LH:2
BRDA:77,0,0,0
BRDA:77,0,1,0
BRDA:121,1,0,0
BRDA:121,1,1,0
BRDA:181,2,0,0
BRDA:181,2,1,0
BRDA:208,3,0,0
BRDA:208,3,1,0
BRDA:226,4,0,0
BRDA:226,4,1,0
BRDA:259,5,0,0
BRDA:259,5,1,0
BRDA:269,6,0,0
BRDA:269,6,1,0
BRDA:269,6,2,0
BRF:15
BRH:0
end_of_record
TN:
SF:packages/gatsby-theme-newrelic/src/components/Context.js
FNF:0
FNH:0
LF:0
LH:0
BRF:0
BRH:0
end_of_record
TN:
SF:packages/gatsby-theme-newrelic/src/components/ContributingGuidelines.js
FN:9,(anonymous_0)
FNF:1
FNH:0
FNDA:0,(anonymous_0)
DA:9,1
DA:10,0
DA:12,0
DA:39,1
LF:4
LH:2
BRDA:21,0,0,0
BRDA:21,0,1,0
BRDA:21,0,2,0
BRF:3
BRH:0
end_of_record
TN:
SF:packages/gatsby-theme-newrelic/src/components/CreateIssueButton.js
FN:21,(anonymous_0)
FNF:1
FNH:0
FNDA:0,(anonymous_0)
DA:9,1
DA:21,1
DA:28,0
DA:29,0
DA:35,0
DA:54,1
LF:6
LH:3
BRDA:22,0,0,0
BRDA:38,1,0,0
BRDA:38,1,1,0
BRF:3
BRH:0
end_of_record
TN:
SF:packages/gatsby-theme-newrelic/src/components/CustomTextInput.js
FN:10,(anonymous_0)
FN:26,(anonymous_1)
FNF:2
FNH:0
FNDA:0,(anonymous_0)
FNDA:0,(anonymous_1)
DA:10,1
DA:25,0
DA:27,0
DA:28,0
DA:40,0
DA:169,1
LF:6
LH:2
BRDA:12,0,0,0
BRDA:27,1,0,0
BRDA:27,1,1,0
BRDA:27,2,0,0
BRDA:27,2,1,0
BRDA:64,3,0,0
BRDA:64,3,1,0
BRDA:116,4,0,0
BRDA:116,4,1,0
BRDA:149,5,0,0
BRDA:149,5,1,0
BRDA:156,6,0,0
BRDA:156,6,1,0
BRDA:156,6,2,0
BRF:14
BRH:0
end_of_record
TN:
SF:packages/gatsby-theme-newrelic/src/components/DarkModeToggle.js
FN:10,(anonymous_0)
FN:21,(anonymous_1)
FN:34,(anonymous_2)
FNF:3
FNH:0
FNDA:0,(anonymous_0)
FNDA:0,(anonymous_1)
FNDA:0,(anonymous_2)
DA:10,1
DA:11,0
DA:14,0
DA:17,0
DA:19,0
DA:21,0
DA:30,0
DA:35,0
DA:37,0
DA:41,0
DA:42,0
DA:48,0
DA:49,0
DA:95,1
LF:14
LH:2
BRDA:14,0,0,0
BRDA:14,0,1,0
BRDA:38,1,0,0
BRDA:38,1,1,0
BRDA:41,2,0,0
BRDA:41,2,1,0
BRDA:44,3,0,0
BRDA:44,3,1,0
BRDA:48,4,0,0
BRDA:48,4,1,0
BRF:10
BRH:0
end_of_record
TN:
SF:packages/gatsby-theme-newrelic/src/components/EditPageButton.js
FN:11,(anonymous_0)
FNF:1
FNH:0
FNDA:0,(anonymous_0)
DA:11,1
DA:17,0
DA:18,0
DA:28,0
DA:39,0
DA:61,1
LF:6
LH:2
BRDA:43,0,0,0
BRDA:43,0,1,0
BRF:2
BRH:0
end_of_record
TN:
SF:packages/gatsby-theme-newrelic/src/components/ExternalLink.js
FN:5,(anonymous_0)
FNF:1
FNH:0
FNDA:0,(anonymous_0)
DA:5,1
DA:6,0
DA:9,1
LF:3
LH:2
BRF:0
BRH:0
end_of_record
TN:
SF:packages/gatsby-theme-newrelic/src/components/FeatherSVG.js
FN:6,(anonymous_0)
FNF:1
FNH:1
FNDA:56,(anonymous_0)
DA:6,4
DA:7,56
DA:22,4
LF:3
LH:3
BRF:0
BRH:0
end_of_record
TN:
SF:packages/gatsby-theme-newrelic/src/components/GitHubIssueButton.js
FN:9,(anonymous_0)
FN:27,(anonymous_1)
FN:30,(anonymous_2)
FN:51,(anonymous_3)
FNF:4
FNH:0
FNDA:0,(anonymous_0)
FNDA:0,(anonymous_1)
FNDA:0,(anonymous_2)
FNDA:0,(anonymous_3)
DA:9,1
DA:10,0
DA:12,0
DA:27,1
DA:28,0
DA:30,1
DA:31,0
DA:32,0
DA:34,0
DA:35,0
DA:38,0
DA:39,0
DA:42,0
DA:43,0
DA:46,0
DA:48,0
DA:51,1
DA:52,0
DA:58,0
DA:69,0
DA:71,0
DA:86,1
LF:22
LH:5
BRDA:20,0,0,0
BRDA:20,0,1,0
BRDA:28,1,0,0
BRDA:28,1,1,0
BRDA:30,2,0,0
BRDA:34,3,0,0
BRDA:34,3,1,0
BRDA:38,4,0,0
BRDA:38,4,1,0
BRDA:42,5,0,0
BRDA:42,5,1,0
BRF:11
BRH:0
end_of_record
TN:
SF:packages/gatsby-theme-newrelic/src/components/GlobalFooter.js
FN:18,(anonymous_0)
FN:28,(anonymous_1)
FN:35,(anonymous_2)
FNF:3
FNH:0
FNDA:0,(anonymous_0)
FNDA:0,(anonymous_1)
FNDA:0,(anonymous_2)
DA:15,1
DA:16,1
DA:18,1
DA:19,0
DA:20,0
DA:28,0
DA:29,0
DA:30,0
DA:32,0
DA:35,0
DA:36,0
DA:39,0
DA:159,1
LF:13
LH:4
BRDA:29,0,0,0
BRDA:29,0,1,0
BRDA:113,1,0,0
BRDA:113,1,1,0
BRDA:127,2,0,0
BRDA:127,2,1,0
BRF:6
BRH:0
end_of_record
TN:
SF:packages/gatsby-theme-newrelic/src/components/GlobalHeader.js
FN:49,(anonymous_0)
FN:51,(anonymous_1)
FN:87,(anonymous_2)
FN:118,(anonymous_3)
FN:121,(anonymous_4)
FN:132,(anonymous_5)
FN:334,(anonymous_6)
FN:394,(anonymous_7)
FN:397,(anonymous_8)
FNF:9
FNH:0
FNDA:0,(anonymous_0)
FNDA:0,(anonymous_1)
FNDA:0,(anonymous_2)
FNDA:0,(anonymous_3)
FNDA:0,(anonymous_4)
FNDA:0,(anonymous_5)
FNDA:0,(anonymous_6)
FNDA:0,(anonymous_7)
FNDA:0,(anonymous_8)
DA:23,1
DA:30,1
DA:32,1
DA:49,1
DA:50,0
DA:51,0
DA:52,0
DA:54,0
DA:68,0
DA:70,0
DA:75,0
DA:78,0
DA:83,1
DA:84,1
DA:85,1
DA:87,1
DA:88,0
DA:89,0
DA:90,0
DA:91,0
DA:98,0
DA:115,0
DA:117,0
DA:118,0
DA:121,0
DA:129,0
DA:133,0
DA:335,0
DA:395,0
DA:397,0
DA:486,1
LF:31
LH:9
BRDA:49,0,0,0
BRDA:52,1,0,0
BRDA:52,1,1,0
BRDA:58,2,0,0
BRDA:58,2,1,0
BRDA:87,3,0,0
BRDA:135,4,0,0
BRDA:135,4,1,0
BRDA:219,5,0,0
BRDA:219,5,1,0
BRDA:315,6,0,0
BRDA:315,6,1,0
BRDA:377,7,0,0
BRDA:377,7,1,0
BRDA:400,8,0,0
BRDA:400,8,1,0
BRF:16
BRH:0
end_of_record
TN:
SF:packages/gatsby-theme-newrelic/src/components/GlobalNavLink.js
FN:7,(anonymous_0)
FNF:1
FNH:0
FNDA:0,(anonymous_0)
DA:7,1
DA:18,0
DA:31,0
DA:34,0
DA:35,0
DA:37,0
DA:68,1
LF:7
LH:2
BRDA:31,0,0,0
BRDA:31,0,1,0
BRDA:31,0,2,0
BRDA:31,0,3,0
BRDA:34,1,0,0
BRDA:34,1,1,0
BRDA:35,2,0,0
BRDA:35,2,1,0
BRF:8
BRH:0
end_of_record
TN:
SF:packages/gatsby-theme-newrelic/src/components/HamburgerMenu.js
FN:14,(anonymous_0)
FN:38,(anonymous_1)
FNF:2
FNH:0
FNDA:0,(anonymous_0)
FNDA:0,(anonymous_1)
DA:5,1
DA:14,1
DA:15,0
DA:38,0
DA:46,1
DA:52,1
LF:6
LH:4
BRF:0
BRH:0
end_of_record
TN:
SF:packages/gatsby-theme-newrelic/src/components/Icon.js
FN:12,(anonymous_0)
FNF:1
FNH:1
FNDA:66,(anonymous_0)
DA:10,4
DA:12,4
DA:13,66
DA:14,66
DA:16,66
DA:17,0
DA:23,66
DA:24,0
DA:31,66
DA:32,64
DA:35,2
DA:38,4
DA:44,4
LF:13
LH:11
BRDA:16,0,0,0
BRDA:16,0,1,66
BRDA:23,1,0,0
BRDA:23,1,1,66
BRDA:24,2,0,0
BRDA:24,2,1,0
BRDA:31,3,0,64
BRDA:31,3,1,2
BRF:8
BRH:4
end_of_record
TN:
SF:packages/gatsby-theme-newrelic/src/components/InlineCode.js
FN:4,(anonymous_0)
FNF:1
FNH:0
FNDA:0,(anonymous_0)
DA:4,1
DA:6,1
LF:2
LH:2
BRF:0
BRH:0
end_of_record
TN:
SF:packages/gatsby-theme-newrelic/src/components/InteractiveForm.js
FN:7,(anonymous_0)
FN:61,(anonymous_1)
FN:65,(anonymous_2)
FNF:3
FNH:0
FNDA:0,(anonymous_0)
FNDA:0,(anonymous_1)
FNDA:0,(anonymous_2)
DA:7,1
DA:8,0
DA:61,1
DA:62,0
DA:65,1
DA:66,0
DA:69,1
DA:70,1
DA:72,1
DA:79,1
DA:83,1
LF:11
LH:8
BRF:0
BRH:0
end_of_record
TN:
SF:packages/gatsby-theme-newrelic/src/components/InteractiveOutput.js
FN:5,(anonymous_0)
FN:13,(anonymous_1)
FN:15,(anonymous_2)
FN:17,(anonymous_3)
FNF:4
FNH:0
FNDA:0,(anonymous_0)
FNDA:0,(anonymous_1)
FNDA:0,(anonymous_2)
FNDA:0,(anonymous_3)
DA:5,1
DA:12,0
DA:13,0
DA:15,0
DA:16,0
DA:17,0
DA:18,0
DA:23,0
DA:26,0
DA:42,1
LF:10
LH:2
BRDA:20,0,0,0
BRDA:20,0,1,0
BRF:2
BRH:0
end_of_record
TN:
SF:packages/gatsby-theme-newrelic/src/components/LayoutContext.js
FNF:0
FNH:0
DA:3,1
LF:1
LH:1
BRF:0
BRH:0
end_of_record
TN:
SF:packages/gatsby-theme-newrelic/src/components/Lightbox.js
FN:12,(anonymous_0)
FN:25,(anonymous_1)
FN:31,(anonymous_2)
FN:54,(anonymous_3)
FN:71,(anonymous_4)
FN:99,(anonymous_5)
FNF:6
FNH:0
FNDA:0,(anonymous_0)
FNDA:0,(anonymous_1)
FNDA:0,(anonymous_2)
FNDA:0,(anonymous_3)
FNDA:0,(anonymous_4)
FNDA:0,(anonymous_5)
DA:12,1
DA:13,0
DA:14,0
DA:15,0
DA:24,0
DA:25,0
DA:27,0
DA:32,0
DA:36,0
DA:55,0
DA:71,0
DA:99,0
DA:119,1
LF:13
LH:2
BRDA:52,0,0,0
BRDA:52,0,1,0
BRDA:55,1,0,0
BRDA:55,1,1,0
BRF:4
BRH:0
end_of_record
TN:
SF:packages/gatsby-theme-newrelic/src/components/Link.js
FN:12,(anonymous_0)
FN:13,(anonymous_1)
FN:14,(anonymous_2)
FN:16,(anonymous_3)
FN:17,(anonymous_4)
FN:18,(anonymous_5)
FN:21,(anonymous_6)
FNF:7
FNH:7
FNDA:11,(anonymous_0)
FNDA:8,(anonymous_1)
FNDA:1,(anonymous_2)
FNDA:10,(anonymous_3)
FNDA:7,(anonymous_4)
FNDA:1,(anonymous_5)
FNDA:11,(anonymous_6)
DA:12,11
DA:13,8
DA:14,3
DA:15,1
DA:16,10
DA:17,7
DA:18,3
DA:20,3
DA:33,11
DA:39,11
DA:49,11
DA:57,11
DA:65,11
DA:66,2
DA:69,2
DA:72,11
DA:73,1
DA:76,10
DA:77,2
DA:88,8
DA:89,1
DA:90,0
DA:93,1
DA:95,1
DA:123,7
DA:124,0
DA:127,7
DA:145,3
LF:28
LH:26
BRDA:15,0,0,1
BRDA:15,0,1,1
BRDA:18,1,0,1
BRDA:18,1,1,0
BRDA:25,2,0,11
BRDA:27,3,0,11
BRDA:28,4,0,11
BRDA:65,5,0,2
BRDA:65,5,1,9
BRDA:69,6,0,2
BRDA:69,6,1,1
BRDA:72,7,0,1
BRDA:72,7,1,10
BRDA:76,8,0,2
BRDA:76,8,1,8
BRDA:88,9,0,1
BRDA:88,9,1,7
BRDA:88,10,0,8
BRDA:88,10,1,7
BRDA:89,11,0,0
BRDA:89,11,1,1
BRDA:93,12,0,0
BRDA:93,12,1,1
BRDA:107,13,0,1
BRDA:107,13,1,0
BRDA:123,14,0,0
BRDA:123,14,1,7
BRDA:130,15,0,7
BRDA:130,15,1,0
BRF:29
BRH:23
end_of_record
TN:
SF:packages/gatsby-theme-newrelic/src/components/LocaleContext.js
FNF:0
FNH:0
DA:3,3
LF:1
LH:1
BRF:0
BRH:0
end_of_record
TN:
SF:packages/gatsby-theme-newrelic/src/components/LocaleProvider.js
FN:6,(anonymous_0)
FN:25,(anonymous_1)
FN:26,(anonymous_2)
FN:33,(anonymous_3)
FNF:4
FNH:4
FNDA:14,(anonymous_0)
FNDA:14,(anonymous_1)
FNDA:14,(anonymous_2)
FNDA:16,(anonymous_3)
DA:6,2
DA:9,14
DA:23,14
DA:25,14
DA:26,14
DA:28,14
DA:29,0
DA:32,14
DA:33,16
DA:37,14
DA:42,2
LF:11
LH:10
BRDA:28,0,0,0
BRDA:28,0,1,14
BRDA:33,1,0,14
BRDA:33,1,1,0
BRF:4
BRH:2
end_of_record
TN:
SF:packages/gatsby-theme-newrelic/src/components/LoggedInContext.js
FN:37,(anonymous_0)
FNF:1
FNH:0
FNDA:0,(anonymous_0)
DA:10,4
DA:37,4
DA:38,0
DA:40,0
DA:47,4
LF:5
LH:3
BRF:0
BRH:0
end_of_record
TN:
SF:packages/gatsby-theme-newrelic/src/components/Logo.js
FN:5,(anonymous_0)
FNF:1
FNH:0
FNDA:0,(anonymous_0)
DA:5,1
DA:6,0
DA:9,1
LF:3
LH:2
BRF:0
BRH:0
end_of_record
TN:
SF:packages/gatsby-theme-newrelic/src/components/MDX.js
FN:23,(anonymous_0)
FN:25,(anonymous_1)
FN:39,(anonymous_2)
FNF:3
FNH:0
FNDA:0,(anonymous_0)
FNDA:0,(anonymous_1)
FNDA:0,(anonymous_2)
DA:20,1
DA:23,0
DA:25,0
DA:39,1
DA:40,0
DA:47,1
LF:6
LH:3
BRF:0
BRH:0
end_of_record
TN:
SF:packages/gatsby-theme-newrelic/src/components/MDXCallout.js
FN:5,(anonymous_0)
FNF:1
FNH:0
FNDA:0,(anonymous_0)
DA:5,1
DA:6,0
LF:2
LH:1
BRF:0
BRH:0
end_of_record
TN:
SF:packages/gatsby-theme-newrelic/src/components/MDXCodeBlock.js
FN:8,(anonymous_0)
FNF:1
FNH:0
FNDA:0,(anonymous_0)
DA:8,1
DA:19,0
DA:21,0
DA:53,1
LF:4
LH:2
BRDA:21,0,0,0
BRDA:21,0,1,0
BRF:2
BRH:0
end_of_record
TN:
SF:packages/gatsby-theme-newrelic/src/components/MDXCollapserGroup.js
FN:5,(anonymous_0)
FNF:1
FNH:0
FNDA:0,(anonymous_0)
DA:5,1
DA:6,0
LF:2
LH:1
BRF:0
BRH:0
end_of_record
TN:
SF:packages/gatsby-theme-newrelic/src/components/MDXLink.js
FN:5,(anonymous_0)
FNF:1
FNH:0
FNDA:0,(anonymous_0)
DA:5,1
DA:7,1
LF:2
LH:2
BRF:0
BRH:0
end_of_record
TN:
SF:packages/gatsby-theme-newrelic/src/components/MDXTable.js
FN:5,(anonymous_0)
FNF:1
FNH:0
FNDA:0,(anonymous_0)
DA:5,1
DA:6,0
LF:2
LH:1
BRF:0
BRH:0
end_of_record
TN:
SF:packages/gatsby-theme-newrelic/src/components/MDXVideo.js
FN:5,(anonymous_0)
FNF:1
FNH:0
FNDA:0,(anonymous_0)
DA:5,1
DA:6,0
LF:2
LH:1
BRF:0
BRH:0
end_of_record
TN:
SF:packages/gatsby-theme-newrelic/src/components/MarkdownContainer.js
FN:5,(anonymous_0)
FNF:1
FNH:0
FNDA:0,(anonymous_0)
DA:5,1
DA:10,0
DA:67,1
LF:3
LH:2
BRF:0
BRH:0
end_of_record
TN:
SF:packages/gatsby-theme-newrelic/src/components/MobileHeader.js
FN:12,(anonymous_0)
FN:70,(anonymous_1)
FNF:2
FNH:0
FNDA:0,(anonymous_0)
FNDA:0,(anonymous_1)
DA:12,1
DA:13,0
DA:19,0
DA:29,0
DA:34,0
DA:70,0
DA:77,1
LF:7
LH:2
BRF:0
BRH:0
end_of_record
TN:
SF:packages/gatsby-theme-newrelic/src/components/MobileNavModal.js
FN:13,(anonymous_0)
FNF:1
FNH:0
FNDA:0,(anonymous_0)
DA:11,1
DA:13,1
DA:14,0
DA:15,0
DA:16,0
DA:18,0
DA:20,0
DA:122,1
LF:8
LH:3
BRDA:65,0,0,0
BRDA:65,0,1,0
BRF:2
BRH:0
end_of_record
TN:
SF:packages/gatsby-theme-newrelic/src/components/MobileNavigation.js
FN:9,(anonymous_0)
FN:27,(anonymous_1)
FN:34,(anonymous_2)
FNF:3
FNH:0
FNDA:0,(anonymous_0)
FNDA:0,(anonymous_1)
FNDA:0,(anonymous_2)
DA:9,1
DA:10,0
DA:12,0
DA:13,0
DA:14,0
DA:16,0
DA:27,0
DA:28,0
DA:29,0
DA:33,0
DA:35,0
DA:43,1
LF:12
LH:2
BRDA:28,0,0,0
BRDA:28,0,1,0
BRDA:35,1,0,0
BRDA:35,1,1,0
BRF:4
BRH:0
end_of_record
TN:
SF:packages/gatsby-theme-newrelic/src/components/Modal.js
FN:9,(anonymous_0)
FN:20,(anonymous_1)
FN:47,(anonymous_2)
FNF:3
FNH:0
FNDA:0,(anonymous_0)
FNDA:0,(anonymous_1)
FNDA:0,(anonymous_2)
DA:9,1
DA:10,0
DA:19,0
DA:21,0
DA:47,0
DA:74,1
LF:6
LH:2
BRDA:21,0,0,0
BRDA:21,0,1,0
BRF:2
BRH:0
end_of_record
TN:
SF:packages/gatsby-theme-newrelic/src/components/NavItem.js
FN:16,(anonymous_0)
FN:33,(anonymous_1)
FN:40,(anonymous_2)
FN:56,(anonymous_3)
FN:62,(anonymous_4)
FN:68,(anonymous_5)
FN:97,(anonymous_6)
FN:100,(anonymous_7)
FN:125,(anonymous_8)
FN:152,(anonymous_9)
FN:162,(anonymous_10)
FN:171,(anonymous_11)
FN:174,(anonymous_12)
FN:176,(anonymous_13)
FNF:14
FNH:0
FNDA:0,(anonymous_0)
FNDA:0,(anonymous_1)
FNDA:0,(anonymous_2)
FNDA:0,(anonymous_3)
FNDA:0,(anonymous_4)
FNDA:0,(anonymous_5)
FNDA:0,(anonymous_6)
FNDA:0,(anonymous_7)
FNDA:0,(anonymous_8)
FNDA:0,(anonymous_9)
FNDA:0,(anonymous_10)
FNDA:0,(anonymous_11)
FNDA:0,(anonymous_12)
FNDA:0,(anonymous_13)
DA:14,1
DA:16,1
DA:22,0
DA:23,0
DA:24,0
DA:25,0
DA:28,0
DA:32,0
DA:33,0
DA:36,0
DA:37,0
DA:38,0
DA:39,0
DA:40,0
DA:46,0
DA:56,0
DA:57,0
DA:58,0
DA:62,0
DA:63,0
DA:64,0
DA:68,0
DA:69,0
DA:70,0
DA:74,0
DA:98,0
DA:100,0
DA:126,0
DA:138,1
DA:145,1
DA:152,1
DA:153,0
DA:154,0
DA:157,0
DA:162,1
DA:163,0
DA:164,0
DA:167,0
DA:168,0
DA:171,0
DA:174,1
DA:175,0
DA:176,0
LF:43
LH:7
BRDA:14,0,0,1
BRDA:14,0,1,0
BRDA:19,1,0,0
BRDA:25,2,0,0
BRDA:25,2,1,0
BRDA:37,3,0,0
BRDA:37,3,1,0
BRDA:57,4,0,0
BRDA:57,4,1,0
BRDA:63,5,0,0
BRDA:63,5,1,0
BRDA:63,6,0,0
BRDA:63,6,1,0
BRDA:69,7,0,0
BRDA:69,7,1,0
BRDA:80,8,0,0
BRDA:80,8,1,0
BRDA:80,9,0,0
BRDA:80,9,1,0
BRDA:81,10,0,0
BRDA:81,10,1,0
BRDA:83,11,0,0
BRDA:83,11,1,0
BRDA:98,12,0,0
BRDA:98,12,1,0
BRDA:98,13,0,0
BRDA:98,13,1,0
BRDA:103,14,0,0
BRDA:103,14,1,0
BRDA:107,15,0,0
BRDA:107,15,1,0
BRDA:117,16,0,0
BRDA:117,16,1,0
BRDA:124,17,0,0
BRDA:124,17,1,0
BRDA:127,18,0,0
BRDA:127,18,1,0
BRDA:131,19,0,0
BRDA:131,19,1,0
BRDA:153,20,0,0
BRDA:153,20,1,0
BRDA:157,21,0,0
BRDA:157,21,1,0
BRDA:163,22,0,0
BRDA:163,22,1,0
BRDA:167,23,0,0
BRDA:167,23,1,0
BRDA:167,24,0,0
BRDA:167,24,1,0
BRDA:175,25,0,0
BRDA:175,25,1,0
BRDA:176,26,0,0
BRDA:176,26,1,0
BRF:53
BRH:1
end_of_record
TN:
SF:packages/gatsby-theme-newrelic/src/components/NavLink.js
FN:10,(anonymous_0)
FN:92,(anonymous_1)
FNF:2
FNH:0
FNDA:0,(anonymous_0)
FNDA:0,(anonymous_1)
DA:10,1
DA:23,0
DA:25,0
DA:26,0
DA:28,0
DA:93,0
DA:94,0
DA:95,0
DA:96,0
DA:124,1
LF:10
LH:2
BRDA:25,0,0,0
BRDA:25,0,1,0
BRDA:26,1,0,0
BRDA:26,1,1,0
BRDA:53,2,0,0
BRDA:53,2,1,0
BRDA:61,3,0,0
BRDA:61,3,1,0
BRDA:68,4,0,0
BRDA:68,4,1,0
BRDA:86,5,0,0
BRDA:86,5,1,0
BRDA:88,6,0,0
BRDA:88,6,1,0
BRDA:95,7,0,0
BRDA:95,7,1,0
BRDA:114,8,0,0
BRDA:114,8,1,0
BRF:18
BRH:0
end_of_record
TN:
SF:packages/gatsby-theme-newrelic/src/components/Navigation.js
FN:6,(anonymous_0)
FN:9,(anonymous_1)
FN:11,(anonymous_2)
FNF:3
FNH:0
FNDA:0,(anonymous_0)
FNDA:0,(anonymous_1)
FNDA:0,(anonymous_2)
DA:6,1
DA:7,0
DA:9,1
DA:10,0
DA:11,0
DA:15,0
DA:24,1
LF:7
LH:3
BRF:0
BRH:0
end_of_record
TN:
SF:packages/gatsby-theme-newrelic/src/components/NavigationContext.js
FNF:0
FNH:0
LF:0
LH:0
BRF:0
BRH:0
end_of_record
TN:
SF:packages/gatsby-theme-newrelic/src/components/NewRelicLogo.js
FN:12,(anonymous_0)
FNF:1
FNH:0
FNDA:0,(anonymous_0)
DA:6,1
DA:10,1
DA:12,1
DA:13,0
DA:82,1
DA:88,1
LF:6
LH:5
BRDA:15,0,0,0
BRDA:15,0,1,0
BRDA:19,1,0,0
BRDA:19,1,1,0
BRDA:19,2,0,0
BRDA:19,2,1,0
BRF:6
BRH:0
end_of_record
TN:
SF:packages/gatsby-theme-newrelic/src/components/Overlay.js
FN:11,(anonymous_0)
FN:14,(anonymous_1)
FN:19,(anonymous_2)
FNF:3
FNH:0
FNDA:0,(anonymous_0)
FNDA:0,(anonymous_1)
FNDA:0,(anonymous_2)
DA:11,1
DA:12,0
DA:14,0
DA:15,0
DA:16,0
DA:19,0
DA:20,0
DA:24,0
DA:26,0
DA:110,1
LF:10
LH:2
BRDA:11,0,0,0
BRDA:15,1,0,0
BRDA:15,1,1,0
BRDA:38,2,0,0
BRDA:38,2,1,0
BRDA:39,3,0,0
BRDA:39,3,1,0
BRDA:41,4,0,0
BRDA:41,4,1,0
BRF:9
BRH:0
end_of_record
TN:
SF:packages/gatsby-theme-newrelic/src/components/Portal.js
FN:5,(anonymous_0)
FN:6,(anonymous_1)
FN:10,(anonymous_2)
FN:16,(anonymous_3)
FNF:4
FNH:0
FNDA:0,(anonymous_0)
FNDA:0,(anonymous_1)
FNDA:0,(anonymous_2)
FNDA:0,(anonymous_3)
DA:5,1
DA:6,0
DA:7,0
DA:10,0
DA:11,0
DA:12,0
DA:14,0
DA:16,0
DA:19,0
DA:22,1
LF:10
LH:2
BRDA:7,0,0,0
BRDA:7,0,1,0
BRDA:11,1,0,0
BRDA:11,1,1,0
BRDA:19,2,0,0
BRDA:19,2,1,0
BRF:6
BRH:0
end_of_record
TN:
SF:packages/gatsby-theme-newrelic/src/components/RawCode.js
FN:14,(anonymous_0)
FN:16,(anonymous_1)
FN:21,(anonymous_2)
FN:37,(anonymous_3)
FNF:4
FNH:4
FNDA:10,(anonymous_0)
FNDA:40,(anonymous_1)
FNDA:48,(anonymous_2)
FNDA:10,(anonymous_3)
DA:7,1
DA:14,1
DA:15,10
DA:16,40
DA:20,10
DA:22,48
DA:24,48
DA:25,4
DA:27,4
DA:37,1
DA:38,10
DA:92,1
LF:12
LH:12
BRDA:24,0,0,4
BRDA:24,0,1,44
BRF:2
BRH:2
end_of_record
TN:
SF:packages/gatsby-theme-newrelic/src/components/RelatedResources.js
FN:12,(anonymous_0)
FN:14,(anonymous_1)
FN:15,(anonymous_2)
FN:20,(anonymous_3)
FN:52,(anonymous_4)
FN:71,(anonymous_5)
FNF:6
FNH:0
FNDA:0,(anonymous_0)
FNDA:0,(anonymous_1)
FNDA:0,(anonymous_2)
FNDA:0,(anonymous_3)
FNDA:0,(anonymous_4)
FNDA:0,(anonymous_5)
DA:12,1
DA:14,1
DA:15,0
DA:17,0
DA:20,1
DA:21,0
DA:22,0
DA:30,0
DA:48,0
DA:49,0
DA:52,0
DA:54,0
DA:55,0
DA:57,0
DA:60,0
DA:72,0
DA:73,0
DA:76,0
DA:80,0
DA:142,1
LF:20
LH:4
BRDA:15,0,0,0
BRDA:15,0,1,0
BRDA:48,1,0,0
BRDA:48,1,1,0
BRDA:54,2,0,0
BRDA:54,2,1,0
BRDA:62,3,0,0
BRDA:62,3,1,0
BRDA:72,4,0,0
BRDA:72,4,1,0
BRDA:76,5,0,0
BRDA:76,5,1,0
BRDA:111,6,0,0
BRDA:111,6,1,0
BRDA:122,7,0,0
BRDA:122,7,1,0
BRF:16
BRH:0
end_of_record
TN:
SF:packages/gatsby-theme-newrelic/src/components/SEO.js
FN:8,(anonymous_0)
FN:41,(anonymous_1)
FN:50,(anonymous_2)
FN:62,(anonymous_3)
FN:89,(anonymous_4)
FN:118,(anonymous_5)
FNF:6
FNH:0
FNDA:0,(anonymous_0)
FNDA:0,(anonymous_1)
FNDA:0,(anonymous_2)
FNDA:0,(anonymous_3)
FNDA:0,(anonymous_4)
FNDA:0,(anonymous_5)
DA:8,1
DA:13,0
DA:40,0
DA:41,0
DA:42,0
DA:43,0
DA:46,0
DA:50,0
DA:51,0
DA:52,0
DA:54,0
DA:55,0
DA:58,0
DA:59,0
DA:62,0
DA:63,0
DA:64,0
DA:65,0
DA:75,0
DA:76,0
DA:86,0
DA:89,0
DA:90,0
DA:91,0
DA:92,0
DA:93,0
DA:113,0
DA:119,0
DA:124,0
DA:152,1
LF:30
LH:2
BRDA:43,0,0,0
BRDA:43,0,1,0
BRDA:46,1,0,0
BRDA:46,1,1,0
BRDA:51,2,0,0
BRDA:51,2,1,0
BRDA:55,3,0,0
BRDA:55,3,1,0
BRDA:58,4,0,0
BRDA:58,4,1,0
BRDA:59,5,0,0
BRDA:59,5,1,0
BRDA:64,6,0,0
BRDA:64,6,1,0
BRDA:75,7,0,0
BRDA:75,7,1,0
BRDA:92,8,0,0
BRDA:92,8,1,0
BRDA:92,9,0,0
BRDA:92,9,1,0
BRDA:116,10,0,0
BRDA:116,10,1,0
BRDA:120,11,0,0
BRDA:120,11,1,0
BRDA:129,12,0,0
BRDA:129,12,1,0
BRDA:137,13,0,0
BRDA:137,13,1,0
BRF:28
BRH:0
end_of_record
TN:
SF:packages/gatsby-theme-newrelic/src/components/SVG.js
FN:5,(anonymous_0)
FNF:1
FNH:1
FNDA:64,(anonymous_0)
DA:5,4
DA:6,64
DA:20,4
DA:27,4
LF:4
LH:4
BRDA:14,0,0,64
BRDA:14,0,1,0
BRDA:15,1,0,64
BRDA:15,1,1,1
BRF:4
BRH:3
end_of_record
TN:
SF:packages/gatsby-theme-newrelic/src/components/SearchInput.js
FN:33,(anonymous_0)
FN:54,(anonymous_1)
FN:123,(anonymous_2)
FN:124,(anonymous_3)
FN:127,(anonymous_4)
FN:172,(anonymous_5)
FNF:6
FNH:0
FNDA:0,(anonymous_0)
FNDA:0,(anonymous_1)
FNDA:0,(anonymous_2)
FNDA:0,(anonymous_3)
FNDA:0,(anonymous_4)
FNDA:0,(anonymous_5)
DA:10,1
DA:16,1
DA:21,1
DA:26,1
DA:32,1
DA:51,0
DA:52,0
DA:54,0
DA:55,0
DA:57,0
DA:60,0
DA:123,0
DA:125,0
DA:128,0
DA:130,0
DA:131,0
DA:132,0
DA:134,0
DA:173,0
DA:174,0
DA:230,1
DA:245,1
DA:246,1
DA:247,1
DA:251,1
LF:25
LH:10
BRDA:40,0,0,0
BRDA:42,1,0,0
BRDA:43,2,0,0
BRDA:44,3,0,0
BRDA:68,4,0,0
BRDA:68,4,1,0
BRDA:69,5,0,0
BRDA:69,5,1,0
BRDA:72,6,0,0
BRDA:72,6,1,0
BRDA:85,7,0,0
BRDA:85,7,1,0
BRDA:103,8,0,0
BRDA:103,8,1,0
BRDA:128,9,0,0
BRDA:128,9,1,0
BRDA:128,9,2,0
BRDA:130,10,0,0
BRDA:130,10,1,0
BRDA:147,11,0,0
BRDA:147,11,1,0
BRDA:161,12,0,0
BRDA:161,12,1,0
BRDA:170,13,0,0
BRDA:170,13,1,0
BRDA:170,13,2,0
BRDA:177,14,0,0
BRDA:177,14,1,0
BRDA:206,15,0,0
BRDA:206,15,1,0
BRF:30
BRH:0
end_of_record
TN:
SF:packages/gatsby-theme-newrelic/src/components/Select.js
FN:5,(anonymous_0)
FNF:1
FNH:0
FNDA:0,(anonymous_0)
DA:5,1
DA:6,0
DA:87,1
LF:3
LH:2
BRDA:19,0,0,0
BRDA:19,0,1,0
BRF:2
BRH:0
end_of_record
TN:
SF:packages/gatsby-theme-newrelic/src/components/SelectInLine.js
FN:5,(anonymous_0)
FNF:1
FNH:0
FNDA:0,(anonymous_0)
DA:5,1
DA:6,0
DA:73,1
LF:3
LH:2
BRF:0
BRH:0
end_of_record
TN:
SF:packages/gatsby-theme-newrelic/src/components/Side.js
FN:5,(anonymous_0)
FNF:1
FNH:0
FNDA:0,(anonymous_0)
DA:5,1
DA:6,0
DA:17,1
LF:3
LH:2
BRF:0
BRH:0
end_of_record
TN:
SF:packages/gatsby-theme-newrelic/src/components/SideBySide.js
FN:10,(anonymous_0)
FN:35,(anonymous_1)
FNF:2
FNH:0
FNDA:0,(anonymous_0)
FNDA:0,(anonymous_1)
DA:5,1
DA:10,1
DA:11,0
DA:12,0
DA:13,0
DA:15,0
DA:36,0
DA:53,1
LF:8
LH:3
BRF:0
BRH:0
end_of_record
TN:
SF:packages/gatsby-theme-newrelic/src/components/SignUpLink.js
FN:10,(anonymous_0)
FN:21,(anonymous_1)
FN:34,(anonymous_2)
FNF:3
FNH:2
FNDA:2,(anonymous_0)
FNDA:2,(anonymous_1)
FNDA:0,(anonymous_2)
DA:10,3
DA:11,2
DA:12,2
DA:14,2
DA:15,2
DA:17,2
DA:20,3
DA:22,2
DA:23,2
DA:24,2
DA:26,2
DA:35,0
DA:36,0
DA:39,0
DA:65,3
LF:15
LH:12
BRDA:35,0,0,0
BRDA:35,0,1,0
BRDA:49,1,0,2
BRDA:49,1,1,0
BRF:4
BRH:1
end_of_record
TN:
SF:packages/gatsby-theme-newrelic/src/components/SimpleFeedback.js
FN:10,(anonymous_0)
FN:15,(anonymous_1)
FN:76,(anonymous_2)
FN:97,(anonymous_3)
FNF:4
FNH:0
FNDA:0,(anonymous_0)
FNDA:0,(anonymous_1)
FNDA:0,(anonymous_2)
FNDA:0,(anonymous_3)
DA:10,1
DA:11,0
DA:12,0
DA:13,0
DA:15,0
DA:16,0
DA:17,0
DA:24,0
DA:76,0
DA:97,0
LF:10
LH:1
BRDA:41,0,0,0
BRDA:41,0,1,0
BRF:2
BRH:0
end_of_record
TN:
SF:packages/gatsby-theme-newrelic/src/components/Skeleton.js
FN:23,(anonymous_0)
FNF:1
FNH:0
FNDA:0,(anonymous_0)
DA:5,1
DA:14,1
DA:23,1
DA:24,0
DA:35,1
LF:5
LH:4
BRF:0
BRH:0
end_of_record
TN:
SF:packages/gatsby-theme-newrelic/src/components/Spinner.js
FN:11,(anonymous_0)
FNF:1
FNH:0
FNDA:0,(anonymous_0)
DA:5,1
DA:11,1
DA:12,0
DA:42,1
DA:48,1
LF:5
LH:4
BRDA:21,0,0,0
BRDA:21,0,1,0
BRDA:22,1,0,0
BRDA:22,1,1,0
BRF:4
BRH:0
end_of_record
TN:
SF:packages/gatsby-theme-newrelic/src/components/Surface.js
FN:38,(anonymous_0)
FN:40,(anonymous_1)
FNF:2
FNH:0
FNDA:0,(anonymous_0)
FNDA:0,(anonymous_1)
DA:5,1
DA:10,1
DA:33,1
DA:38,0
DA:41,0
DA:56,1
DA:61,1
DA:65,1
LF:8
LH:6
BRDA:41,0,0,0
BRDA:41,0,1,0
BRF:2
BRH:0
end_of_record
TN:
SF:packages/gatsby-theme-newrelic/src/components/Table.js
FN:5,(anonymous_0)
FNF:1
FNH:0
FNDA:0,(anonymous_0)
DA:5,1
DA:6,0
DA:52,1
LF:3
LH:2
BRF:0
BRH:0
end_of_record
TN:
SF:packages/gatsby-theme-newrelic/src/components/TableOfContents.js
FN:10,(anonymous_0)
FN:10,(anonymous_1)
FN:12,(anonymous_2)
FN:14,(anonymous_3)
FN:16,(anonymous_4)
FN:46,(anonymous_5)
FN:59,(anonymous_6)
FNF:7
FNH:0
FNDA:0,(anonymous_0)
FNDA:0,(anonymous_1)
FNDA:0,(anonymous_2)
FNDA:0,(anonymous_3)
FNDA:0,(anonymous_4)
FNDA:0,(anonymous_5)
FNDA:0,(anonymous_6)
DA:10,1
DA:12,1
DA:13,0
DA:14,0
DA:15,0
DA:16,0
DA:23,0
DA:47,0
DA:49,0
DA:59,0
DA:96,1
LF:11
LH:3
BRDA:23,0,0,0
BRDA:23,0,1,0
BRDA:58,1,0,0
BRDA:58,1,1,0
BRF:4
BRH:0
end_of_record
TN:
SF:packages/gatsby-theme-newrelic/src/components/Tag.js
FN:7,(anonymous_0)
FN:23,(anonymous_1)
FN:32,(anonymous_2)
FNF:3
FNH:0
FNDA:0,(anonymous_0)
FNDA:0,(anonymous_1)
FNDA:0,(anonymous_2)
DA:7,1
DA:8,0
DA:10,1
DA:24,0
DA:33,0
DA:40,1
DA:45,1
LF:7
LH:4
BRDA:8,0,0,0
BRDA:8,0,1,0
BRDA:8,0,2,0
BRDA:24,1,0,0
BRDA:24,1,1,0
BRDA:33,2,0,0
BRDA:33,2,1,0
BRF:7
BRH:0
end_of_record
TN:
SF:packages/gatsby-theme-newrelic/src/components/TagList.js
FNF:0
FNH:0
DA:4,1
LF:1
LH:1
BRF:0
BRH:0
end_of_record
TN:
SF:packages/gatsby-theme-newrelic/src/components/TextHighlight.js
FN:5,(anonymous_0)
FN:12,(anonymous_1)
FNF:2
FNH:0
FNDA:0,(anonymous_0)
FNDA:0,(anonymous_1)
DA:5,1
DA:6,0
DA:10,0
DA:13,0
DA:17,0
DA:40,1
LF:6
LH:2
BRDA:5,0,0,0
BRDA:7,1,0,0
BRDA:7,1,1,0
BRDA:13,2,0,0
BRDA:13,2,1,0
BRDA:17,3,0,0
BRDA:17,3,1,0
BRF:7
BRH:0
end_of_record
TN:
SF:packages/gatsby-theme-newrelic/src/components/Trans.js
FN:5,(anonymous_0)
FNF:1
FNH:0
FNDA:0,(anonymous_0)
DA:5,1
DA:6,0
DA:8,0
LF:3
LH:1
BRF:0
BRH:0
end_of_record
TN:
SF:packages/gatsby-theme-newrelic/src/components/Video.js
FN:8,(anonymous_0)
FN:9,(anonymous_1)
FN:12,(anonymous_2)
FNF:3
FNH:0
FNDA:0,(anonymous_0)
FNDA:0,(anonymous_1)
FNDA:0,(anonymous_2)
DA:7,1
DA:8,0
DA:9,0
DA:12,1
DA:13,0
DA:15,0
DA:48,1
DA:57,1
LF:8
LH:4
BRDA:13,0,0,0
BRDA:13,0,1,0
BRF:2
BRH:0
end_of_record
TN:
SF:packages/gatsby-theme-newrelic/src/components/Dropdown/Dropdown.js
FN:15,(anonymous_0)
FN:18,(anonymous_1)
FN:18,(anonymous_2)
FN:18,(anonymous_3)
FN:22,(anonymous_4)
FN:23,(anonymous_5)
FN:29,(anonymous_6)
FNF:7
FNH:0
FNDA:0,(anonymous_0)
FNDA:0,(anonymous_1)
FNDA:0,(anonymous_2)
FNDA:0,(anonymous_3)
FNDA:0,(anonymous_4)
FNDA:0,(anonymous_5)
FNDA:0,(anonymous_6)
DA:9,1
DA:15,1
DA:16,0
DA:17,0
DA:18,0
DA:22,0
DA:23,0
DA:25,0
DA:26,0
DA:29,0
DA:32,0
DA:48,1
DA:55,1
DA:59,1
DA:60,1
DA:61,1
LF:16
LH:7
BRDA:15,0,0,0
BRDA:25,1,0,0
BRDA:25,1,1,0
BRDA:25,2,0,0
BRDA:25,2,1,0
BRF:5
BRH:0
end_of_record
TN:
SF:packages/gatsby-theme-newrelic/src/components/Dropdown/Menu.js
FN:19,(anonymous_0)
FNF:1
FNH:0
FNDA:0,(anonymous_0)
DA:6,1
DA:19,1
DA:20,0
DA:22,0
DA:71,1
LF:5
LH:3
BRDA:30,0,0,0
BRDA:30,0,1,0
BRF:2
BRH:0
end_of_record
TN:
SF:packages/gatsby-theme-newrelic/src/components/Dropdown/MenuItem.js
FN:6,(anonymous_0)
FNF:1
FNH:0
FNDA:0,(anonymous_0)
DA:6,1
DA:7,0
DA:9,0
DA:40,1
LF:4
LH:2
BRDA:7,0,0,0
BRDA:7,0,1,0
BRDA:7,1,0,0
BRDA:7,1,1,0
BRDA:14,2,0,0
BRDA:14,2,1,0
BRF:6
BRH:0
end_of_record
TN:
SF:packages/gatsby-theme-newrelic/src/components/Dropdown/Toggle.js
FN:8,(anonymous_0)
FNF:1
FNH:0
FNDA:0,(anonymous_0)
DA:8,1
DA:9,0
DA:11,0
DA:31,1
LF:4
LH:2
BRDA:8,0,0,0
BRDA:19,1,0,0
BRDA:19,1,1,0
BRDA:23,2,0,0
BRDA:23,2,1,0
BRF:5
BRH:0
end_of_record
TN:
SF:packages/gatsby-theme-newrelic/src/components/Dropdown/index.js
FNF:0
FNH:0
LF:0
LH:0
BRF:0
BRH:0
end_of_record
TN:
SF:packages/gatsby-theme-newrelic/src/components/Dropdown/useDropdown.js
FN:4,(anonymous_0)
FNF:1
FNH:0
FNDA:0,(anonymous_0)
DA:4,1
LF:1
LH:1
BRF:0
BRH:0
end_of_record
TN:
SF:packages/gatsby-theme-newrelic/src/components/Layout/Content.js
FN:5,(anonymous_0)
FNF:1
FNH:0
FNDA:0,(anonymous_0)
DA:5,1
DA:6,0
DA:20,1
LF:3
LH:2
BRF:0
BRH:0
end_of_record
TN:
SF:packages/gatsby-theme-newrelic/src/components/Layout/Footer.js
FN:5,(anonymous_0)
FNF:1
FNH:0
FNDA:0,(anonymous_0)
DA:5,1
DA:6,0
LF:2
LH:1
BRF:0
BRH:0
end_of_record
TN:
SF:packages/gatsby-theme-newrelic/src/components/Layout/Layout.js
FN:10,(anonymous_0)
FNF:1
FNH:0
FNDA:0,(anonymous_0)
DA:10,1
DA:11,0
DA:37,1
DA:42,1
DA:43,1
DA:44,1
DA:45,1
DA:46,1
LF:8
LH:7
BRF:0
BRH:0
end_of_record
TN:
SF:packages/gatsby-theme-newrelic/src/components/Layout/Main.js
FN:5,(anonymous_0)
FNF:1
FNH:0
FNDA:0,(anonymous_0)
DA:5,1
DA:6,0
DA:21,1
LF:3
LH:2
BRF:0
BRH:0
end_of_record
TN:
SF:packages/gatsby-theme-newrelic/src/components/Layout/PageTools.js
FN:6,(anonymous_0)
FNF:1
FNH:0
FNDA:0,(anonymous_0)
DA:6,1
DA:7,0
DA:28,1
LF:3
LH:2
BRF:0
BRH:0
end_of_record
TN:
SF:packages/gatsby-theme-newrelic/src/components/Layout/Sidebar.js
FN:5,(anonymous_0)
FNF:1
FNH:0
FNDA:0,(anonymous_0)
DA:5,1
DA:6,0
DA:39,1
LF:3
LH:2
BRF:0
BRH:0
end_of_record
TN:
SF:packages/gatsby-theme-newrelic/src/components/Layout/index.js
FNF:0
FNH:0
LF:0
LH:0
BRF:0
BRH:0
end_of_record
TN:
SF:packages/gatsby-theme-newrelic/src/components/PageTools/PageTools.js
FN:7,(anonymous_0)
FNF:1
FNH:0
FNDA:0,(anonymous_0)
DA:7,1
DA:8,0
DA:22,1
DA:27,1
DA:28,1
LF:5
LH:4
BRF:0
BRH:0
end_of_record
TN:
SF:packages/gatsby-theme-newrelic/src/components/PageTools/Section.js
FN:5,(anonymous_0)
FNF:1
FNH:0
FNDA:0,(anonymous_0)
DA:5,1
DA:6,0
DA:18,1
LF:3
LH:2
BRF:0
BRH:0
end_of_record
TN:
SF:packages/gatsby-theme-newrelic/src/components/PageTools/Title.js
FN:5,(anonymous_0)
FNF:1
FNH:0
FNDA:0,(anonymous_0)
DA:5,1
DA:6,0
DA:18,1
LF:3
LH:2
BRF:0
BRH:0
end_of_record
TN:
SF:packages/gatsby-theme-newrelic/src/components/PageTools/index.js
FNF:0
FNH:0
LF:0
LH:0
BRF:0
BRH:0
end_of_record
TN:
SF:packages/gatsby-theme-newrelic/src/components/Popover/Popover.js
FN:9,(anonymous_0)
FN:14,(anonymous_1)
FN:31,(anonymous_2)
FNF:3
FNH:0
FNDA:0,(anonymous_0)
FNDA:0,(anonymous_1)
FNDA:0,(anonymous_2)
DA:9,1
DA:10,0
DA:11,0
DA:12,0
DA:13,0
DA:15,0
DA:17,0
DA:18,0
DA:19,0
DA:21,0
DA:22,0
DA:23,0
DA:27,0
DA:29,0
DA:32,0
DA:33,0
DA:123,1
DA:134,1
LF:18
LH:3
BRDA:15,0,0,0
BRDA:15,0,1,0
BRDA:15,1,0,0
BRDA:15,1,1,0
BRDA:22,2,0,0
BRDA:22,2,1,0
BRDA:32,3,0,0
BRDA:32,3,1,0
BRDA:41,4,0,0
BRDA:41,4,1,0
BRDA:58,5,0,0
BRDA:58,5,1,0
BRF:12
BRH:0
end_of_record
TN:
SF:packages/gatsby-theme-newrelic/src/components/Popover/PopoverButton.js
FN:8,(anonymous_0)
FN:15,(anonymous_1)
FN:17,(anonymous_2)
FN:22,(anonymous_3)
FN:28,(anonymous_4)
FN:35,(anonymous_5)
FN:86,(anonymous_6)
FN:94,(anonymous_7)
FN:115,(anonymous_8)
FNF:9
FNH:0
FNDA:0,(anonymous_0)
FNDA:0,(anonymous_1)
FNDA:0,(anonymous_2)
FNDA:0,(anonymous_3)
FNDA:0,(anonymous_4)
FNDA:0,(anonymous_5)
FNDA:0,(anonymous_6)
FNDA:0,(anonymous_7)
FNDA:0,(anonymous_8)
DA:8,1
DA:9,0
DA:10,0
DA:11,0
DA:12,0
DA:13,0
DA:15,0
DA:17,0
DA:18,0
DA:19,0
DA:22,0
DA:23,0
DA:24,0
DA:27,0
DA:28,0
DA:29,0
DA:31,0
DA:34,0
DA:37,0
DA:39,0
DA:61,0
DA:62,0
DA:64,0
DA:65,0
DA:70,0
DA:87,0
DA:89,0
DA:90,0
DA:91,0
DA:97,0
DA:98,0
DA:116,0
DA:117,0
DA:125,1
LF:34
LH:2
BRDA:17,0,0,0
BRDA:23,1,0,0
BRDA:23,1,1,0
BRDA:29,2,0,0
BRDA:29,2,1,0
BRDA:29,3,0,0
BRDA:29,3,1,0
BRDA:37,4,0,0
BRDA:37,4,1,0
BRDA:37,5,0,0
BRDA:37,5,1,0
BRDA:64,6,0,0
BRDA:64,6,1,0
BRDA:64,7,0,0
BRDA:64,7,1,0
BRDA:87,8,0,0
BRDA:87,8,1,0
BRDA:90,9,0,0
BRDA:90,9,1,0
BRDA:91,10,0,0
BRDA:91,10,1,0
BRDA:91,11,0,0
BRDA:91,11,1,0
BRDA:97,12,0,0
BRDA:97,12,1,0
BRDA:112,13,0,0
BRDA:112,13,1,0
BRDA:114,14,0,0
BRDA:114,14,1,0
BRF:29
BRH:0
end_of_record
TN:
SF:packages/gatsby-theme-newrelic/src/components/Popover/index.js
FNF:0
FNH:0
LF:0
LH:0
BRF:0
BRH:0
end_of_record
TN:
SF:packages/gatsby-theme-newrelic/src/components/SearchModal/Filter.js
FN:7,(anonymous_0)
FN:8,(anonymous_1)
FN:17,(anonymous_2)
FN:20,(anonymous_3)
FNF:4
FNH:0
FNDA:0,(anonymous_0)
FNDA:0,(anonymous_1)
FNDA:0,(anonymous_2)
FNDA:0,(anonymous_3)
DA:7,1
DA:8,0
DA:9,0
DA:10,0
DA:12,0
DA:15,0
DA:18,0
DA:20,0
DA:78,1
LF:9
LH:2
BRDA:7,0,0,0
BRDA:9,1,0,0
BRDA:9,1,1,0
BRDA:23,2,0,0
BRDA:23,2,1,0
BRDA:40,3,0,0
BRDA:40,3,1,0
BRDA:54,4,0,0
BRDA:54,4,1,0
BRF:9
BRH:0
end_of_record
TN:
SF:packages/gatsby-theme-newrelic/src/components/SearchModal/Footer.js
FN:6,(anonymous_0)
FNF:1
FNH:0
FNDA:0,(anonymous_0)
DA:6,1
DA:7,0
LF:2
LH:1
BRF:0
BRH:0
end_of_record
TN:
SF:packages/gatsby-theme-newrelic/src/components/SearchModal/Input.js
FN:11,(anonymous_0)
FN:28,(anonymous_1)
FN:57,(anonymous_2)
FN:115,(anonymous_3)
FN:154,(anonymous_4)
FN:182,(anonymous_5)
FN:196,(anonymous_6)
FNF:7
FNH:0
FNDA:0,(anonymous_0)
FNDA:0,(anonymous_1)
FNDA:0,(anonymous_2)
FNDA:0,(anonymous_3)
FNDA:0,(anonymous_4)
FNDA:0,(anonymous_5)
FNDA:0,(anonymous_6)
DA:10,1
DA:27,0
DA:28,0
DA:30,0
DA:58,0
DA:60,0
DA:63,0
DA:64,0
DA:116,0
DA:117,0
DA:154,0
DA:183,0
DA:196,0
DA:221,1
LF:14
LH:2
BRDA:58,0,0,0
BRDA:58,0,1,0
BRDA:58,0,2,0
BRDA:58,0,3,0
BRDA:91,1,0,0
BRDA:91,1,1,0
BRDA:103,2,0,0
BRDA:103,2,1,0
BRDA:103,2,2,0
BRDA:103,2,3,0
BRDA:142,3,0,0
BRDA:142,3,1,0
BRDA:153,4,0,0
BRDA:153,4,1,0
BRF:14
BRH:0
end_of_record
TN:
SF:packages/gatsby-theme-newrelic/src/components/SearchModal/Key.js
FN:5,(anonymous_0)
FNF:1
FNH:0
FNDA:0,(anonymous_0)
DA:5,1
DA:6,0
DA:24,1
LF:3
LH:2
BRF:0
BRH:0
end_of_record
TN:
SF:packages/gatsby-theme-newrelic/src/components/SearchModal/NoResults.js
FN:5,(anonymous_0)
FNF:1
FNH:0
FNDA:0,(anonymous_0)
DA:5,1
DA:6,0
LF:2
LH:1
BRF:0
BRH:0
end_of_record
TN:
SF:packages/gatsby-theme-newrelic/src/components/SearchModal/Result.js
FN:10,(anonymous_0)
FN:51,(anonymous_1)
FNF:2
FNH:0
FNDA:0,(anonymous_0)
FNDA:0,(anonymous_1)
DA:9,1
DA:11,0
DA:13,0
DA:51,0
DA:94,1
LF:5
LH:2
BRDA:37,0,0,0
BRDA:37,0,1,0
BRDA:69,1,0,0
BRDA:69,1,1,0
BRF:4
BRH:0
end_of_record
TN:
SF:packages/gatsby-theme-newrelic/src/components/SearchModal/ResultList.js
FN:9,(anonymous_0)
FN:13,(anonymous_1)
FN:19,(anonymous_2)
FN:27,(anonymous_3)
FN:33,(anonymous_4)
FN:37,(anonymous_5)
FNF:6
FNH:0
FNDA:0,(anonymous_0)
FNDA:0,(anonymous_1)
FNDA:0,(anonymous_2)
FNDA:0,(anonymous_3)
FNDA:0,(anonymous_4)
FNDA:0,(anonymous_5)
DA:9,1
DA:10,0
DA:12,0
DA:13,0
DA:17,0
DA:20,0
DA:25,0
DA:28,0
DA:33,0
DA:37,0
DA:38,0
DA:40,0
DA:52,1
LF:13
LH:2
BRDA:43,0,0,0
BRDA:43,0,1,0
BRF:2
BRH:0
end_of_record
TN:
SF:packages/gatsby-theme-newrelic/src/components/SearchModal/ResultPreview.js
FN:6,(anonymous_0)
FN:75,(anonymous_1)
FNF:2
FNH:0
FNDA:0,(anonymous_0)
FNDA:0,(anonymous_1)
DA:6,1
DA:7,0
DA:76,0
DA:99,1
LF:4
LH:2
BRDA:25,0,0,0
BRDA:25,0,1,0
BRDA:48,1,0,0
BRDA:48,1,1,0
BRDA:64,2,0,0
BRDA:64,2,1,0
BRF:6
BRH:0
end_of_record
TN:
SF:packages/gatsby-theme-newrelic/src/components/SearchModal/ScrollContainer.js
FN:5,(anonymous_0)
FNF:1
FNH:0
FNDA:0,(anonymous_0)
DA:5,1
DA:6,0
DA:8,0
DA:26,1
LF:4
LH:2
BRF:0
BRH:0
end_of_record
TN:
SF:packages/gatsby-theme-newrelic/src/components/SearchModal/SearchModal.js
FN:37,(anonymous_0)
FN:64,(anonymous_1)
FN:70,(anonymous_2)
FN:74,(anonymous_3)
FN:78,(anonymous_4)
FN:84,(anonymous_5)
FN:85,(anonymous_6)
FN:86,(anonymous_7)
FN:87,(anonymous_8)
FN:98,(anonymous_9)
FN:142,(anonymous_10)
FN:161,(anonymous_11)
FN:164,(anonymous_12)
FN:166,(anonymous_13)
FNF:14
FNH:0
FNDA:0,(anonymous_0)
FNDA:0,(anonymous_1)
FNDA:0,(anonymous_2)
FNDA:0,(anonymous_3)
FNDA:0,(anonymous_4)
FNDA:0,(anonymous_5)
FNDA:0,(anonymous_6)
FNDA:0,(anonymous_7)
FNDA:0,(anonymous_8)
FNDA:0,(anonymous_9)
FNDA:0,(anonymous_10)
FNDA:0,(anonymous_11)
FNDA:0,(anonymous_12)
FNDA:0,(anonymous_13)
DA:20,1
DA:27,1
DA:32,1
DA:37,1
DA:38,0
DA:40,0
DA:41,0
DA:42,0
DA:43,0
DA:44,0
DA:45,0
DA:46,0
DA:51,0
DA:61,0
DA:62,0
DA:64,0
DA:65,0
DA:66,0
DA:70,0
DA:71,0
DA:74,0
DA:75,0
DA:78,0
DA:79,0
DA:82,0
DA:84,0
DA:85,0
DA:86,0
DA:88,0
DA:97,0
DA:99,0
DA:142,0
DA:162,0
DA:164,0
DA:166,0
DA:224,1
LF:36
LH:5
BRDA:65,0,0,0
BRDA:65,0,1,0
BRDA:65,1,0,0
BRDA:65,1,1,0
BRDA:71,2,0,0
BRDA:71,2,1,0
BRDA:88,3,0,0
BRDA:88,3,1,0
BRDA:99,4,0,0
BRDA:99,4,1,0
BRDA:170,5,0,0
BRDA:170,5,1,0
BRDA:180,6,0,0
BRDA:180,6,1,0
BRDA:199,7,0,0
BRDA:199,7,1,0
BRDA:212,8,0,0
BRDA:212,8,1,0
BRDA:212,8,2,0
BRF:19
BRH:0
end_of_record
TN:
SF:packages/gatsby-theme-newrelic/src/components/SearchModal/index.js
FNF:0
FNH:0
LF:0
LH:0
BRF:0
BRH:0
end_of_record
TN:
SF:packages/gatsby-theme-newrelic/src/components/SearchModal/search.js
FN:4,(anonymous_0)
FN:12,(anonymous_1)
FN:19,(anonymous_2)
FNF:3
FNH:0
FNDA:0,(anonymous_0)
FNDA:0,(anonymous_1)
FNDA:0,(anonymous_2)
DA:2,1
DA:4,1
DA:11,0
DA:12,0
DA:19,0
DA:20,0
DA:23,0
DA:24,0
DA:58,0
LF:9
LH:2
BRDA:6,0,0,0
BRDA:8,1,0,0
BRDA:9,2,0,0
BRDA:20,3,0,0
BRDA:20,3,1,0
BRDA:23,4,0,0
BRDA:23,4,1,0
BRF:7
BRH:0
end_of_record
TN:
SF:packages/gatsby-theme-newrelic/src/components/SearchModal/useSearch.js
FN:18,(anonymous_0)
FN:37,(anonymous_1)
FN:50,(anonymous_2)
FN:51,(anonymous_3)
FN:53,(anonymous_4)
FN:59,(anonymous_5)
FN:61,(anonymous_6)
FN:71,(anonymous_7)
FN:77,(anonymous_8)
FN:87,(anonymous_9)
FN:89,(anonymous_10)
FN:93,(anonymous_11)
FN:95,(anonymous_12)
FN:102,(anonymous_13)
FNF:14
FNH:0
FNDA:0,(anonymous_0)
FNDA:0,(anonymous_1)
FNDA:0,(anonymous_2)
FNDA:0,(anonymous_3)
FNDA:0,(anonymous_4)
FNDA:0,(anonymous_5)
FNDA:0,(anonymous_6)
FNDA:0,(anonymous_7)
FNDA:0,(anonymous_8)
FNDA:0,(anonymous_9)
FNDA:0,(anonymous_10)
FNDA:0,(anonymous_11)
FNDA:0,(anonymous_12)
FNDA:0,(anonymous_13)
DA:7,1
DA:13,1
DA:18,1
DA:19,0
DA:21,0
DA:23,0
DA:25,0
DA:31,0
DA:33,0
DA:37,1
DA:38,0
DA:39,0
DA:40,0
DA:41,0
DA:50,0
DA:51,0
DA:52,0
DA:53,0
DA:55,0
DA:57,0
DA:59,0
DA:60,0
DA:61,0
DA:62,0
DA:64,0
DA:66,0
DA:70,0
DA:71,0
DA:75,0
DA:78,0
DA:88,0
DA:89,0
DA:93,0
DA:95,0
DA:96,0
DA:99,0
DA:102,0
LF:37
LH:4
BRDA:19,0,0,0
BRDA:19,0,1,0
BRDA:19,0,2,0
BRDA:19,0,3,0
BRDA:27,1,0,0
BRDA:27,1,1,0
BRDA:41,2,0,0
BRDA:41,2,1,0
BRDA:57,3,0,0
BRDA:57,3,1,0
BRDA:60,4,0,0
BRDA:60,4,1,0
BRDA:62,5,0,0
BRDA:62,5,1,0
BRF:14
BRH:0
end_of_record
TN:
SF:packages/gatsby-theme-newrelic/src/components/SearchModal/useSearchQuery.js
FN:6,(anonymous_0)
FN:16,(anonymous_1)
FN:24,(anonymous_2)
FN:26,(anonymous_3)
FN:29,(anonymous_4)
FN:33,(anonymous_5)
FN:52,(anonymous_6)
FNF:7
FNH:0
FNDA:0,(anonymous_0)
FNDA:0,(anonymous_1)
FNDA:0,(anonymous_2)
FNDA:0,(anonymous_3)
FNDA:0,(anonymous_4)
FNDA:0,(anonymous_5)
FNDA:0,(anonymous_6)
DA:6,1
DA:7,0
DA:8,0
DA:9,0
DA:10,0
DA:11,0
DA:16,0
DA:17,0
DA:18,0
DA:19,0
DA:21,0
DA:24,0
DA:25,0
DA:26,0
DA:29,0
DA:32,0
DA:34,0
DA:35,0
DA:36,0
DA:37,0
DA:52,0
DA:53,0
DA:56,0
LF:23
LH:1
BRDA:17,0,0,0
BRDA:17,0,1,0
BRDA:17,1,0,0
BRDA:17,1,1,0
BRDA:34,2,0,0
BRDA:34,2,1,0
BRDA:36,3,0,0
BRDA:36,3,1,0
BRDA:36,4,0,0
BRDA:36,4,1,0
BRF:10
BRH:0
end_of_record
TN:
SF:packages/gatsby-theme-newrelic/src/components/SignupModal/ErrorMessage.js
FN:7,(anonymous_0)
FN:22,(anonymous_1)
FNF:2
FNH:0
FNDA:0,(anonymous_0)
FNDA:0,(anonymous_1)
DA:7,1
DA:8,0
DA:22,0
DA:35,1
LF:4
LH:2
BRF:0
BRH:0
end_of_record
TN:
SF:packages/gatsby-theme-newrelic/src/components/SignupModal/ListItem.js
FN:5,(anonymous_0)
FNF:1
FNH:0
FNDA:0,(anonymous_0)
DA:5,1
DA:6,0
DA:47,1
LF:3
LH:2
BRF:0
BRH:0
end_of_record
TN:
SF:packages/gatsby-theme-newrelic/src/components/SignupModal/RecaptchaFooter.js
FN:6,(anonymous_0)
FNF:1
FNH:0
FNDA:0,(anonymous_0)
DA:6,1
DA:7,0
DA:25,1
LF:3
LH:2
BRDA:9,0,0,0
BRDA:9,0,1,0
BRF:2
BRH:0
end_of_record
TN:
SF:packages/gatsby-theme-newrelic/src/components/SignupModal/SignupForm.js
FN:22,(anonymous_0)
FN:32,(anonymous_1)
FN:36,(anonymous_2)
FN:45,(anonymous_3)
FN:62,(anonymous_4)
FN:154,(anonymous_5)
FN:161,(anonymous_6)
FNF:7
FNH:0
FNDA:0,(anonymous_0)
FNDA:0,(anonymous_1)
FNDA:0,(anonymous_2)
FNDA:0,(anonymous_3)
FNDA:0,(anonymous_4)
FNDA:0,(anonymous_5)
FNDA:0,(anonymous_6)
DA:18,1
DA:20,1
DA:22,1
DA:23,0
DA:24,0
DA:25,0
DA:26,0
DA:27,0
DA:32,0
DA:33,0
DA:36,0
DA:37,0
DA:38,0
DA:39,0
DA:40,0
DA:42,0
DA:45,0
DA:46,0
DA:47,0
DA:53,0
DA:54,0
DA:55,0
DA:56,0
DA:58,0
DA:62,0
DA:63,0
DA:66,0
DA:68,0
DA:69,0
DA:72,0
DA:73,0
DA:76,0
DA:154,0
DA:161,0
DA:219,1
LF:35
LH:4
BRDA:38,0,0,0
BRDA:38,0,1,0
BRDA:54,1,0,0
BRDA:54,1,1,0
BRDA:66,2,0,0
BRDA:66,2,1,0
BRDA:68,3,0,0
BRDA:68,3,1,0
BRDA:72,4,0,0
BRDA:72,4,1,0
BRF:10
BRH:0
end_of_record
TN:
SF:packages/gatsby-theme-newrelic/src/components/SignupModal/SignupModal.js
FN:14,(anonymous_0)
FNF:1
FNH:0
FNDA:0,(anonymous_0)
DA:14,1
DA:20,0
DA:33,0
DA:34,0
DA:112,1
LF:5
LH:2
BRF:0
BRH:0
end_of_record
TN:
SF:packages/gatsby-theme-newrelic/src/components/SignupModal/TextInput.js
FN:5,(anonymous_0)
FNF:1
FNH:0
FNDA:0,(anonymous_0)
DA:5,1
DA:6,0
DA:36,1
LF:3
LH:2
BRF:0
BRH:0
end_of_record
TN:
SF:packages/gatsby-theme-newrelic/src/components/SignupModal/index.js
FNF:0
FNH:0
LF:0
LH:0
BRF:0
BRH:0
end_of_record
TN:
SF:packages/gatsby-theme-newrelic/src/components/SignupModal/signup.js
FN:6,(anonymous_0)
FN:7,(anonymous_1)
FN:16,(anonymous_2)
FN:18,(anonymous_3)
FN:21,(anonymous_4)
FN:23,(anonymous_5)
FN:32,(anonymous_6)
FN:58,(anonymous_7)
FN:80,(anonymous_8)
FNF:9
FNH:0
FNDA:0,(anonymous_0)
FNDA:0,(anonymous_1)
FNDA:0,(anonymous_2)
FNDA:0,(anonymous_3)
FNDA:0,(anonymous_4)
FNDA:0,(anonymous_5)
FNDA:0,(anonymous_6)
FNDA:0,(anonymous_7)
FNDA:0,(anonymous_8)
DA:4,1
DA:6,1
DA:7,0
DA:8,0
DA:9,0
DA:11,0
DA:16,1
DA:18,1
DA:19,0
DA:21,1
DA:23,0
DA:24,0
DA:32,1
DA:33,0
DA:47,0
DA:48,0
DA:58,1
DA:59,0
DA:65,0
DA:67,0
DA:80,1
DA:81,0
DA:82,0
DA:88,0
DA:89,0
DA:90,0
DA:92,0
DA:96,0
DA:99,0
DA:100,0
DA:105,0
DA:107,0
DA:108,0
DA:117,0
DA:120,0
DA:126,0
DA:128,0
DA:134,0
LF:38
LH:8
BRDA:16,0,0,0
BRDA:16,0,1,0
BRDA:65,1,0,0
BRDA:65,1,1,0
BRDA:107,2,0,0
BRDA:107,2,1,0
BRF:6
BRH:0
end_of_record
TN:
SF:packages/gatsby-theme-newrelic/src/components/SignupModal/utmCookie.js
FN:12,(anonymous_0)
FN:22,(anonymous_1)
FN:28,(anonymous_2)
FN:51,(anonymous_3)
FN:54,(anonymous_4)
FNF:5
FNH:0
FNDA:0,(anonymous_0)
FNDA:0,(anonymous_1)
FNDA:0,(anonymous_2)
FNDA:0,(anonymous_3)
FNDA:0,(anonymous_4)
DA:3,1
DA:12,1
DA:13,0
DA:15,0
DA:16,0
DA:17,0
DA:22,1
DA:24,0
DA:25,0
DA:28,1
DA:29,0
DA:51,1
DA:52,0
DA:53,0
DA:54,0
DA:55,0
DA:56,0
DA:57,0
DA:58,0
DA:59,0
DA:63,0
DA:68,0
DA:71,0
DA:74,0
LF:24
LH:5
BRDA:17,0,0,0
BRDA:17,0,1,0
BRDA:25,1,0,0
BRDA:25,1,1,0
BRDA:46,2,0,0
BRDA:46,2,1,0
BRDA:47,3,0,0
BRDA:47,3,1,0
BRDA:53,4,0,0
BRDA:53,4,1,0
BRDA:56,5,0,0
BRDA:56,5,1,0
BRDA:58,6,0,0
BRDA:58,6,1,0
BRF:14
BRH:0
end_of_record
TN:
SF:packages/gatsby-theme-newrelic/src/components/Tabs/Bar.js
FN:16,(anonymous_0)
FN:37,(anonymous_1)
FN:44,(anonymous_2)
FN:52,(anonymous_3)
FN:73,(anonymous_4)
FN:112,(anonymous_5)
FNF:6
FNH:0
FNDA:0,(anonymous_0)
FNDA:0,(anonymous_1)
FNDA:0,(anonymous_2)
FNDA:0,(anonymous_3)
FNDA:0,(anonymous_4)
FNDA:0,(anonymous_5)
DA:16,1
DA:17,0
DA:19,0
DA:20,0
DA:22,0
DA:25,0
DA:26,0
DA:29,0
DA:30,0
DA:31,0
DA:34,0
DA:37,1
DA:38,0
DA:42,0
DA:45,0
DA:53,0
DA:68,1
DA:73,1
DA:74,0
DA:76,0
DA:113,0
DA:120,1
LF:22
LH:5
BRDA:17,0,0,0
BRDA:17,0,1,0
BRDA:25,1,0,0
BRDA:25,1,1,0
BRDA:30,2,0,0
BRDA:30,2,1,0
BRDA:60,3,0,0
BRDA:60,3,1,0
BRDA:60,3,2,0
BRDA:97,4,0,0
BRDA:97,4,1,0
BRF:11
BRH:0
end_of_record
TN:
SF:packages/gatsby-theme-newrelic/src/components/Tabs/BarItem.js
FN:8,(anonymous_0)
FN:21,(anonymous_1)
FNF:2
FNH:0
FNDA:0,(anonymous_0)
FNDA:0,(anonymous_1)
DA:8,1
DA:16,0
DA:18,0
DA:20,0
DA:22,0
DA:23,0
DA:32,0
DA:92,1
LF:8
LH:2
BRDA:18,0,0,0
BRDA:18,0,1,0
BRDA:18,0,2,0
BRDA:22,1,0,0
BRDA:22,1,1,0
BRDA:23,2,0,0
BRDA:23,2,1,0
BRDA:63,3,0,0
BRDA:63,3,1,0
BRF:9
BRH:0
end_of_record
TN:
SF:packages/gatsby-theme-newrelic/src/components/Tabs/Page.js
FN:7,(anonymous_0)
FN:11,(anonymous_1)
FNF:2
FNH:0
FNDA:0,(anonymous_0)
FNDA:0,(anonymous_1)
DA:7,1
DA:8,0
DA:10,0
DA:12,0
DA:13,0
DA:14,0
DA:20,0
DA:22,0
DA:53,1
LF:9
LH:2
BRDA:12,0,0,0
BRDA:12,0,1,0
BRDA:20,1,0,0
BRDA:20,1,1,0
BRDA:20,1,2,0
BRDA:27,2,0,0
BRDA:27,2,1,0
BRDA:39,3,0,0
BRDA:39,3,1,0
BRF:9
BRH:0
end_of_record
TN:
SF:packages/gatsby-theme-newrelic/src/components/Tabs/Pages.js
FN:7,(anonymous_0)
FN:26,(anonymous_1)
FNF:2
FNH:0
FNDA:0,(anonymous_0)
FNDA:0,(anonymous_1)
DA:7,1
DA:8,0
DA:10,0
DA:27,0
DA:33,1
LF:5
LH:2
BRDA:13,0,0,0
BRDA:13,0,1,0
BRF:2
BRH:0
end_of_record
TN:
SF:packages/gatsby-theme-newrelic/src/components/Tabs/Tabs.js
FN:12,(anonymous_0)
FN:16,(anonymous_1)
FNF:2
FNH:0
FNDA:0,(anonymous_0)
FNDA:0,(anonymous_1)
DA:12,1
DA:13,0
DA:14,0
DA:16,0
DA:17,0
DA:18,0
DA:19,0
DA:27,0
DA:37,0
DA:46,0
DA:65,1
DA:74,1
DA:75,1
DA:76,1
DA:77,1
LF:15
LH:6
BRDA:17,0,0,0
BRDA:17,0,1,0
BRDA:50,1,0,0
BRDA:50,1,1,0
BRF:4
BRH:0
end_of_record
TN:
SF:packages/gatsby-theme-newrelic/src/components/Tabs/index.js
FNF:0
FNH:0
LF:0
LH:0
BRF:0
BRH:0
end_of_record
TN:
SF:packages/gatsby-theme-newrelic/src/components/Tabs/useTabs.js
FN:4,(anonymous_0)
FNF:1
FNH:0
FNDA:0,(anonymous_0)
DA:4,1
LF:1
LH:1
BRF:0
BRH:0
end_of_record
TN:
SF:packages/gatsby-theme-newrelic/src/components/Terminal/CommandLine.js
FN:17,(anonymous_0)
FNF:1
FNH:0
FNDA:0,(anonymous_0)
DA:7,1
DA:17,1
DA:26,0
DA:44,0
DA:86,1
DA:96,1
LF:6
LH:4
BRDA:26,0,0,0
BRDA:26,0,1,0
BRDA:65,1,0,0
BRDA:65,1,1,0
BRF:4
BRH:0
end_of_record
TN:
SF:packages/gatsby-theme-newrelic/src/components/Terminal/MenuBar.js
FN:7,(anonymous_0)
FN:67,(anonymous_1)
FNF:2
FNH:0
FNDA:0,(anonymous_0)
FNDA:0,(anonymous_1)
DA:7,1
DA:8,0
DA:10,0
DA:61,1
DA:67,1
DA:68,0
DA:78,1
LF:7
LH:4
BRDA:37,0,0,0
BRDA:37,0,1,0
BRDA:54,1,0,0
BRDA:54,1,1,0
BRF:4
BRH:0
end_of_record
TN:
SF:packages/gatsby-theme-newrelic/src/components/Terminal/Prompt.js
FN:5,(anonymous_0)
FNF:1
FNH:0
FNDA:0,(anonymous_0)
DA:5,1
DA:6,0
DA:16,1
LF:3
LH:2
BRDA:12,0,0,0
BRDA:12,0,1,0
BRF:2
BRH:0
end_of_record
TN:
SF:packages/gatsby-theme-newrelic/src/components/Terminal/Shell.js
FN:18,(anonymous_0)
FN:36,(anonymous_1)
FN:42,(anonymous_2)
FN:68,(anonymous_3)
FN:106,(anonymous_4)
FN:123,(anonymous_5)
FN:125,(anonymous_6)
FN:144,(anonymous_7)
FN:146,(anonymous_8)
FN:147,(anonymous_9)
FN:149,(anonymous_10)
FN:150,(anonymous_11)
FN:158,(anonymous_12)
FNF:13
FNH:0
FNDA:0,(anonymous_0)
FNDA:0,(anonymous_1)
FNDA:0,(anonymous_2)
FNDA:0,(anonymous_3)
FNDA:0,(anonymous_4)
FNDA:0,(anonymous_5)
FNDA:0,(anonymous_6)
FNDA:0,(anonymous_7)
FNDA:0,(anonymous_8)
FNDA:0,(anonymous_9)
FNDA:0,(anonymous_10)
FNDA:0,(anonymous_11)
FNDA:0,(anonymous_12)
DA:16,1
DA:18,1
DA:19,0
DA:20,0
DA:22,0
DA:23,0
DA:24,0
DA:25,0
DA:29,0
DA:31,0
DA:36,0
DA:37,0
DA:38,0
DA:42,0
DA:43,0
DA:44,0
DA:46,0
DA:47,0
DA:51,0
DA:53,0
DA:68,0
DA:107,0
DA:109,0
DA:123,0
DA:127,0
DA:144,1
DA:145,0
DA:146,0
DA:148,0
DA:149,0
DA:150,0
DA:158,1
DA:161,0
DA:162,0
DA:167,0
DA:168,0
DA:173,0
DA:174,0
DA:177,0
DA:180,1
LF:40
LH:5
BRDA:16,0,0,1
BRDA:16,0,1,0
BRDA:37,1,0,0
BRDA:37,1,1,0
BRDA:37,2,0,0
BRDA:37,2,1,0
BRDA:46,3,0,0
BRDA:46,3,1,0
BRDA:105,4,0,0
BRDA:105,4,1,0
BRDA:109,5,0,0
BRDA:109,5,1,0
BRDA:114,6,0,0
BRDA:114,6,1,0
BRDA:117,7,0,0
BRDA:117,7,1,0
BRDA:117,8,0,0
BRDA:117,8,1,0
BRDA:161,9,0,0
BRDA:161,9,1,0
BRDA:167,10,0,0
BRDA:167,10,1,0
BRDA:173,11,0,0
BRDA:173,11,1,0
BRDA:173,12,0,0
BRDA:173,12,1,0
BRF:26
BRH:1
end_of_record
TN:
SF:packages/gatsby-theme-newrelic/src/components/Terminal/ShellOutput.js
FN:7,(anonymous_0)
FN:14,(anonymous_1)
FN:31,(anonymous_2)
FN:39,(anonymous_3)
FNF:4
FNH:0
FNDA:0,(anonymous_0)
FNDA:0,(anonymous_1)
FNDA:0,(anonymous_2)
FNDA:0,(anonymous_3)
DA:5,1
DA:7,1
DA:8,0
DA:15,0
DA:31,1
DA:32,0
DA:34,0
DA:35,0
DA:38,0
DA:39,0
DA:41,0
DA:48,1
DA:58,1
DA:59,1
DA:60,1
DA:61,1
DA:62,1
DA:63,1
DA:64,1
DA:66,1
LF:20
LH:12
BRDA:18,0,0,0
BRDA:18,0,1,0
BRDA:34,1,0,0
BRDA:34,1,1,0
BRDA:41,2,0,0
BRDA:41,2,1,0
BRF:6
BRH:0
end_of_record
TN:
SF:packages/gatsby-theme-newrelic/src/components/Terminal/Terminal.js
FN:7,(anonymous_0)
FN:12,(anonymous_1)
FNF:2
FNH:0
FNDA:0,(anonymous_0)
FNDA:0,(anonymous_1)
DA:7,1
DA:8,0
DA:10,0
DA:12,0
DA:17,1
DA:23,1
LF:6
LH:3
BRF:0
BRH:0
end_of_record
TN:
SF:packages/gatsby-theme-newrelic/src/components/Terminal/gaussianRound.js
FN:2,(anonymous_0)
FNF:1
FNH:0
FNDA:0,(anonymous_0)
DA:2,1
DA:3,0
DA:4,0
DA:6,0
DA:7,0
DA:10,0
DA:11,0
LF:7
LH:1
BRF:0
BRH:0
end_of_record
TN:
SF:packages/gatsby-theme-newrelic/src/components/Terminal/index.js
FNF:0
FNH:0
LF:0
LH:0
BRF:0
BRH:0
end_of_record
TN:
SF:packages/gatsby-theme-newrelic/src/components/Terminal/machine.js
FN:16,(anonymous_0)
FN:27,(anonymous_1)
FN:44,(anonymous_2)
FN:45,(anonymous_3)
FN:51,(anonymous_4)
FN:59,(anonymous_5)
FN:79,(anonymous_6)
FN:80,(anonymous_7)
FN:87,(anonymous_8)
FN:90,(anonymous_9)
FN:93,(anonymous_10)
FN:95,(anonymous_11)
FNF:12
FNH:0
FNDA:0,(anonymous_0)
FNDA:0,(anonymous_1)
FNDA:0,(anonymous_2)
FNDA:0,(anonymous_3)
FNDA:0,(anonymous_4)
FNDA:0,(anonymous_5)
FNDA:0,(anonymous_6)
FNDA:0,(anonymous_7)
FNDA:0,(anonymous_8)
FNDA:0,(anonymous_9)
FNDA:0,(anonymous_10)
FNDA:0,(anonymous_11)
DA:4,1
DA:6,1
DA:16,0
DA:27,0
DA:45,0
DA:46,0
DA:47,0
DA:50,0
DA:52,0
DA:59,0
DA:79,0
DA:80,0
DA:88,0
DA:91,0
DA:93,0
DA:96,0
LF:16
LH:2
BRDA:46,0,0,0
BRDA:46,0,1,0
BRDA:54,1,0,0
BRDA:54,1,1,0
BRF:4
BRH:0
end_of_record
TN:
SF:packages/gatsby-theme-newrelic/src/components/Terminal/theme.js
FNF:0
FNH:0
LF:0
LH:0
BRF:0
BRH:0
end_of_record
TN:
SF:packages/gatsby-theme-newrelic/src/components/Terminal/utils/collapseLine.js
FN:1,(anonymous_0)
FN:3,(anonymous_1)
FN:4,(anonymous_2)
FNF:3
FNH:0
FNDA:0,(anonymous_0)
FNDA:0,(anonymous_1)
FNDA:0,(anonymous_2)
DA:1,1
DA:2,0
DA:3,0
DA:4,0
LF:4
LH:1
BRF:0
BRH:0
end_of_record
TN:
SF:packages/gatsby-theme-newrelic/src/components/Terminal/utils/translateLines.js
FN:6,(anonymous_0)
FN:9,(anonymous_1)
FNF:2
FNH:0
FNDA:0,(anonymous_0)
FNDA:0,(anonymous_1)
DA:3,1
DA:4,1
DA:6,1
DA:7,0
DA:9,0
DA:10,0
DA:12,0
LF:7
LH:3
BRDA:12,0,0,0
BRDA:12,0,1,0
BRDA:19,1,0,0
BRDA:19,1,1,0
BRDA:19,2,0,0
BRDA:19,2,1,0
BRDA:20,3,0,0
BRDA:20,3,1,0
BRF:8
BRH:0
end_of_record
TN:
SF:packages/gatsby-theme-newrelic/src/components/TutorialSteps/TutorialSection.js
FN:6,(anonymous_0)
FN:8,(anonymous_1)
FN:18,(anonymous_2)
FNF:3
FNH:0
FNDA:0,(anonymous_0)
FNDA:0,(anonymous_1)
FNDA:0,(anonymous_2)
DA:6,1
DA:7,0
DA:8,0
DA:10,0
DA:12,0
DA:19,0
DA:20,0
DA:23,0
DA:29,1
LF:9
LH:2
BRDA:8,0,0,0
BRDA:8,0,1,0
BRDA:19,1,0,0
BRDA:19,1,1,0
BRDA:19,2,0,0
BRDA:19,2,1,0
BRF:6
BRH:0
end_of_record
TN:
SF:packages/gatsby-theme-newrelic/src/components/TutorialSteps/TutorialStep.js
FN:8,(anonymous_0)
FN:11,(anonymous_1)
FN:16,(anonymous_2)
FN:32,(anonymous_3)
FN:45,(anonymous_4)
FNF:5
FNH:0
FNDA:0,(anonymous_0)
FNDA:0,(anonymous_1)
FNDA:0,(anonymous_2)
FNDA:0,(anonymous_3)
FNDA:0,(anonymous_4)
DA:6,1
DA:8,1
DA:9,0
DA:11,0
DA:15,0
DA:16,0
DA:19,0
DA:33,0
DA:39,1
DA:45,1
DA:46,0
DA:77,1
LF:12
LH:5
BRDA:11,0,0,0
BRDA:11,0,1,0
BRDA:15,1,0,0
BRDA:15,1,1,0
BRF:4
BRH:0
end_of_record
TN:
SF:packages/gatsby-theme-newrelic/src/components/Walkthrough/Walkthrough.js
FN:6,(anonymous_0)
FN:7,(anonymous_1)
FNF:2
FNH:0
FNDA:0,(anonymous_0)
FNDA:0,(anonymous_1)
DA:6,1
DA:7,0
DA:8,0
DA:11,0
DA:33,1
DA:35,1
LF:6
LH:3
BRF:0
BRH:0
end_of_record
TN:
SF:packages/gatsby-theme-newrelic/src/components/Walkthrough/WalkthroughStep.js
FN:5,(anonymous_0)
FNF:1
FNH:0
FNDA:0,(anonymous_0)
DA:5,1
DA:15,0
DA:113,1
LF:3
LH:2
BRDA:9,0,0,0
BRDA:21,1,0,0
BRDA:21,1,1,0
BRDA:48,2,0,0
BRDA:48,2,1,0
BRF:5
BRH:0
end_of_record
TN:
SF:packages/gatsby-theme-newrelic/src/components/Walkthrough/index.js
FNF:0
FNH:0
LF:0
LH:0
BRF:0
BRH:0
end_of_record
TN:
SF:packages/gatsby-theme-newrelic/src/hooks/useActiveHash.js
FN:8,(anonymous_0)
FN:11,(anonymous_1)
FN:20,(anonymous_2)
FN:25,(anonymous_3)
FN:26,(anonymous_4)
FN:45,(anonymous_5)
FN:51,(anonymous_6)
FN:54,(anonymous_7)
FN:57,(anonymous_8)
FNF:9
FNH:0
FNDA:0,(anonymous_0)
FNDA:0,(anonymous_1)
FNDA:0,(anonymous_2)
FNDA:0,(anonymous_3)
FNDA:0,(anonymous_4)
FNDA:0,(anonymous_5)
FNDA:0,(anonymous_6)
FNDA:0,(anonymous_7)
FNDA:0,(anonymous_8)
DA:6,1
DA:8,1
DA:9,0
DA:10,0
DA:11,0
DA:12,0
DA:13,0
DA:16,0
DA:18,0
DA:20,0
DA:21,0
DA:22,0
DA:25,0
DA:26,0
DA:27,0
DA:28,0
DA:30,0
DA:34,0
DA:35,0
DA:36,0
DA:40,0
DA:45,0
DA:48,0
DA:51,1
DA:52,0
DA:54,0
DA:55,0
DA:57,0
DA:58,0
DA:59,0
DA:62,0
DA:63,0
DA:66,0
LF:33
LH:3
BRDA:12,0,0,0
BRDA:12,0,1,0
BRDA:13,1,0,0
BRDA:13,1,1,0
BRDA:21,2,0,0
BRDA:21,2,1,0
BRDA:30,3,0,0
BRDA:30,3,1,0
BRDA:34,4,0,0
BRDA:34,4,1,0
BRDA:34,5,0,0
BRDA:34,5,1,0
BRDA:55,6,0,0
BRDA:55,6,1,0
BRDA:58,7,0,0
BRDA:58,7,1,0
BRDA:62,8,0,0
BRDA:62,8,1,0
BRDA:62,9,0,0
BRDA:62,9,1,0
BRDA:67,10,0,0
BRDA:67,10,1,0
BRF:22
BRH:0
end_of_record
TN:
SF:packages/gatsby-theme-newrelic/src/hooks/useClipboard.js
FN:5,(anonymous_0)
FN:8,(anonymous_1)
FN:13,(anonymous_2)
FNF:3
FNH:1
FNDA:14,(anonymous_0)
FNDA:0,(anonymous_1)
FNDA:0,(anonymous_2)
DA:5,1
DA:6,14
DA:8,14
DA:9,0
DA:10,0
DA:13,14
DA:15,14
LF:7
LH:5
BRDA:5,0,0,14
BRDA:5,1,0,14
BRDA:13,2,0,0
BRDA:13,2,1,14
BRF:4
BRH:3
end_of_record
TN:
SF:packages/gatsby-theme-newrelic/src/hooks/useDeepMemo.js
FN:14,(anonymous_0)
FNF:1
FNH:1
FNDA:38,(anonymous_0)
DA:14,3
DA:15,38
DA:17,38
DA:18,24
DA:21,38
LF:5
LH:5
BRDA:17,0,0,24
BRDA:17,0,1,14
BRDA:17,1,0,38
BRDA:17,1,1,14
BRF:4
BRH:4
end_of_record
TN:
SF:packages/gatsby-theme-newrelic/src/hooks/useFormattedCode.js
FN:4,(anonymous_0)
FN:5,(anonymous_1)
FNF:2
FNH:2
FNDA:14,(anonymous_0)
FNDA:7,(anonymous_1)
DA:4,1
DA:5,14
DA:6,7
DA:7,7
DA:9,5
LF:5
LH:5
BRDA:7,0,0,1
BRDA:7,0,1,6
BRF:2
BRH:2
end_of_record
TN:
SF:packages/gatsby-theme-newrelic/src/hooks/useHasMounted.js
FN:3,(anonymous_0)
FN:5,(anonymous_1)
FNF:2
FNH:0
FNDA:0,(anonymous_0)
FNDA:0,(anonymous_1)
DA:3,1
DA:4,0
DA:5,0
DA:6,0
DA:8,0
LF:5
LH:1
BRF:0
BRH:0
end_of_record
TN:
SF:packages/gatsby-theme-newrelic/src/hooks/useInstrumentedHandler.js
FN:6,(anonymous_0)
FN:10,(anonymous_1)
FN:14,(anonymous_2)
FNF:3
FNH:3
FNDA:59,(anonymous_0)
FNDA:55,(anonymous_1)
FNDA:9,(anonymous_2)
DA:6,4
DA:7,59
DA:8,59
DA:10,59
DA:11,55
DA:14,59
DA:16,9
DA:18,9
DA:19,8
DA:24,8
DA:30,8
DA:35,8
DA:45,8
DA:51,9
DA:52,9
DA:56,59
LF:16
LH:16
BRDA:16,0,0,1
BRDA:16,0,1,8
BRDA:18,1,0,8
BRDA:18,1,1,1
BRDA:24,2,0,8
BRDA:24,2,1,7
BRDA:35,3,0,8
BRDA:35,3,1,7
BRDA:46,4,0,8
BRDA:46,4,1,7
BRDA:46,4,2,6
BRDA:51,5,0,9
BRDA:51,5,1,0
BRF:13
BRH:12
end_of_record
TN:
SF:packages/gatsby-theme-newrelic/src/hooks/useKeyPress.js
FN:4,(anonymous_0)
FN:10,(anonymous_1)
FN:27,(anonymous_2)
FN:29,(anonymous_3)
FN:34,(anonymous_4)
FN:37,(anonymous_5)
FN:40,(anonymous_6)
FN:47,(anonymous_7)
FN:51,(anonymous_8)
FN:52,(anonymous_9)
FN:64,(anonymous_10)
FNF:11
FNH:11
FNDA:28,(anonymous_0)
FNDA:17,(anonymous_1)
FNDA:18,(anonymous_2)
FNDA:22,(anonymous_3)
FNDA:18,(anonymous_4)
FNDA:24,(anonymous_5)
FNDA:17,(anonymous_6)
FNDA:24,(anonymous_7)
FNDA:17,(anonymous_8)
FNDA:20,(anonymous_9)
FNDA:17,(anonymous_10)
DA:4,3
DA:5,28
DA:7,28
DA:10,3
DA:11,17
DA:13,7
DA:15,5
DA:17,3
DA:19,1
DA:21,1
DA:23,0
DA:27,3
DA:28,18
DA:30,22
DA:34,3
DA:35,18
DA:37,3
DA:38,24
DA:39,24
DA:41,17
DA:47,24
DA:48,24
DA:51,24
DA:52,17
DA:53,20
DA:54,2
DA:57,18
DA:58,14
DA:62,17
DA:64,17
DA:65,17
LF:31
LH:30
BRDA:7,0,0,20
BRDA:7,0,1,8
BRDA:11,1,0,7
BRDA:11,1,1,5
BRDA:11,1,2,3
BRDA:11,1,3,1
BRDA:11,1,4,1
BRDA:11,1,5,0
BRDA:15,2,0,5
BRDA:15,2,1,3
BRDA:30,3,0,22
BRDA:30,3,1,17
BRDA:35,4,0,18
BRDA:35,4,1,17
BRDA:37,5,0,23
BRDA:37,6,0,23
BRDA:41,7,0,6
BRDA:41,7,1,11
BRDA:43,8,0,11
BRDA:43,8,1,0
BRDA:53,9,0,2
BRDA:53,9,1,18
BRDA:53,10,0,20
BRDA:53,10,1,18
BRDA:57,11,0,14
BRDA:57,11,1,4
BRF:26
BRH:24
end_of_record
TN:
SF:packages/gatsby-theme-newrelic/src/hooks/useLayout.js
FN:4,(anonymous_0)
FNF:1
FNH:0
FNDA:0,(anonymous_0)
DA:4,1
LF:1
LH:1
BRF:0
BRH:0
end_of_record
TN:
SF:packages/gatsby-theme-newrelic/src/hooks/useLocale.js
FN:4,(anonymous_0)
FNF:1
FNH:1
FNDA:13,(anonymous_0)
DA:4,13
LF:1
LH:1
BRF:0
BRH:0
end_of_record
TN:
SF:packages/gatsby-theme-newrelic/src/hooks/useLoggedIn.js
FN:27,(anonymous_0)
FN:39,(anonymous_1)
FN:44,(anonymous_2)
FN:49,(anonymous_3)
FN:64,(anonymous_4)
FN:83,(anonymous_5)
FN:84,(anonymous_6)
FN:91,(anonymous_7)
FN:101,(anonymous_8)
FNF:9
FNH:3
FNDA:0,(anonymous_0)
FNDA:0,(anonymous_1)
FNDA:0,(anonymous_2)
FNDA:0,(anonymous_3)
FNDA:4,(anonymous_4)
FNDA:4,(anonymous_5)
FNDA:0,(anonymous_6)
FNDA:4,(anonymous_7)
FNDA:0,(anonymous_8)
DA:4,4
DA:5,4
DA:27,4
DA:28,0
DA:31,0
DA:32,0
DA:33,0
DA:35,0
DA:37,0
DA:39,0
DA:40,0
DA:42,0
DA:43,0
DA:45,0
DA:46,0
DA:50,0
DA:54,0
DA:55,0
DA:64,4
DA:65,4
DA:83,4
DA:84,0
DA:91,4
DA:92,4
DA:93,4
DA:94,4
DA:95,4
DA:101,4
DA:102,0
DA:105,0
DA:106,0
LF:31
LH:12
BRDA:35,0,0,0
BRDA:35,0,1,0
BRDA:37,1,0,0
BRDA:37,1,1,0
BRDA:37,1,2,0
BRDA:40,2,0,0
BRDA:40,2,1,0
BRDA:54,3,0,0
BRDA:54,3,1,0
BRDA:92,4,0,0
BRDA:92,4,1,4
BRDA:94,5,0,0
BRDA:94,5,1,4
BRDA:102,6,0,0
BRDA:102,6,1,0
BRF:15
BRH:2
end_of_record
TN:
SF:packages/gatsby-theme-newrelic/src/hooks/useNavigation.js
FN:4,(anonymous_0)
FNF:1
FNH:0
FNDA:0,(anonymous_0)
DA:4,1
LF:1
LH:1
BRF:0
BRH:0
end_of_record
TN:
SF:packages/gatsby-theme-newrelic/src/hooks/usePrevious.js
FN:3,(anonymous_0)
FN:6,(anonymous_1)
FNF:2
FNH:0
FNDA:0,(anonymous_0)
FNDA:0,(anonymous_1)
DA:3,1
DA:4,0
DA:6,0
DA:7,0
DA:9,0
LF:5
LH:1
BRDA:3,0,0,0
BRDA:3,1,0,0
BRDA:4,2,0,0
BRDA:4,2,1,0
BRF:4
BRH:0
end_of_record
TN:
SF:packages/gatsby-theme-newrelic/src/hooks/useQueryParams.js
FN:4,(anonymous_0)
FN:7,(anonymous_1)
FN:11,(anonymous_2)
FN:16,(anonymous_3)
FN:25,(anonymous_4)
FNF:5
FNH:2
FNDA:0,(anonymous_0)
FNDA:12,(anonymous_1)
FNDA:5,(anonymous_2)
FNDA:0,(anonymous_3)
FNDA:0,(anonymous_4)
DA:4,2
DA:5,0
DA:7,2
DA:8,12
DA:10,12
DA:11,5
DA:15,12
DA:17,0
DA:19,0
DA:24,12
DA:26,0
DA:28,0
DA:33,12
LF:13
LH:8
BRDA:5,0,0,0
BRDA:5,0,1,0
BRDA:19,1,0,0
BRDA:19,1,1,0
BRDA:28,2,0,0
BRDA:28,2,1,0
BRF:6
BRH:0
end_of_record
TN:
SF:packages/gatsby-theme-newrelic/src/hooks/useScrollFreeze.js
FN:3,(anonymous_0)
FN:4,(anonymous_1)
FN:13,(anonymous_2)
FNF:3
FNH:0
FNDA:0,(anonymous_0)
FNDA:0,(anonymous_1)
FNDA:0,(anonymous_2)
DA:3,1
DA:4,0
DA:5,0
DA:6,0
DA:9,0
DA:11,0
DA:13,0
DA:14,0
LF:8
LH:1
BRDA:5,0,0,0
BRDA:5,0,1,0
BRF:2
BRH:0
end_of_record
TN:
SF:packages/gatsby-theme-newrelic/src/hooks/useSyncedRef.js
FN:3,(anonymous_0)
FN:6,(anonymous_1)
FNF:2
FNH:0
FNDA:0,(anonymous_0)
FNDA:0,(anonymous_1)
DA:3,1
DA:4,0
DA:6,0
DA:7,0
DA:8,0
DA:11,0
DA:12,0
DA:14,0
DA:18,0
LF:9
LH:1
BRDA:7,0,0,0
BRDA:7,0,1,0
BRDA:11,1,0,0
BRDA:11,1,1,0
BRF:4
BRH:0
end_of_record
TN:
SF:packages/gatsby-theme-newrelic/src/hooks/useTessen.js
FN:5,(anonymous_0)
FN:19,(anonymous_1)
FNF:2
FNH:2
FNDA:61,(anonymous_0)
FNDA:61,(anonymous_1)
DA:5,4
DA:8,61
DA:19,61
DA:20,61
LF:4
LH:4
BRF:0
BRH:0
end_of_record
TN:
SF:packages/gatsby-theme-newrelic/src/hooks/useThemeTranslation.js
FN:4,(anonymous_0)
FNF:1
FNH:1
FNDA:14,(anonymous_0)
DA:4,1
DA:5,14
DA:7,14
LF:3
LH:3
BRF:0
BRH:0
end_of_record
TN:
SF:packages/gatsby-theme-newrelic/src/hooks/useTimeout.js
FN:3,(anonymous_0)
FN:6,(anonymous_1)
FN:10,(anonymous_2)
FN:14,(anonymous_3)
FNF:4
FNH:3
FNDA:14,(anonymous_0)
FNDA:14,(anonymous_1)
FNDA:7,(anonymous_2)
FNDA:0,(anonymous_3)
DA:3,1
DA:4,14
DA:6,14
DA:7,14
DA:10,14
DA:11,7
DA:12,0
DA:14,0
LF:8
LH:6
BRDA:11,0,0,0
BRDA:11,0,1,7
BRF:2
BRH:1
end_of_record
TN:
SF:packages/gatsby-theme-newrelic/src/hooks/useUserId.js
FN:5,(anonymous_0)
FNF:1
FNH:1
FNDA:5,(anonymous_0)
DA:5,2
DA:6,5
DA:7,5
DA:8,2
DA:9,2
DA:10,2
DA:12,3
LF:7
LH:7
BRDA:7,0,0,2
BRDA:7,0,1,3
BRF:2
BRH:2
end_of_record
TN:
SF:packages/gatsby-theme-newrelic/src/hooks/useWarning.js
FN:4,(anonymous_0)
FN:7,(anonymous_1)
FNF:2
FNH:2
FNDA:12,(anonymous_0)
FNDA:11,(anonymous_1)
DA:4,2
DA:5,12
DA:7,12
DA:8,11
DA:9,2
DA:12,9
DA:14,9
DA:15,5
LF:8
LH:8
BRDA:4,0,0,4
BRDA:4,1,0,4
BRDA:8,2,0,2
BRDA:8,2,1,9
BRDA:8,3,0,11
BRDA:8,3,1,7
BRDA:14,4,0,5
BRDA:14,4,1,4
BRF:8
BRH:8
end_of_record
TN:
SF:packages/gatsby-theme-newrelic/src/hooks/useDarkMode/createGlobalState.js
FN:3,(anonymous_0)
FN:9,(anonymous_1)
FN:16,(anonymous_2)
FN:19,(anonymous_3)
FNF:4
FNH:0
FNDA:0,(anonymous_0)
FNDA:0,(anonymous_1)
FNDA:0,(anonymous_2)
FNDA:0,(anonymous_3)
DA:1,1
DA:3,1
DA:4,0
DA:5,0
DA:7,0
DA:8,0
DA:10,0
DA:11,0
DA:12,0
DA:13,0
DA:17,0
DA:18,0
DA:19,0
DA:20,0
DA:21,0
LF:15
LH:2
BRDA:4,0,0,0
BRDA:4,0,1,0
BRDA:12,1,0,0
BRDA:12,1,1,0
BRDA:17,2,0,0
BRDA:17,2,1,0
BRDA:20,3,0,0
BRDA:20,3,1,0
BRF:8
BRH:0
end_of_record
TN:
SF:packages/gatsby-theme-newrelic/src/hooks/useDarkMode/createPersistedState.js
FN:6,(anonymous_0)
FN:24,(anonymous_1)
FN:27,(anonymous_2)
FNF:3
FNH:0
FNDA:0,(anonymous_0)
FNDA:0,(anonymous_1)
FNDA:0,(anonymous_2)
DA:6,1
DA:7,0
DA:8,0
DA:11,0
DA:13,0
DA:15,0
DA:16,0
DA:18,0
DA:19,0
DA:21,0
DA:24,1
DA:25,0
DA:26,0
DA:27,0
DA:29,0
LF:15
LH:2
BRDA:7,0,0,0
BRDA:7,0,1,0
BRDA:7,1,0,0
BRDA:7,1,1,0
BRDA:11,2,0,0
BRDA:11,2,1,0
BRDA:11,3,0,0
BRDA:11,3,1,0
BRDA:15,4,0,0
BRDA:15,4,1,0
BRDA:15,5,0,0
BRDA:15,5,1,0
BRDA:18,6,0,0
BRDA:18,6,1,0
BRDA:24,7,0,0
BRDA:25,8,0,0
BRDA:25,8,1,0
BRF:17
BRH:0
end_of_record
TN:
SF:packages/gatsby-theme-newrelic/src/hooks/useDarkMode/createStorage.js
FN:1,(anonymous_0)
FN:2,(anonymous_1)
FN:11,(anonymous_2)
FNF:3
FNH:0
FNDA:0,(anonymous_0)
FNDA:0,(anonymous_1)
FNDA:0,(anonymous_2)
DA:1,1
DA:3,0
DA:5,0
DA:12,0
LF:4
LH:1
BRDA:5,0,0,0
BRDA:5,0,1,0
BRDA:5,1,0,0
BRDA:5,1,1,0
BRDA:6,2,0,0
BRDA:6,2,1,0
BRF:6
BRH:0
end_of_record
TN:
SF:packages/gatsby-theme-newrelic/src/hooks/useDarkMode/index.js
FN:6,(anonymous_0)
FN:24,(anonymous_1)
FN:33,(anonymous_2)
FN:39,(anonymous_3)
FN:46,(anonymous_4)
FN:52,(anonymous_5)
FN:53,(anonymous_6)
FN:54,(anonymous_7)
FN:54,(anonymous_8)
FNF:9
FNH:0
FNDA:0,(anonymous_0)
FNDA:0,(anonymous_1)
FNDA:0,(anonymous_2)
FNDA:0,(anonymous_3)
FNDA:0,(anonymous_4)
FNDA:0,(anonymous_5)
FNDA:0,(anonymous_6)
FNDA:0,(anonymous_7)
FNDA:0,(anonymous_8)
DA:6,1
DA:23,0
DA:24,0
DA:28,0
DA:32,0
DA:34,0
DA:39,0
DA:40,0
DA:44,0
DA:46,0
DA:50,0
DA:52,0
DA:53,0
DA:54,0
LF:14
LH:1
BRDA:7,0,0,0
BRDA:8,1,0,0
BRDA:13,2,0,0
BRDA:34,3,0,0
BRDA:34,3,1,0
BRF:5
BRH:0
end_of_record
TN:
SF:packages/gatsby-theme-newrelic/src/hooks/useDarkMode/initializeUseDarkMode.js
FN:4,(anonymous_0)
FN:15,(anonymous_1)
FN:23,(anonymous_2)
FN:25,(anonymous_3)
FN:31,(anonymous_4)
FN:38,(anonymous_5)
FN:43,(anonymous_6)
FNF:7
FNH:0
FNDA:0,(anonymous_0)
FNDA:0,(anonymous_1)
FNDA:0,(anonymous_2)
FNDA:0,(anonymous_3)
FNDA:0,(anonymous_4)
FNDA:0,(anonymous_5)
FNDA:0,(anonymous_6)
DA:4,1
DA:6,1
DA:13,1
DA:15,1
DA:16,0
DA:20,0
DA:22,0
DA:24,0
DA:26,0
DA:29,0
DA:31,0
DA:32,0
DA:35,0
DA:38,0
DA:43,0
DA:44,0
DA:45,0
DA:48,0
LF:18
LH:4
BRDA:15,0,0,0
BRDA:16,1,0,0
BRDA:16,1,1,0
BRDA:20,2,0,0
BRDA:20,2,1,0
BRDA:24,3,0,0
BRDA:24,3,1,0
BRDA:26,4,0,0
BRDA:26,4,1,0
BRDA:32,5,0,0
BRDA:32,5,1,0
BRDA:35,6,0,0
BRDA:35,6,1,0
BRDA:35,6,2,0
BRDA:39,7,0,0
BRDA:40,8,0,0
BRDA:41,9,0,0
BRDA:44,10,0,0
BRDA:44,10,1,0
BRDA:45,11,0,0
BRDA:45,11,1,0
BRF:21
BRH:0
end_of_record
TN:
SF:packages/gatsby-theme-newrelic/src/hooks/useDarkMode/useEventListener.js
FN:3,(anonymous_0)
FN:12,(anonymous_1)
FN:16,(anonymous_2)
FN:22,(anonymous_3)
FN:25,(anonymous_4)
FNF:5
FNH:0
FNDA:0,(anonymous_0)
FNDA:0,(anonymous_1)
FNDA:0,(anonymous_2)
FNDA:0,(anonymous_3)
FNDA:0,(anonymous_4)
DA:3,1
DA:9,0
DA:10,0
DA:12,0
DA:13,0
DA:16,0
DA:17,0
DA:18,0
DA:19,0
DA:22,0
DA:23,0
DA:24,0
DA:25,0
DA:26,0
LF:14
LH:1
BRDA:6,0,0,0
BRDA:7,1,0,0
BRDA:17,2,0,0
BRDA:17,2,1,0
BRDA:18,3,0,0
BRDA:18,3,1,0
BRF:6
BRH:0
end_of_record
TN:
SF:packages/gatsby-theme-newrelic/src/hooks/useDarkMode/usePersistedState.js
FN:6,(anonymous_0)
FN:8,(anonymous_1)
FN:11,(anonymous_2)
FN:21,(anonymous_3)
FN:25,(anonymous_4)
FN:31,(anonymous_5)
FNF:6
FNH:0
FNDA:0,(anonymous_0)
FNDA:0,(anonymous_1)
FNDA:0,(anonymous_2)
FNDA:0,(anonymous_3)
FNDA:0,(anonymous_4)
FNDA:0,(anonymous_5)
DA:6,1
DA:7,0
DA:8,0
DA:11,0
DA:12,0
DA:13,0
DA:14,0
DA:15,0
DA:21,0
DA:23,0
DA:25,0
DA:26,0
DA:30,0
DA:33,0
DA:36,0
DA:38,0
DA:41,0
DA:46,0
LF:18
LH:1
BRDA:12,0,0,0
BRDA:12,0,1,0
BRDA:14,1,0,0
BRDA:14,1,1,0
BRDA:33,2,0,0
BRDA:33,2,1,0
BRF:6
BRH:0
end_of_record
TN:
SF:packages/gatsby-theme-newrelic/src/icons/feather.js
FNF:0
FNH:0
LF:0
LH:0
BRF:0
BRH:0
end_of_record
TN:
SF:packages/gatsby-theme-newrelic/src/icons/index.js
FN:8,(anonymous_0)
FN:10,(anonymous_1)
FN:18,(anonymous_2)
FN:18,(anonymous_3)
FN:21,(anonymous_4)
FN:23,(anonymous_5)
FNF:6
FNH:6
FNDA:12,(anonymous_0)
FNDA:144,(anonymous_1)
FNDA:112,(anonymous_2)
FNDA:56,(anonymous_3)
FNDA:4,(anonymous_4)
FNDA:112,(anonymous_5)
DA:8,4
DA:9,12
DA:10,144
DA:18,112
DA:19,56
DA:21,4
DA:22,4
DA:23,112
LF:8
LH:8
BRDA:25,0,0,112
BRDA:25,0,1,0
BRF:2
BRH:1
end_of_record
TN:
SF:packages/gatsby-theme-newrelic/src/icons/logo.js
FNF:0
FNH:0
LF:0
LH:0
BRF:0
BRH:0
end_of_record
TN:
SF:packages/gatsby-theme-newrelic/src/icons/newrelic.js
FNF:0
FNH:0
LF:0
LH:0
BRF:0
BRH:0
end_of_record
TN:
SF:packages/gatsby-theme-newrelic/src/icons/logo/android.js
FN:5,(anonymous_0)
FNF:1
FNH:1
FNDA:1,(anonymous_0)
DA:5,4
DA:6,1
LF:2
LH:2
BRF:0
BRH:0
end_of_record
TN:
SF:packages/gatsby-theme-newrelic/src/icons/logo/apple.js
FN:5,(anonymous_0)
FNF:1
FNH:1
FNDA:1,(anonymous_0)
DA:5,4
DA:6,1
LF:2
LH:2
BRF:0
BRH:0
end_of_record
TN:
SF:packages/gatsby-theme-newrelic/src/icons/logo/newrelic.js
FN:9,(anonymous_0)
FNF:1
FNH:1
FNDA:1,(anonymous_0)
DA:5,4
DA:9,4
DA:10,1
LF:3
LH:3
BRF:0
BRH:0
end_of_record
TN:
SF:packages/gatsby-theme-newrelic/src/icons/newrelic/ai.js
FN:5,(anonymous_0)
FNF:1
FNH:1
FNDA:1,(anonymous_0)
DA:5,4
DA:6,1
LF:2
LH:2
BRF:0
BRH:0
end_of_record
TN:
SF:packages/gatsby-theme-newrelic/src/icons/newrelic/dark-mode-toggle.js
FN:5,(anonymous_0)
FNF:1
FNH:1
FNDA:1,(anonymous_0)
DA:5,4
DA:6,1
LF:2
LH:2
BRF:0
BRH:0
end_of_record
TN:
SF:packages/gatsby-theme-newrelic/src/icons/newrelic/fso.js
FN:5,(anonymous_0)
FNF:1
FNH:1
FNDA:1,(anonymous_0)
DA:5,4
DA:6,1
LF:2
LH:2
BRF:0
BRH:0
end_of_record
TN:
SF:packages/gatsby-theme-newrelic/src/icons/newrelic/i18n.js
FN:5,(anonymous_0)
FNF:1
FNH:1
FNDA:1,(anonymous_0)
DA:5,4
DA:6,1
LF:2
LH:2
BRF:0
BRH:0
end_of_record
TN:
SF:packages/gatsby-theme-newrelic/src/icons/newrelic/tdp.js
FN:5,(anonymous_0)
FNF:1
FNH:1
FNDA:1,(anonymous_0)
DA:5,4
DA:6,1
LF:2
LH:2
BRF:0
BRH:0
end_of_record
TN:
SF:packages/gatsby-theme-newrelic/src/test-utils/renderHelpers.js
FN:16,(anonymous_0)
FN:35,(anonymous_1)
FNF:2
FNH:1
FNDA:0,(anonymous_0)
FNDA:14,(anonymous_1)
DA:14,2
DA:16,2
DA:17,0
DA:27,0
DA:35,2
DA:39,14
DA:49,14
DA:51,14
LF:8
LH:6
BRDA:37,0,0,12
BRDA:37,1,0,12
BRF:2
BRH:2
end_of_record
TN:
SF:packages/gatsby-theme-newrelic/src/utils/array.js
FN:1,(anonymous_0)
FN:3,(anonymous_1)
FN:5,(anonymous_2)
FNF:3
FNH:0
FNDA:0,(anonymous_0)
FNDA:0,(anonymous_1)
FNDA:0,(anonymous_2)
DA:1,1
DA:3,1
DA:4,0
DA:6,0
LF:4
LH:2
BRDA:6,0,0,0
BRDA:6,0,1,0
BRF:2
BRH:0
end_of_record
TN:
SF:packages/gatsby-theme-newrelic/src/utils/codeBlock.js
FN:3,(anonymous_0)
FNF:1
FNH:0
FNDA:0,(anonymous_0)
DA:1,1
DA:3,1
LF:2
LH:2
BRF:0
BRH:0
end_of_record
TN:
SF:packages/gatsby-theme-newrelic/src/utils/composeHandlers.js
FN:2,(anonymous_0)
FN:3,(anonymous_1)
FN:4,(anonymous_2)
FNF:3
FNH:0
FNDA:0,(anonymous_0)
FNDA:0,(anonymous_1)
FNDA:0,(anonymous_2)
DA:2,1
DA:3,0
DA:4,0
LF:3
LH:1
BRF:0
BRH:0
end_of_record
TN:
SF:packages/gatsby-theme-newrelic/src/utils/configBuilder.js
FN:5,(anonymous_0)
FN:6,(anonymous_1)
FNF:2
FNH:2
FNDA:6,(anonymous_0)
FNDA:4,(anonymous_1)
DA:1,3
DA:2,3
DA:5,3
DA:6,6
DA:7,4
DA:9,4
DA:10,1
DA:13,3
DA:20,3
LF:9
LH:9
BRDA:5,0,0,1
BRDA:5,1,0,2
BRDA:5,2,0,2
BRDA:9,3,0,1
BRDA:9,3,1,3
BRDA:16,4,0,1
BRDA:16,4,1,2
BRDA:16,5,0,3
BRDA:16,5,1,1
BRF:9
BRH:9
end_of_record
TN:
SF:packages/gatsby-theme-newrelic/src/utils/constantize.js
FN:1,(anonymous_0)
FNF:1
FNH:1
FNDA:114,(anonymous_0)
DA:1,114
LF:1
LH:1
BRF:0
BRH:0
end_of_record
TN:
SF:packages/gatsby-theme-newrelic/src/utils/constants.js
FN:1,(anonymous_0)
FNF:1
FNH:1
FNDA:10,(anonymous_0)
DA:1,10
DA:3,5
DA:8,5
DA:10,5
DA:12,5
DA:14,5
DA:15,5
DA:16,5
DA:20,5
DA:24,5
DA:29,5
LF:11
LH:11
BRF:0
BRH:0
end_of_record
TN:
SF:packages/gatsby-theme-newrelic/src/utils/copyToClipboard.js
FN:1,(anonymous_0)
FNF:1
FNH:0
FNDA:0,(anonymous_0)
DA:1,1
DA:2,0
DA:4,0
DA:5,0
DA:6,0
DA:7,0
DA:8,0
LF:7
LH:1
BRF:0
BRH:0
end_of_record
TN:
SF:packages/gatsby-theme-newrelic/src/utils/createTessen.js
FN:18,(anonymous_0)
FN:20,(anonymous_1)
FN:42,(anonymous_2)
FN:46,(anonymous_3)
FN:47,(anonymous_4)
FN:109,(anonymous_5)
FNF:6
FNH:5
FNDA:8,(anonymous_0)
FNDA:0,(anonymous_1)
FNDA:6,(anonymous_2)
FNDA:122,(anonymous_3)
FNDA:6,(anonymous_4)
FNDA:61,(anonymous_5)
DA:18,8
DA:20,4
DA:21,0
DA:26,0
DA:31,0
DA:36,0
DA:42,4
DA:43,6
DA:46,4
DA:47,122
DA:48,6
DA:49,0
DA:52,6
DA:53,1
DA:59,5
DA:60,1
DA:66,4
DA:67,0
DA:73,4
DA:74,4
DA:79,4
DA:81,4
DA:84,4
DA:87,4
DA:109,61
LF:25
LH:19
BRDA:18,0,0,8
BRDA:18,0,1,8
BRDA:27,1,0,0
BRDA:27,1,1,0
BRDA:43,2,0,6
BRDA:43,2,1,6
BRDA:43,2,2,6
BRDA:43,2,3,6
BRDA:43,2,4,6
BRDA:48,3,0,0
BRDA:48,3,1,6
BRDA:52,4,0,1
BRDA:52,4,1,5
BRDA:59,5,0,1
BRDA:59,5,1,4
BRDA:66,6,0,0
BRDA:66,6,1,4
BRDA:79,7,0,4
BRDA:79,7,1,0
BRDA:81,8,0,4
BRDA:81,8,1,4
BRDA:91,9,0,4
BRDA:91,9,1,4
BRF:23
BRH:18
end_of_record
TN:
SF:packages/gatsby-theme-newrelic/src/utils/formatCode.js
FN:16,(anonymous_0)
FNF:1
FNH:1
FNDA:6,(anonymous_0)
DA:7,1
DA:16,1
DA:17,6
LF:3
LH:3
BRDA:16,0,0,0
BRDA:24,1,0,6
BRDA:24,1,1,0
BRF:3
BRH:1
end_of_record
TN:
SF:packages/gatsby-theme-newrelic/src/utils/generateUUID.js
FN:1,(anonymous_0)
FN:2,(anonymous_1)
FNF:2
FNH:2
FNDA:2,(anonymous_0)
FNDA:62,(anonymous_1)
DA:1,2
DA:2,2
DA:3,62
DA:4,62
DA:6,62
LF:5
LH:5
BRDA:4,0,0,60
BRDA:4,0,1,2
BRF:2
BRH:2
end_of_record
TN:
SF:packages/gatsby-theme-newrelic/src/utils/isLocalStorageAvailable.js
FN:1,(anonymous_0)
FNF:1
FNH:0
FNDA:0,(anonymous_0)
DA:1,1
DA:2,0
DA:3,0
DA:9,0
LF:4
LH:1
BRDA:4,0,0,0
BRDA:4,0,1,0
BRDA:4,0,2,0
BRF:3
BRH:0
end_of_record
TN:
SF:packages/gatsby-theme-newrelic/src/utils/isValidEmail.js
FN:1,(anonymous_0)
FN:5,(anonymous_1)
FN:10,(anonymous_2)
FNF:3
FNH:0
FNDA:0,(anonymous_0)
FNDA:0,(anonymous_1)
FNDA:0,(anonymous_2)
DA:1,1
DA:5,1
DA:6,0
DA:10,1
DA:12,1
LF:5
LH:4
BRDA:1,0,0,0
BRDA:1,0,1,0
BRDA:10,1,0,0
BRDA:10,1,1,0
BRF:4
BRH:0
end_of_record
TN:
SF:packages/gatsby-theme-newrelic/src/utils/localization.js
FN:3,(anonymous_0)
FN:15,(anonymous_1)
FNF:2
FNH:1
FNDA:9,(anonymous_0)
FNDA:0,(anonymous_1)
DA:3,3
DA:4,9
DA:5,7
DA:8,2
DA:10,2
DA:15,3
DA:16,0
DA:17,0
DA:20,0
DA:22,0
DA:24,0
LF:11
LH:6
BRDA:4,0,0,7
BRDA:4,0,1,2
BRDA:10,1,0,0
BRDA:10,1,1,2
BRDA:16,2,0,0
BRDA:16,2,1,0
BRF:6
BRH:3
end_of_record
TN:
SF:packages/gatsby-theme-newrelic/src/utils/location.js
FN:1,(anonymous_0)
FN:3,(anonymous_1)
FN:6,(anonymous_2)
FNF:3
FNH:1
FNDA:0,(anonymous_0)
FNDA:2,(anonymous_1)
FNDA:0,(anonymous_2)
DA:1,3
DA:3,3
DA:4,2
DA:6,3
DA:8,0
DA:9,0
DA:11,0
DA:12,0
DA:15,0
LF:9
LH:4
BRDA:4,0,0,2
BRDA:4,0,1,0
BRDA:11,1,0,0
BRDA:11,1,1,0
BRDA:11,2,0,0
BRDA:11,2,1,0
BRF:6
BRH:1
end_of_record
TN:
SF:packages/gatsby-theme-newrelic/src/utils/mdx.js
FN:1,(anonymous_0)
FN:8,(anonymous_1)
FNF:2
FNH:0
FNDA:0,(anonymous_0)
FNDA:0,(anonymous_1)
DA:1,1
DA:2,0
DA:3,0
DA:7,0
DA:8,0
DA:11,0
DA:13,0
LF:7
LH:1
BRDA:1,0,0,0
BRDA:2,1,0,0
BRDA:2,1,1,0
BRDA:3,2,0,0
BRDA:3,2,1,0
BRDA:4,3,0,0
BRDA:4,3,1,0
BRF:7
BRH:0
end_of_record
TN:
SF:packages/gatsby-theme-newrelic/src/utils/scrollHeight.js
FN:2,(anonymous_0)
FNF:1
FNH:0
FNDA:0,(anonymous_0)
DA:2,1
DA:3,0
LF:2
LH:1
BRF:0
BRH:0
end_of_record
TN:
SF:packages/gatsby-theme-newrelic/src/utils/titleCase.js
FN:1,(anonymous_0)
FNF:1
FNH:0
FNDA:0,(anonymous_0)
DA:1,1
DA:2,0
DA:3,0
DA:4,0
DA:5,0
LF:5
LH:1
BRF:0
BRH:0
end_of_record
TN:
SF:packages/gatsby-theme-newrelic/src/utils/transformKeys.js
FN:1,(anonymous_0)
FN:3,(anonymous_1)
FNF:2
FNH:2
FNDA:5,(anonymous_0)
FNDA:114,(anonymous_1)
DA:1,4
DA:2,5
DA:3,114
LF:3
LH:3
BRF:0
BRH:0
end_of_record
TN:
SF:packages/gatsby-theme-newrelic/src/utils/config/i18n.js
FN:29,(anonymous_0)
FN:31,(anonymous_1)
FN:38,(anonymous_2)
FNF:3
FNH:2
FNDA:0,(anonymous_0)
FNDA:16,(anonymous_1)
FNDA:16,(anonymous_2)
DA:1,2
DA:2,2
DA:3,2
DA:5,2
DA:29,2
DA:31,2
DA:32,16
DA:33,16
DA:35,16
DA:36,16
DA:38,16
DA:41,16
DA:66,2
LF:13
LH:13
BRDA:32,0,0,16
BRDA:33,1,0,16
BRDA:33,2,0,16
BRDA:53,3,0,0
BRDA:53,3,1,16
BRF:5
BRH:4
end_of_record
TN:
SF:packages/gatsby-theme-newrelic/src/utils/config/index.js
FNF:0
FNH:0
DA:1,2
LF:1
LH:1
BRF:0
BRH:0
end_of_record
TN:
SF:packages/gatsby-theme-newrelic/src/utils/config/resolvedEnv.js
FN:3,(anonymous_0)
FN:9,(anonymous_1)
FNF:2
FNH:0
FNDA:0,(anonymous_0)
FNDA:0,(anonymous_1)
DA:1,2
DA:3,2
DA:4,0
DA:9,2
DA:10,0
DA:12,0
LF:6
LH:3
BRDA:4,0,0,0
BRDA:4,0,1,0
BRDA:4,0,2,0
BRDA:4,0,3,0
BRDA:10,1,0,0
BRF:5
BRH:0
end_of_record
TN:
SF:packages/gatsby-theme-newrelic/src/utils/config/tessen.js
FNF:0
FNH:0
DA:1,2
DA:3,2
LF:2
LH:2
BRF:0
BRH:0
end_of_record
